                               S A P 2 0 0 0 (R)                                

                          Structural Analysis Programs                          

                             Nonlinear Version 7.42                             

                            Copyright (C) 1978-2001                             
                         COMPUTERS AND STRUCTURES, INC.                         
                              All rights reserved                               

                This copy of SAP2000 is for the exclusive use of                

                                  THE LICENSEE                                  

           Unauthorized use is in violation of Federal copyright laws           

               It is the responsibility of the user to verify all               
                        results produced by this program                        

                             16 Nov 2020  21:42:05                              
 Program SAP2000 Nonlinear Version 7.42                            File:BOTT.OUT
                                                                            Page
  SYSTEM                                                                       1

 D I S P L A C E M E N T   D E G R E E S   O F   F R E E D O M

         (A) = Active DOF, equilibrium equation
         (-) = Restrained DOF, reaction computed
         (+) = Constrained DOF
         (>) = External substructure DOF
         ( ) = Null DOF

  JOINTS              UX  UY  UZ  RX  RY  RZ
     101 TO     334    A   A   A   A   A   A
     S22               -   A   -   A   A   A
     S23               A   A   -   A   A   A
   S11-1               A   -   -   A   A   A
   S11-2               A   A   -   A   A   A
   S12-1               -   -   -   A   A   A
   S12-2               -   A   -   A   A   A
   S13-1               A   -   -   A   A   A
   S13-2 TO   S21-2    A   A   -   A   A   A
 Program SAP2000 Nonlinear Version 7.42                            File:BOTT.OUT
                                                                            Page
  SYSTEM                                                                       2


 T O T A L   A S S E M B L E D   J O I N T   M A S S E S

 IN GLOBAL COORDINATES

                  UX          UY          UZ          RX          RY          RZ
   TOTAL     .000000     .000000     .000000     .000000     .000000     .000000


 T O T A L   A C C E L E R A T E D   M A S S   A N D   L O C A T I O N

 TOTAL MASS ACTIVATED BY ACCELERATION LOADS, IN GLOBAL COORDINATES

                  UX          UY          UZ
    MASS     .000000     .000000     .000000
   X-LOC     .000000     .000000     .000000
   Y-LOC     .000000     .000000     .000000
   Z-LOC     .000000     .000000     .000000
 Program SAP2000 Nonlinear Version 7.42                            File:BOTT.OUT
                                                                            Page
  SYSTEM                                                                       3

 J O I N T   D I S P L A C E M E N T S

 TRANSLATIONS AND ROTATIONS, IN GLOBAL COORDINATES

 LOAD     DC2 ------------------    

   JOINT          UX          UY          UZ          RX          RY          RZ
     101   -1.47E-05   -3.28E-10   -3.15E-10    2.22E-10    1.83E-05   -2.78E-08
     102   -1.47E-05   -7.39E-08   -4.85E-05    7.79E-09    1.82E-05   -2.77E-08
     103   -1.47E-05   -8.84E-08   -5.80E-05    9.26E-09    1.82E-05   -2.77E-08
     104   -1.47E-05   -1.76E-07   -0.000115    1.82E-08    1.78E-05   -2.76E-08
     105   -1.47E-05   -3.13E-07   -0.000202    3.16E-08    1.68E-05   -2.72E-08
     106   -1.47E-05   -4.48E-07   -0.000283    4.48E-08    1.56E-05   -2.67E-08
     107   -1.47E-05   -5.80E-07   -0.000357    5.96E-08    1.39E-05   -2.59E-08
     108   -1.47E-05   -7.07E-07   -0.000422    7.42E-08    1.22E-05   -2.49E-08
     109   -1.47E-05   -8.29E-07   -0.000478    9.79E-08    1.01E-05   -2.38E-08
     110   -1.47E-05   -9.44E-07   -0.000522    1.22E-07    7.57E-06   -2.24E-08
     111   -1.47E-05   -9.99E-07   -0.000539    1.42E-07    6.18E-06   -2.17E-08
     112   -1.47E-05   -1.05E-06   -0.000553    1.63E-07    4.71E-06   -2.09E-08
     113   -1.47E-05   -1.15E-06   -0.000569    2.29E-07    1.49E-06   -1.91E-08
     114   -1.47E-05   -1.24E-06   -0.000565    2.96E-07   -2.88E-06   -1.69E-08
     115   -1.47E-05   -1.32E-06   -0.000538    4.00E-07   -8.09E-06   -1.43E-08
     116   -1.47E-05   -1.38E-06   -0.000484    5.04E-07   -1.38E-05   -1.14E-08
     117   -1.47E-05   -1.42E-06   -0.000425    5.86E-07   -1.96E-05   -8.73E-09
     118   -1.47E-05   -1.43E-06   -0.000394    6.22E-07   -2.22E-05   -7.54E-09
     119   -1.47E-05   -1.46E-06   -0.000265    7.38E-07   -2.95E-05   -3.70E-09
     120   -1.47E-05   -1.47E-06   -0.000110    8.93E-07   -2.97E-05   -7.99E-10
     121   -1.47E-05   -1.47E-06   -2.15E-05    9.12E-07   -1.85E-05    4.48E-10
     122   -1.47E-05   -1.47E-06   -2.81E-07    9.19E-07   -9.17E-06    8.60E-10
     123   -1.47E-05   -1.47E-06    5.99E-06    9.10E-07    2.03E-07    3.44E-09
     124   -1.47E-05   -1.45E-06   -1.69E-05    8.88E-07    1.07E-05    8.80E-09
     125   -1.47E-05   -1.38E-06   -7.85E-05    7.11E-07    1.18E-05    1.57E-08
     126   -1.47E-05   -1.29E-06   -0.000129    5.92E-07    8.32E-06    2.15E-08
     127   -1.47E-05   -1.26E-06   -0.000140    5.55E-07    6.92E-06    2.34E-08
     128   -1.47E-05   -1.17E-06   -0.000159    4.68E-07    3.88E-06    2.77E-08
     129   -1.47E-05   -1.01E-06   -0.000168    3.72E-07   -2.38E-07    3.34E-08
     130   -1.47E-05   -8.36E-07   -0.000158    2.75E-07   -3.59E-06    3.79E-08
     131   -1.47E-05   -6.36E-07   -0.000132    1.98E-07   -6.66E-06    4.16E-08
     132   -1.47E-05   -4.22E-07   -9.27E-05    1.21E-07   -8.82E-06    4.41E-08
     133   -1.47E-05   -2.11E-07   -4.82E-05    5.93E-08   -1.00E-05    4.55E-08
     134   -1.47E-05    3.55E-09   -6.20E-10   -2.54E-09   -1.04E-05    4.59E-08
     201   -1.47E-05   -7.88E-10   -3.01E-10    3.27E-08    1.83E-05   -2.76E-08
     202   -1.47E-05   -7.41E-08   -4.84E-05    2.26E-08    1.82E-05   -2.77E-08
     203   -1.47E-05   -8.86E-08   -5.80E-05    2.07E-08    1.82E-05   -2.77E-08
     204   -1.47E-05   -1.76E-07   -0.000115    8.91E-09    1.78E-05   -2.75E-08
     205   -1.47E-05   -3.13E-07   -0.000202    1.38E-08    1.67E-05   -2.72E-08
     206   -1.47E-05   -4.48E-07   -0.000283    1.86E-08    1.55E-05   -2.66E-08
     207   -1.47E-05   -5.80E-07   -0.000357    2.65E-08    1.39E-05   -2.59E-08
     208   -1.47E-05   -7.07E-07   -0.000422    3.43E-08    1.22E-05   -2.49E-08
     209   -1.47E-05   -8.29E-07   -0.000478    3.15E-08    1.00E-05   -2.38E-08
     210   -1.47E-05   -9.44E-07   -0.000522    2.86E-08    7.55E-06   -2.24E-08
     211   -1.47E-05   -9.99E-07   -0.000539    2.32E-08    6.17E-06   -2.17E-08
     212   -1.47E-05   -1.05E-06   -0.000553    1.79E-08    4.69E-06   -2.08E-08
     213   -1.47E-05   -1.15E-06   -0.000568   -3.82E-08    1.47E-06   -1.91E-08
     214   -1.47E-05   -1.24E-06   -0.000565   -9.47E-08   -2.91E-06   -1.69E-08
 Program SAP2000 Nonlinear Version 7.42                            File:BOTT.OUT
                                                                            Page
  SYSTEM                                                                       4

 J O I N T   D I S P L A C E M E N T S

 TRANSLATIONS AND ROTATIONS, IN GLOBAL COORDINATES

   JOINT          UX          UY          UZ          RX          RY          RZ
     215   -1.47E-05   -1.32E-06   -0.000537   -2.93E-07   -8.12E-06   -1.43E-08
     216   -1.47E-05   -1.38E-06   -0.000483   -4.92E-07   -1.38E-05   -1.14E-08
     217   -1.47E-05   -1.42E-06   -0.000424   -6.62E-07   -1.96E-05   -8.90E-09
     218   -1.47E-05   -1.43E-06   -0.000393   -7.35E-07   -2.22E-05   -7.80E-09
     219   -1.47E-05   -1.46E-06   -0.000264   -9.75E-07   -2.94E-05   -4.37E-09
     220   -1.47E-05   -1.48E-06   -0.000110   -1.19E-07   -2.97E-05   -7.11E-10
     221   -1.47E-05   -1.47E-06   -2.15E-05   -1.60E-08   -1.85E-05    2.18E-09
     222   -1.47E-05   -1.47E-06   -2.86E-07    2.61E-08   -9.17E-06    3.59E-09
     223   -1.47E-05   -1.46E-06    6.00E-06   -1.43E-08    1.83E-07    5.08E-09
     224   -1.47E-05   -1.44E-06   -1.68E-05   -1.09E-07    1.06E-05    8.68E-09
     225   -1.47E-05   -1.38E-06   -7.79E-05   -8.66E-07    1.18E-05    1.48E-08
     226   -1.47E-05   -1.29E-06   -0.000128   -6.46E-07    8.29E-06    2.12E-08
     227   -1.47E-05   -1.26E-06   -0.000139   -5.77E-07    6.90E-06    2.33E-08
     228   -1.47E-05   -1.17E-06   -0.000158   -4.15E-07    3.88E-06    2.77E-08
     229   -1.47E-05   -1.01E-06   -0.000167   -2.81E-07   -2.18E-07    3.34E-08
     230   -1.47E-05   -8.36E-07   -0.000157   -1.46E-07   -3.56E-06    3.79E-08
     231   -1.47E-05   -6.36E-07   -0.000131   -9.18E-08   -6.63E-06    4.16E-08
     232   -1.47E-05   -4.22E-07   -9.23E-05   -3.76E-08   -8.79E-06    4.40E-08
     233   -1.47E-05   -2.12E-07   -4.80E-05    1.86E-09   -9.99E-06    4.54E-08
     234   -1.47E-05    2.11E-09   -7.33E-10    4.14E-08   -1.04E-05    4.57E-08
     301   -1.47E-05   -8.21E-10   -1.98E-07    8.07E-08    1.83E-05   -8.61E-09
     302   -1.47E-05   -6.58E-08   -4.85E-05    2.93E-08    1.82E-05   -3.47E-08
     303   -1.47E-05   -8.44E-08   -5.80E-05    1.91E-08    1.81E-05   -3.58E-08
     304   -1.47E-05   -1.76E-07   -0.000115   -4.25E-08    1.78E-05   -1.39E-08
     305   -1.47E-05   -3.17E-07   -0.000202   -2.00E-08    1.68E-05   -3.47E-08
     306   -1.47E-05   -4.48E-07   -0.000283    2.51E-09    1.55E-05   -1.03E-08
     307   -1.47E-05   -5.79E-07   -0.000357    2.81E-08    1.40E-05   -3.38E-08
     308   -1.47E-05   -7.07E-07   -0.000422    5.38E-08    1.22E-05   -9.50E-09
     309   -1.47E-05   -8.23E-07   -0.000478    4.33E-08    1.00E-05   -3.04E-08
     310   -1.47E-05   -9.44E-07   -0.000522    3.28E-08    7.56E-06   -1.15E-08
     311   -1.47E-05   -9.99E-07   -0.000539    6.02E-08    6.19E-06   -2.69E-08
     312   -1.47E-05   -1.05E-06   -0.000553    8.76E-08    4.72E-06   -1.06E-08
     313   -1.47E-05   -1.15E-06   -0.000568    7.72E-08    1.32E-06   -2.44E-08
     314   -1.47E-05   -1.24E-06   -0.000565    6.67E-08   -2.83E-06   -5.89E-09
     315   -1.47E-05   -1.32E-06   -0.000538   -4.11E-07   -8.16E-06   -1.89E-08
     316   -1.47E-05   -1.38E-06   -0.000480   -8.89E-07   -1.51E-05   -3.94E-09
     317   -1.47E-05   -1.41E-06   -0.000418   -1.97E-06   -2.04E-05   -1.01E-08
     318   -1.47E-05   -1.43E-06   -0.000386   -2.44E-06   -2.26E-05   -1.04E-08
     319   -1.47E-05   -1.46E-06   -0.000255   -3.98E-06   -2.96E-05   -1.46E-09
     320   -1.47E-05   -1.47E-06   -0.000104   -1.40E-06   -2.80E-05   -9.98E-10
     321   -1.47E-05   -1.47E-06   -2.29E-05    4.14E-07   -1.70E-05    5.34E-10
     322   -1.47E-05   -1.47E-06   -2.73E-06    1.19E-06   -9.72E-06    1.50E-09
     323   -1.47E-05   -1.46E-06    6.21E-06    4.64E-07   -2.43E-06    6.39E-09
     324   -1.47E-05   -1.43E-06   -7.91E-06   -1.23E-06    9.24E-06    1.18E-08
     325   -1.47E-05   -1.38E-06   -6.96E-05   -3.65E-06    1.29E-05    4.85E-09
     326   -1.47E-05   -1.28E-06   -0.000124   -2.13E-06    8.73E-06    2.87E-08
     327   -1.47E-05   -1.24E-06   -0.000136   -1.67E-06    7.41E-06    2.72E-08
     328   -1.47E-05   -1.17E-06   -0.000156   -6.09E-07    4.23E-06    8.33E-09
     329   -1.47E-05   -1.01E-06   -0.000166   -3.81E-07   -8.89E-08    4.50E-08
     330   -1.47E-05   -8.36E-07   -0.000157   -1.53E-07   -3.70E-06    1.11E-08
 Program SAP2000 Nonlinear Version 7.42                            File:BOTT.OUT
                                                                            Page
  SYSTEM                                                                       5

 J O I N T   D I S P L A C E M E N T S

 TRANSLATIONS AND ROTATIONS, IN GLOBAL COORDINATES

   JOINT          UX          UY          UZ          RX          RY          RZ
     331   -1.47E-05   -6.33E-07   -0.000131   -1.13E-07   -6.57E-06    5.56E-08
     332   -1.47E-05   -4.22E-07   -9.21E-05   -7.33E-08   -8.71E-06    1.48E-08
     333   -1.47E-05   -1.96E-07   -4.81E-05    2.09E-08   -9.94E-06    6.33E-08
     334   -1.47E-05    2.07E-09   -2.77E-07    1.15E-07   -1.04E-05    3.45E-09
     S22     .000000   -1.43E-06     .000000    2.61E-08   -9.17E-06    3.59E-09
     S23   -1.30E-07    6.00E-08     .000000    4.14E-08   -1.04E-05    4.57E-08
   S11-1   -4.03E-05     .000000     .000000    1.86E-10    1.83E-05   -2.78E-08
   S11-2   -4.03E-05   -3.36E-11     .000000    2.60E-10    1.83E-05   -2.78E-08
   S12-1     .000000     .000000     .000000    9.19E-07   -9.17E-06    8.60E-10
   S12-2     .000000   -1.09E-10     .000000    9.20E-07   -9.17E-06    8.38E-10
   S13-1   -7.63E-08     .000000     .000000   -2.55E-09   -1.04E-05    4.59E-08
   S13-2   -8.55E-08   -6.27E-12     .000000   -2.54E-09   -1.04E-05    4.59E-08
   S21-1   -4.03E-05    4.49E-08     .000000    3.27E-08    1.83E-05   -2.76E-08
   S21-2   -4.03E-05    4.49E-08     .000000    3.27E-08    1.83E-05   -2.76E-08
 Program SAP2000 Nonlinear Version 7.42                            File:BOTT.OUT
                                                                            Page
  SYSTEM                                                                       6

 A P P L I E D   L O A D S

 FORCES AND MOMENTS ACTING ON JOINTS, IN GLOBAL COORDINATES

 LOAD     DC2 ------------------    

   JOINT          FX          FY          FZ          MX          MY          MZ
     119     .000000   -5.46E-30  -38.318689     .000000   31.932241   -1.80E-29
     120     .000000    1.06E-29  -76.434100     .000000   -9.698251   -8.66E-30
     121     .000000   -6.96E-30  -56.916413     .000000  -17.533739    1.17E-29
     122     .000000   -1.81E-31  -37.602005     .000000   -6.22E-15   -1.61E-31
     123     .000000   -1.98E-30  -55.988196     .000000   16.992279   -9.56E-30
     124     .000000    8.12E-30  -74.611218     .000000    9.494158   -5.74E-30
     125     .000000   -4.08E-30  -37.424024     .000000  -31.186687    1.37E-29
     219     .000000   -5.46E-30  -38.318689     .000000   31.932241   -1.80E-29
     220     .000000    1.06E-29  -76.434100     .000000   -9.698251   -8.66E-30
     221     .000000   -6.96E-30  -56.916413     .000000  -17.533739    1.17E-29
     222     .000000   -1.81E-31  -37.602005     .000000   -6.22E-15   -1.61E-31
     223     .000000   -1.98E-30  -55.988196     .000000   16.992279   -9.56E-30
     224     .000000    8.12E-30  -74.611218     .000000    9.494158   -5.74E-30
     225     .000000   -4.08E-30  -37.424024     .000000  -31.186687    1.37E-29
 Program SAP2000 Nonlinear Version 7.42                            File:BOTT.OUT
                                                                            Page
  SYSTEM                                                                       7

 R E S T R A I N T   F O R C E S   ( R E A C T I O N S )

 FORCES AND MOMENTS ACTING ON JOINTS, IN GLOBAL COORDINATES

 LOAD     DC2 ------------------    

   JOINT          FX          FY          FZ          MX          MY          MZ
     S22    4.68E-05     .000000  374.963275     .000000     .000000     .000000
     S23     .000000     .000000    1.100211     .000000     .000000     .000000
   S11-1     .000000    0.000669    0.537937     .000000     .000000     .000000
   S11-2     .000000     .000000    0.370042     .000000     .000000     .000000
   S12-1   -0.193369   -0.002953  368.856161     .000000     .000000     .000000
   S12-2    0.193323     .000000    6.761177     .000000     .000000     .000000
   S13-1     .000000    0.002283    0.166665     .000000     .000000     .000000
   S13-2     .000000     .000000    0.930179     .000000     .000000     .000000
   S21-1     .000000     .000000    0.451821     .000000     .000000     .000000
   S21-2     .000000     .000000    0.451821     .000000     .000000     .000000
 Program SAP2000 Nonlinear Version 7.42                            File:BOTT.OUT
                                                                            Page
  SYSTEM                                                                       8

 G L O B A L   F O R C E   B A L A N C E

 TOTAL FORCE AND MOMENT AT THE ORIGIN, IN GLOBAL COORDINATES

 LOAD     DC2 ------------------    

                  FX          FY          FZ          MX          MY          MZ
 APPLIED     .000000    5.78E-32 -754.589288   -2301.497   61346.932   -1.10E-29
 REACTNS   -3.22E-11    6.58E-14  754.589288    2301.497  -61346.932    2.16E-10

   TOTAL   -3.22E-11    6.58E-14    6.25E-12    1.93E-10   -1.86E-09    2.16E-10
 Program SAP2000 Nonlinear Version 7.42                            File:BOTT.OUT
                                                                            Page
  SYSTEM                                                                       9

 F R A M E   E L E M E N T   I N T E R N A L   F O R C E S

 ELEM     S22 ================== LENGTH =    1.600000

 LOAD     DC2 ------------------    

 REL DIST          P          V2          V3           T          M2          M3
 0.00000 -374.963275    4.68E-05     .000000     .000000     .000000    7.48E-05
 1.00000 -374.963275    4.68E-05     .000000     .000000     .000000    5.09E-12

 ELEM     S23 ================== LENGTH =    1.400000

 LOAD     DC2 ------------------    

 REL DIST          P          V2          V3           T          M2          M3
 0.00000   -1.100211   -1.46E-11     .000000    3.55E-15   -5.68E-14   -1.09E-11
 1.00000   -1.100211   -1.46E-11     .000000    3.55E-15   -5.68E-14    9.46E-12

 ELEM    C401 ================== LENGTH =    6.100000

 LOAD     DC2 ------------------    

 REL DIST          P          V2          V3           T          M2          M3
 0.00000   -0.000380   -0.007052   -9.46E-05   -2.41E-07   -0.000289   -0.014434
 1.00000   -0.000380   -0.007052   -9.46E-05   -2.41E-07    0.000288    0.028581

 ELEM    C404 ================== LENGTH =    6.100000

 LOAD     DC2 ------------------    

 REL DIST          P          V2          V3           T          M2          M3
 0.00000    1.37E-07    0.000405   -9.40E-05   -1.22E-07   -0.000287    0.000382
 1.00000    1.37E-07    0.000405   -9.40E-05   -1.22E-07    0.000287   -0.002087

 ELEM    C406 ================== LENGTH =    6.100000

 LOAD     DC2 ------------------    

 REL DIST          P          V2          V3           T          M2          M3
 0.00000    2.12E-05    0.000407   -9.07E-05   -8.35E-08   -0.000277   -0.001173
 1.00000    2.12E-05    0.000407   -9.07E-05   -8.35E-08    0.000277   -0.003658

 ELEM    C408 ================== LENGTH =    6.100000

 LOAD     DC2 ------------------    

 REL DIST          P          V2          V3           T          M2          M3
 0.00000   -5.35E-06   -0.000977   -8.46E-05   -8.54E-08   -0.000258   -0.006662
 1.00000   -5.35E-06   -0.000977   -8.46E-05   -8.54E-08    0.000258   -0.000704
 Program SAP2000 Nonlinear Version 7.42                            File:BOTT.OUT
                                                                            Page
  SYSTEM                                                                      10

 F R A M E   E L E M E N T   I N T E R N A L   F O R C E S

 ELEM    C410 ================== LENGTH =    6.100000

 LOAD     DC2 ------------------    

 REL DIST          P          V2          V3           T          M2          M3
 0.00000   -1.64E-05   -0.001385   -7.56E-05   -1.22E-07   -0.000231   -0.012795
 1.00000   -1.64E-05   -0.001385   -7.56E-05   -1.22E-07    0.000231   -0.004348

 ELEM    C412 ================== LENGTH =    6.100000

 LOAD     DC2 ------------------    

 REL DIST          P          V2          V3           T          M2          M3
 0.00000    1.42E-05   -0.001824   -7.00E-05   -1.56E-07   -0.000214   -0.018907
 1.00000    1.42E-05   -0.001824   -7.00E-05   -1.56E-07    0.000213   -0.007778

 ELEM    C414 ================== LENGTH =    6.100000

 LOAD     DC2 ------------------    

 REL DIST          P          V2          V3           T          M2          M3
 0.00000    4.64E-05    0.002933   -5.58E-05   -2.47E-07   -0.000170   -0.027075
 1.00000    4.64E-05    0.002933   -5.58E-05   -2.47E-07    0.000170   -0.044970

 ELEM    C416 ================== LENGTH =    6.100000

 LOAD     DC2 ------------------    

 REL DIST          P          V2          V3           T          M2          M3
 0.00000    9.00E-05    0.027357   -3.60E-05   -1.05E-07   -0.000110   -0.008353
 1.00000    9.00E-05    0.027357   -3.60E-05   -1.05E-07    0.000110   -0.175230

 ELEM    C419 ================== LENGTH =    6.100000

 LOAD     DC2 ------------------    

 REL DIST          P          V2          V3           T          M2          M3
 0.00000   -0.001624    0.040784   -9.65E-06    7.31E-07   -2.82E-05   -0.033444
 1.00000   -0.001624    0.040784   -9.65E-06    7.31E-07    3.07E-05   -0.282226

 ELEM    C422 ================== LENGTH =    6.100000

 LOAD     DC2 ------------------    

 REL DIST          P          V2          V3           T          M2          M3
 0.00000    0.001286   -0.438870    1.31E-05    1.87E-07    3.48E-05   -1.759437
 1.00000    0.001286   -0.438870    1.31E-05    1.87E-07   -4.51E-05    0.917671
 Program SAP2000 Nonlinear Version 7.42                            File:BOTT.OUT
                                                                            Page
  SYSTEM                                                                      11

 F R A M E   E L E M E N T   I N T E R N A L   F O R C E S

 ELEM    C425 ================== LENGTH =    6.100000

 LOAD     DC2 ------------------    

 REL DIST          P          V2          V3           T          M2          M3
 0.00000    0.001909    0.029326    6.03E-05   -6.09E-07    0.000185   -0.055841
 1.00000    0.001909    0.029326    6.03E-05   -6.09E-07   -0.000182   -0.234732

 ELEM    C428 ================== LENGTH =    6.100000

 LOAD     DC2 ------------------    

 REL DIST          P          V2          V3           T          M2          M3
 0.00000   -0.000129    0.019899    0.000106    4.83E-09    0.000322   -0.020764
 1.00000   -0.000129    0.019899    0.000106    4.83E-09   -0.000322   -0.142148

 ELEM    C430 ================== LENGTH =    6.100000

 LOAD     DC2 ------------------    

 REL DIST          P          V2          V3           T          M2          M3
 0.00000   -3.16E-06    0.007555    0.000143    2.56E-07    0.000435   -0.015767
 1.00000   -3.16E-06    0.007555    0.000143    2.56E-07   -0.000435   -0.061851

 ELEM    C432 ================== LENGTH =    6.100000

 LOAD     DC2 ------------------    

 REL DIST          P          V2          V3           T          M2          M3
 0.00000   -1.45E-05    0.002255    0.000165    3.05E-07    0.000503   -0.007747
 1.00000   -1.45E-05    0.002255    0.000165    3.05E-07   -0.000502   -0.021502

 ELEM    C434 ================== LENGTH =    6.100000

 LOAD     DC2 ------------------    

 REL DIST          P          V2          V3           T          M2          M3
 0.00000   -0.001195   -0.008331    0.000171    5.41E-07    0.000523   -0.015838
 1.00000   -0.001195   -0.008331    0.000171    5.41E-07   -0.000522    0.034979

 ELEM    C501 ================== LENGTH =    3.050000

 LOAD     DC2 ------------------    

 REL DIST          P          V2          V3           T          M2          M3
 0.00000    5.54E-05   -0.013746   -0.000168    1.72E-06   -0.000327   -0.041925
 1.00000    5.54E-05   -0.013746   -0.000168    1.72E-06    0.000185    1.05E-06
 Program SAP2000 Nonlinear Version 7.42                            File:BOTT.OUT
                                                                            Page
  SYSTEM                                                                      12

 F R A M E   E L E M E N T   I N T E R N A L   F O R C E S

 ELEM    C504 ================== LENGTH =    3.050000

 LOAD     DC2 ------------------    

 REL DIST          P          V2          V3           T          M2          M3
 0.00000   -3.48E-05    0.006214   -0.000207    7.72E-07   -0.000367    0.018952
 1.00000   -3.48E-05    0.006214   -0.000207    7.72E-07    0.000265   -1.30E-06

 ELEM    C506 ================== LENGTH =    3.050000

 LOAD     DC2 ------------------    

 REL DIST          P          V2          V3           T          M2          M3
 0.00000    1.17E-06    0.001943   -0.000181    9.47E-08   -0.000336    0.005926
 1.00000    1.17E-06    0.001943   -0.000181    9.47E-08    0.000215   -3.38E-08

 ELEM    C508 ================== LENGTH =    3.050000

 LOAD     DC2 ------------------    

 REL DIST          P          V2          V3           T          M2          M3
 0.00000   -3.67E-06   -0.002353   -0.000170    1.61E-07   -0.000317   -0.007178
 1.00000   -3.67E-06   -0.002353   -0.000170    1.61E-07    0.000202    3.92E-07

 ELEM    C510 ================== LENGTH =    3.050000

 LOAD     DC2 ------------------    

 REL DIST          P          V2          V3           T          M2          M3
 0.00000    3.97E-05   -0.000501   -0.000177   -1.65E-07   -0.000311   -0.001530
 1.00000    3.97E-05   -0.000501   -0.000177   -1.65E-07    0.000230   -7.10E-07

 ELEM    C512 ================== LENGTH =    3.050000

 LOAD     DC2 ------------------    

 REL DIST          P          V2          V3           T          M2          M3
 0.00000   -4.30E-05   -0.008433   -0.000166   -5.30E-07   -0.000291   -0.025719
 1.00000   -4.30E-05   -0.008433   -0.000166   -5.30E-07    0.000215    7.10E-07

 ELEM    C514 ================== LENGTH =    3.050000

 LOAD     DC2 ------------------    

 REL DIST          P          V2          V3           T          M2          M3
 0.00000   -2.01E-06   -0.019507   -0.000119   -1.49E-06   -0.000222   -0.059491
 1.00000   -2.01E-06   -0.019507   -0.000119   -1.49E-06    0.000140    5.08E-06
 Program SAP2000 Nonlinear Version 7.42                            File:BOTT.OUT
                                                                            Page
  SYSTEM                                                                      13

 F R A M E   E L E M E N T   I N T E R N A L   F O R C E S

 ELEM    C516 ================== LENGTH =    3.050000

 LOAD     DC2 ------------------    

 REL DIST          P          V2          V3           T          M2          M3
 0.00000   -5.65E-06    0.047985   -8.24E-05    2.35E-05   -0.000153    0.146367
 1.00000   -5.65E-06    0.047985   -8.24E-05    2.35E-05    9.80E-05    1.16E-05

 ELEM    C519 ================== LENGTH =    3.050000

 LOAD     DC2 ------------------    

 REL DIST          P          V2          V3           T          M2          M3
 0.00000   -6.11E-06    0.363359   -3.28E-05    3.54E-06   -6.09E-05    1.108200
 1.00000   -6.11E-06    0.363359   -3.28E-05    3.54E-06    3.92E-05   -4.49E-05

 ELEM    C522 ================== LENGTH =    3.050000

 LOAD     DC2 ------------------    

 REL DIST          P          V2          V3           T          M2          M3
 0.00000   -8.75E-06   -0.719235    2.81E-05    4.07E-05    5.07E-05   -2.193611
 1.00000   -8.75E-06   -0.719235    2.81E-05    4.07E-05   -3.50E-05    5.44E-05

 ELEM    C525 ================== LENGTH =    3.050000

 LOAD     DC2 ------------------    

 REL DIST          P          V2          V3           T          M2          M3
 0.00000   -1.22E-05    0.336774    0.000116   -2.03E-05    0.000214    1.027119
 1.00000   -1.22E-05    0.336774    0.000116   -2.03E-05   -0.000140   -4.28E-05

 ELEM    C528 ================== LENGTH =    3.050000

 LOAD     DC2 ------------------    

 REL DIST          P          V2          V3           T          M2          M3
 0.00000   -1.19E-05    0.023422    0.000218   -6.13E-06    0.000404    0.071450
 1.00000   -1.19E-05    0.023422    0.000218   -6.13E-06   -0.000260    1.41E-05

 ELEM    C530 ================== LENGTH =    3.050000

 LOAD     DC2 ------------------    

 REL DIST          P          V2          V3           T          M2          M3
 0.00000   -6.75E-06    0.000870    0.000298    2.47E-06    0.000554    0.002656
 1.00000   -6.75E-06    0.000870    0.000298    2.47E-06   -0.000355    2.05E-06
 Program SAP2000 Nonlinear Version 7.42                            File:BOTT.OUT
                                                                            Page
  SYSTEM                                                                      14

 F R A M E   E L E M E N T   I N T E R N A L   F O R C E S

 ELEM    C532 ================== LENGTH =    3.050000

 LOAD     DC2 ------------------    

 REL DIST          P          V2          V3           T          M2          M3
 0.00000   -1.73E-05    0.004309    0.000359   -1.48E-06    0.000656    0.013143
 1.00000   -1.73E-05    0.004309    0.000359   -1.48E-06   -0.000439   -6.59E-07

 ELEM    C534 ================== LENGTH =    3.050000

 LOAD     DC2 ------------------    

 REL DIST          P          V2          V3           T          M2          M3
 0.00000    5.60E-05   -0.021102    0.000285   -9.86E-07    0.000592   -0.064360
 1.00000    5.60E-05   -0.021102    0.000285   -9.86E-07   -0.000276    1.09E-06

 ELEM    G101 ================== LENGTH =    2.650000

 LOAD     DC2 ------------------    

 REL DIST          P          V2          V3           T          M2          M3
 0.00000    9.46E-05   -0.900928    0.000290    0.010072    0.000289   -2.41E-07
 1.00000    9.46E-05   -0.900928    0.000290    0.010072   -0.000478    2.387458

 ELEM    G102 ================== LENGTH =    0.525000

 LOAD     DC2 ------------------    

 REL DIST          P          V2          V3           T          M2          M3
 0.00000    9.46E-05   -0.900928    0.000290    0.010072   -0.000478    2.387458
 1.00000    9.46E-05   -0.900928    0.000290    0.010072   -0.000630    2.860445

 ELEM    G103 ================== LENGTH =    3.175000

 LOAD     DC2 ------------------    

 REL DIST          P          V2          V3           T          M2          M3
 0.00000    9.46E-05   -0.900928    0.000290    0.010072   -0.000630    2.860445
 1.00000    9.46E-05   -0.900928    0.000290    0.010072   -0.001550    5.720890

 ELEM    G104 ================== LENGTH =    5.000000

 LOAD     DC2 ------------------    

 REL DIST          P          V2          V3           T          M2          M3
 0.00000    0.000189   -0.901332    0.000290    0.009690   -0.001263    5.720889
 1.00000    0.000189   -0.901332    0.000290    0.009690   -0.002711   10.227551
 Program SAP2000 Nonlinear Version 7.42                            File:BOTT.OUT
                                                                            Page
  SYSTEM                                                                      15

 F R A M E   E L E M E N T   I N T E R N A L   F O R C E S

 ELEM    G105 ================== LENGTH =    5.000000

 LOAD     DC2 ------------------    

 REL DIST          P          V2          V3           T          M2          M3
 0.00000    0.000189   -0.901332    0.000290    0.009690   -0.002711   10.227551
 1.00000    0.000189   -0.901332    0.000290    0.009690   -0.004159   14.734212

 ELEM    G106 ================== LENGTH =    5.000000

 LOAD     DC2 ------------------    

 REL DIST          P          V2          V3           T          M2          M3
 0.00000    0.000279   -0.901740    0.000311    0.010863   -0.003883   14.734212
 1.00000    0.000279   -0.901740    0.000311    0.010863   -0.005437   19.242910

 ELEM    G107 ================== LENGTH =    5.000000

 LOAD     DC2 ------------------    

 REL DIST          P          V2          V3           T          M2          M3
 0.00000    0.000279   -0.901740    0.000311    0.010863   -0.005437   19.242910
 1.00000    0.000279   -0.901740    0.000311    0.010863   -0.006991   23.751609

 ELEM    G108 ================== LENGTH =    5.000000

 LOAD     DC2 ------------------    

 REL DIST          P          V2          V3           T          M2          M3
 0.00000    0.000364   -0.900763    0.000306    0.017525   -0.006733   23.751609
 1.00000    0.000364   -0.900763    0.000306    0.017525   -0.008261   28.255423

 ELEM    G109 ================== LENGTH =    5.000000

 LOAD     DC2 ------------------    

 REL DIST          P          V2          V3           T          M2          M3
 0.00000    0.000364   -0.900763    0.000306    0.017525   -0.008261   28.255423
 1.00000    0.000364   -0.900763    0.000306    0.017525   -0.009789   32.759238

 ELEM    G110 ================== LENGTH =    2.500000

 LOAD     DC2 ------------------    

 REL DIST          P          V2          V3           T          M2          M3
 0.00000    0.000440   -0.899378    0.000289    0.030319   -0.009558   32.759238
 1.00000    0.000440   -0.899378    0.000289    0.030319   -0.010281   35.007683
 Program SAP2000 Nonlinear Version 7.42                            File:BOTT.OUT
                                                                            Page
  SYSTEM                                                                      16

 F R A M E   E L E M E N T   I N T E R N A L   F O R C E S

 ELEM    G111 ================== LENGTH =    2.500000

 LOAD     DC2 ------------------    

 REL DIST          P          V2          V3           T          M2          M3
 0.00000    0.000440   -0.899378    0.000289    0.030319   -0.010281   35.007683
 1.00000    0.000440   -0.899378    0.000289    0.030319   -0.011004   37.256129

 ELEM    G112 ================== LENGTH =    5.000000

 LOAD     DC2 ------------------    

 REL DIST          P          V2          V3           T          M2          M3
 0.00000    0.000510   -0.897554    0.000303    0.049226   -0.010790   37.256129
 1.00000    0.000510   -0.897554    0.000303    0.049226   -0.012307   41.743898

 ELEM    G113 ================== LENGTH =    5.000000

 LOAD     DC2 ------------------    

 REL DIST          P          V2          V3           T          M2          M3
 0.00000    0.000510   -0.897554    0.000303    0.049226   -0.012307   41.743898
 1.00000    0.000510   -0.897554    0.000303    0.049226   -0.013824   46.231667

 ELEM    G114 ================== LENGTH =    5.000000

 LOAD     DC2 ------------------    

 REL DIST          P          V2          V3           T          M2          M3
 0.00000    0.000565   -0.900487    0.000350    0.076301   -0.013654   46.231666
 1.00000    0.000565   -0.900487    0.000350    0.076301   -0.015403   50.734103

 ELEM    G115 ================== LENGTH =    5.000000

 LOAD     DC2 ------------------    

 REL DIST          P          V2          V3           T          M2          M3
 0.00000    0.000565   -0.900487    0.000350    0.076301   -0.015403   50.734103
 1.00000    0.000565   -0.900487    0.000350    0.076301   -0.017152   55.236539

 ELEM    G116 ================== LENGTH =    3.500000

 LOAD     DC2 ------------------    

 REL DIST          P          V2          V3           T          M2          M3
 0.00000    0.000601   -0.927844    0.000440    0.084654   -0.017042   55.236539
 1.00000    0.000601   -0.927844    0.000440    0.084654   -0.018581   58.483993
 Program SAP2000 Nonlinear Version 7.42                            File:BOTT.OUT
                                                                            Page
  SYSTEM                                                                      17

 F R A M E   E L E M E N T   I N T E R N A L   F O R C E S

 ELEM    G117 ================== LENGTH =    1.500000

 LOAD     DC2 ------------------    

 REL DIST          P          V2          V3           T          M2          M3
 0.00000    0.000601   -0.927844    0.000440    0.084654   -0.018581   58.483993
 1.00000    0.000601   -0.927844    0.000440    0.084654   -0.019241   59.875760

 ELEM    G118 ================== LENGTH =    5.000000

 LOAD     DC2 ------------------    

 REL DIST          P          V2          V3           T          M2          M3
 0.00000    0.000601   -0.927844    0.000440    0.084654   -0.019241   59.875760
 1.00000    0.000601   -0.927844    0.000440    0.084654   -0.021440   64.514980

 ELEM    G119 ================== LENGTH =    5.000000

 LOAD     DC2 ------------------    

 REL DIST          P          V2          V3           T          M2          M3
 0.00000    0.000611   -0.968628   -0.001185    0.118098   -0.021412   64.514981
 1.00000    0.000611   75.668750   -0.001185    0.118098   -0.015489 -122.235324

 ELEM    G120 ================== LENGTH =    3.500000

 LOAD     DC2 ------------------    

 REL DIST          P          V2          V3           T          M2          M3
 0.00000    0.000611   75.668750   -0.001185    0.118098   -0.015489 -122.235324
 1.00000    0.000611  151.899571   -0.001185    0.118098   -0.011342 -520.479885

 ELEM    G121 ================== LENGTH =    1.500000

 LOAD     DC2 ------------------    

 REL DIST          P          V2          V3           T          M2          M3
 0.00000    0.000611  151.899571   -0.001185    0.118098   -0.011342 -520.479885
 1.00000    0.000611  189.501576   -0.001185    0.118098   -0.009565 -776.530745

 ELEM    G122 ================== LENGTH =    1.500000

 LOAD     DC2 ------------------    

 REL DIST          P          V2          V3           T          M2          M3
 0.00000    0.000645 -185.676892   -0.002851   -0.146094   -0.067597 -776.530670
 1.00000    0.000645 -148.074888   -0.002851   -0.146094   -0.063321 -526.216835
 Program SAP2000 Nonlinear Version 7.42                            File:BOTT.OUT
                                                                            Page
  SYSTEM                                                                      18

 F R A M E   E L E M E N T   I N T E R N A L   F O R C E S

 ELEM    G123 ================== LENGTH =    3.500000

 LOAD     DC2 ------------------    

 REL DIST          P          V2          V3           T          M2          M3
 0.00000    0.000645 -148.074888   -0.002851   -0.146094   -0.063321 -526.216835
 1.00000    0.000645  -73.700501   -0.002851   -0.146094   -0.053343 -138.109905

 ELEM    G124 ================== LENGTH =    5.000000

 LOAD     DC2 ------------------    

 REL DIST          P          V2          V3           T          M2          M3
 0.00000    0.000645  -73.700501   -0.002851   -0.146094   -0.053343 -138.109905
 1.00000    0.000645    1.147548   -0.002851   -0.146094   -0.039089   43.272479

 ELEM    G125 ================== LENGTH =    5.000000

 LOAD     DC2 ------------------    

 REL DIST          P          V2          V3           T          M2          M3
 0.00000    0.000584    1.118221   -0.000942   -0.090253   -0.039275   43.272478
 1.00000    0.000584    1.118221   -0.000942   -0.090253   -0.034565   37.681371

 ELEM    G126 ================== LENGTH =    1.500000

 LOAD     DC2 ------------------    

 REL DIST          P          V2          V3           T          M2          M3
 0.00000    0.000584    1.118221   -0.000942   -0.090253   -0.034565   37.681371
 1.00000    0.000584    1.118221   -0.000942   -0.090253   -0.033152   36.004039

 ELEM    G127 ================== LENGTH =    3.500000

 LOAD     DC2 ------------------    

 REL DIST          P          V2          V3           T          M2          M3
 0.00000    0.000584    1.118221   -0.000942   -0.090253   -0.033152   36.004039
 1.00000    0.000584    1.118221   -0.000942   -0.090253   -0.029855   32.090265

 ELEM    G128 ================== LENGTH =    5.000000

 LOAD     DC2 ------------------    

 REL DIST          P          V2          V3           T          M2          M3
 0.00000    0.000479    1.098322   -0.001071   -0.069489   -0.030178   32.090265
 1.00000    0.000479    1.098322   -0.001071   -0.069489   -0.024825   26.598652
 Program SAP2000 Nonlinear Version 7.42                            File:BOTT.OUT
                                                                            Page
  SYSTEM                                                                      19

 F R A M E   E L E M E N T   I N T E R N A L   F O R C E S

 ELEM    G129 ================== LENGTH =    5.000000

 LOAD     DC2 ------------------    

 REL DIST          P          V2          V3           T          M2          M3
 0.00000    0.000479    1.098322   -0.001071   -0.069489   -0.024825   26.598652
 1.00000    0.000479    1.098322   -0.001071   -0.069489   -0.019472   21.107040

 ELEM    G130 ================== LENGTH =    5.000000

 LOAD     DC2 ------------------    

 REL DIST          P          V2          V3           T          M2          M3
 0.00000    0.000336    1.090768   -0.001074   -0.053722   -0.019907   21.107040
 1.00000    0.000336    1.090768   -0.001074   -0.053722   -0.014539   15.653202

 ELEM    G131 ================== LENGTH =    5.000000

 LOAD     DC2 ------------------    

 REL DIST          P          V2          V3           T          M2          M3
 0.00000    0.000336    1.090768   -0.001074   -0.053722   -0.014539   15.653202
 1.00000    0.000336    1.090768   -0.001074   -0.053722   -0.009170   10.199364

 ELEM    G132 ================== LENGTH =    4.685000

 LOAD     DC2 ------------------    

 REL DIST          P          V2          V3           T          M2          M3
 0.00000    0.000171    1.088513   -0.001088   -0.045975   -0.009673   10.199364
 1.00000    0.000171    1.088513   -0.001088   -0.045975   -0.004575    5.099682

 ELEM    G133 ================== LENGTH =    4.685000

 LOAD     DC2 ------------------    

 REL DIST          P          V2          V3           T          M2          M3
 0.00000    0.000171    1.088513   -0.001088   -0.045975   -0.004575    5.099682
 1.00000    0.000171    1.088513   -0.001088   -0.045975    0.000523   -5.41E-07

 ELEM    G201 ================== LENGTH =    2.650000

 LOAD     DC2 ------------------    

 REL DIST          P          V2          V3           T          M2          M3
 0.00000   -0.000263   -0.896947    0.000324   -0.013343    0.000616   -1.48E-06
 1.00000   -0.000263   -0.896947    0.000324   -0.013343   -0.000244    2.376907
 Program SAP2000 Nonlinear Version 7.42                            File:BOTT.OUT
                                                                            Page
  SYSTEM                                                                      20

 F R A M E   E L E M E N T   I N T E R N A L   F O R C E S

 ELEM    G202 ================== LENGTH =    0.525000

 LOAD     DC2 ------------------    

 REL DIST          P          V2          V3           T          M2          M3
 0.00000   -0.000263   -0.896947    0.000324   -0.013343   -0.000244    2.376907
 1.00000   -0.000263   -0.896947    0.000324   -0.013343   -0.000414    2.847805

 ELEM    G203 ================== LENGTH =    3.175000

 LOAD     DC2 ------------------    

 REL DIST          P          V2          V3           T          M2          M3
 0.00000   -0.000263   -0.896947    0.000324   -0.013343   -0.000414    2.847805
 1.00000   -0.000263   -0.896947    0.000324   -0.013343   -0.001444    5.695610

 ELEM    G204 ================== LENGTH =    5.000000

 LOAD     DC2 ------------------    

 REL DIST          P          V2          V3           T          M2          M3
 0.00000   -0.000564   -0.902756    0.000359    0.003522   -0.000791    5.695610
 1.00000   -0.000564   -0.902756    0.000359    0.003522   -0.002586   10.209391

 ELEM    G205 ================== LENGTH =    5.000000

 LOAD     DC2 ------------------    

 REL DIST          P          V2          V3           T          M2          M3
 0.00000   -0.000564   -0.902756    0.000359    0.003522   -0.002586   10.209391
 1.00000   -0.000564   -0.902756    0.000359    0.003522   -0.004381   14.723173

 ELEM    G206 ================== LENGTH =    5.000000

 LOAD     DC2 ------------------    

 REL DIST          P          V2          V3           T          M2          M3
 0.00000   -0.000835   -0.904292    0.000337    0.005790   -0.003768   14.723173
 1.00000   -0.000835   -0.904292    0.000337    0.005790   -0.005452   19.244632

 ELEM    G207 ================== LENGTH =    5.000000

 LOAD     DC2 ------------------    

 REL DIST          P          V2          V3           T          M2          M3
 0.00000   -0.000835   -0.904292    0.000337    0.005790   -0.005452   19.244632
 1.00000   -0.000835   -0.904292    0.000337    0.005790   -0.007135   23.766091
 Program SAP2000 Nonlinear Version 7.42                            File:BOTT.OUT
                                                                            Page
  SYSTEM                                                                      21

 F R A M E   E L E M E N T   I N T E R N A L   F O R C E S

 ELEM    G208 ================== LENGTH =    5.000000

 LOAD     DC2 ------------------    

 REL DIST          P          V2          V3           T          M2          M3
 0.00000   -0.001090   -0.902915    0.000346   -0.002091   -0.006560   23.766091
 1.00000   -0.001090   -0.902915    0.000346   -0.002091   -0.008288   28.280667

 ELEM    G209 ================== LENGTH =    5.000000

 LOAD     DC2 ------------------    

 REL DIST          P          V2          V3           T          M2          M3
 0.00000   -0.001090   -0.902915    0.000346   -0.002091   -0.008288   28.280667
 1.00000   -0.001090   -0.902915    0.000346   -0.002091   -0.010016   32.795243

 ELEM    G210 ================== LENGTH =    2.500000

 LOAD     DC2 ------------------    

 REL DIST          P          V2          V3           T          M2          M3
 0.00000   -0.001343   -0.903799    0.000322   -0.007969   -0.009475   32.795244
 1.00000   -0.001343   -0.903799    0.000322   -0.007969   -0.010281   35.054740

 ELEM    G211 ================== LENGTH =    2.500000

 LOAD     DC2 ------------------    

 REL DIST          P          V2          V3           T          M2          M3
 0.00000   -0.001343   -0.903799    0.000322   -0.007969   -0.010281   35.054740
 1.00000   -0.001343   -0.903799    0.000322   -0.007969   -0.011086   37.314236

 ELEM    G212 ================== LENGTH =    5.000000

 LOAD     DC2 ------------------    

 REL DIST          P          V2          V3           T          M2          M3
 0.00000   -0.001579   -0.897190    0.000351   -0.041466   -0.010582   37.314237
 1.00000   -0.001579   -0.897190    0.000351   -0.041466   -0.012338   41.800188

 ELEM    G213 ================== LENGTH =    5.000000

 LOAD     DC2 ------------------    

 REL DIST          P          V2          V3           T          M2          M3
 0.00000   -0.001579   -0.897190    0.000351   -0.041466   -0.012338   41.800188
 1.00000   -0.001579   -0.897190    0.000351   -0.041466   -0.014094   46.286139
 Program SAP2000 Nonlinear Version 7.42                            File:BOTT.OUT
                                                                            Page
  SYSTEM                                                                      22

 F R A M E   E L E M E N T   I N T E R N A L   F O R C E S

 ELEM    G214 ================== LENGTH =    5.000000

 LOAD     DC2 ------------------    

 REL DIST          P          V2          V3           T          M2          M3
 0.00000   -0.001753   -0.874750    0.000307   -0.145926   -0.013702   46.286140
 1.00000   -0.001753   -0.874750    0.000307   -0.145926   -0.015236   50.659889

 ELEM    G215 ================== LENGTH =    5.000000

 LOAD     DC2 ------------------    

 REL DIST          P          V2          V3           T          M2          M3
 0.00000   -0.001753   -0.874750    0.000307   -0.145926   -0.015236   50.659889
 1.00000   -0.001753   -0.874750    0.000307   -0.145926   -0.016770   55.033637

 ELEM    G216 ================== LENGTH =    3.500000

 LOAD     DC2 ------------------    

 REL DIST          P          V2          V3           T          M2          M3
 0.00000   -0.001872   -0.895378    0.000222   -0.174789   -0.016507   55.033614
 1.00000   -0.001872   -0.895378    0.000222   -0.174789   -0.017285   58.167438

 ELEM    G217 ================== LENGTH =    1.500000

 LOAD     DC2 ------------------    

 REL DIST          P          V2          V3           T          M2          M3
 0.00000   -0.001872   -0.895378    0.000222   -0.174789   -0.017285   58.167438
 1.00000   -0.001872   -0.895378    0.000222   -0.174789   -0.017619   59.510505

 ELEM    G218 ================== LENGTH =    5.000000

 LOAD     DC2 ------------------    

 REL DIST          P          V2          V3           T          M2          M3
 0.00000   -0.001872   -0.895378    0.000222   -0.174789   -0.017619   59.510505
 1.00000   -0.001872   -0.895378    0.000222   -0.174789   -0.018731   63.987396

 ELEM    G219 ================== LENGTH =    5.000000

 LOAD     DC2 ------------------    

 REL DIST          P          V2          V3           T          M2          M3
 0.00000   -0.001914   -1.217953    0.001853    0.651185   -0.018639   63.987392
 1.00000   -0.001914   75.419425    0.001853    0.651185   -0.027904 -121.516287
 Program SAP2000 Nonlinear Version 7.42                            File:BOTT.OUT
                                                                            Page
  SYSTEM                                                                      23

 F R A M E   E L E M E N T   I N T E R N A L   F O R C E S

 ELEM    G220 ================== LENGTH =    3.500000

 LOAD     DC2 ------------------    

 REL DIST          P          V2          V3           T          M2          M3
 0.00000   -0.001914   75.419425    0.001853    0.651185   -0.027904 -121.516287
 1.00000   -0.001914  151.650246    0.001853    0.651185   -0.034390 -518.888210

 ELEM    G221 ================== LENGTH =    1.500000

 LOAD     DC2 ------------------    

 REL DIST          P          V2          V3           T          M2          M3
 0.00000   -0.001914  151.650246    0.001853    0.651185   -0.034390 -518.888210
 1.00000   -0.001914  189.252250    0.001853    0.651185   -0.037169 -774.565082

 ELEM    G222 ================== LENGTH =    1.500000

 LOAD     DC2 ------------------    

 REL DIST          P          V2          V3           T          M2          M3
 0.00000   -0.001920 -185.430660    0.000575   -0.624755   -0.037265 -774.565198
 1.00000   -0.001920 -147.828655    0.000575   -0.624755   -0.038128 -524.620711

 ELEM    G223 ================== LENGTH =    3.500000

 LOAD     DC2 ------------------    

 REL DIST          P          V2          V3           T          M2          M3
 0.00000   -0.001920 -147.828655    0.000575   -0.624755   -0.038128 -524.620711
 1.00000   -0.001920  -73.454269    0.000575   -0.624755   -0.040141 -137.375594

 ELEM    G224 ================== LENGTH =    5.000000

 LOAD     DC2 ------------------    

 REL DIST          P          V2          V3           T          M2          M3
 0.00000   -0.001920  -73.454269    0.000575   -0.624755   -0.040141 -137.375594
 1.00000   -0.001920    1.393780    0.000575   -0.624755   -0.043018   42.775628

 ELEM    G225 ================== LENGTH =    5.000000

 LOAD     DC2 ------------------    

 REL DIST          P          V2          V3           T          M2          M3
 0.00000   -0.001744    1.086332   -0.001321    0.167633   -0.043414   42.775649
 1.00000   -0.001744    1.086332   -0.001321    0.167633   -0.036808   37.343989
 Program SAP2000 Nonlinear Version 7.42                            File:BOTT.OUT
                                                                            Page
  SYSTEM                                                                      24

 F R A M E   E L E M E N T   I N T E R N A L   F O R C E S

 ELEM    G226 ================== LENGTH =    1.500000

 LOAD     DC2 ------------------    

 REL DIST          P          V2          V3           T          M2          M3
 0.00000   -0.001744    1.086332   -0.001321    0.167633   -0.036808   37.343989
 1.00000   -0.001744    1.086332   -0.001321    0.167633   -0.034826   35.714491

 ELEM    G227 ================== LENGTH =    3.500000

 LOAD     DC2 ------------------    

 REL DIST          P          V2          V3           T          M2          M3
 0.00000   -0.001744    1.086332   -0.001321    0.167633   -0.034826   35.714491
 1.00000   -0.001744    1.086332   -0.001321    0.167633   -0.030201   31.912330

 ELEM    G228 ================== LENGTH =    5.000000

 LOAD     DC2 ------------------    

 REL DIST          P          V2          V3           T          M2          M3
 0.00000   -0.001420    1.082809   -0.001181    0.096935   -0.030927   31.912336
 1.00000   -0.001420    1.082809   -0.001181    0.096935   -0.025023   26.498290

 ELEM    G229 ================== LENGTH =    5.000000

 LOAD     DC2 ------------------    

 REL DIST          P          V2          V3           T          M2          M3
 0.00000   -0.001420    1.082809   -0.001181    0.096935   -0.025023   26.498290
 1.00000   -0.001420    1.082809   -0.001181    0.096935   -0.019120   21.084245

 ELEM    G230 ================== LENGTH =    5.000000

 LOAD     DC2 ------------------    

 REL DIST          P          V2          V3           T          M2          M3
 0.00000   -0.000980    1.089494   -0.001171    0.037741   -0.020109   21.084242
 1.00000   -0.000980    1.089494   -0.001171    0.037741   -0.014255   15.636773

 ELEM    G231 ================== LENGTH =    5.000000

 LOAD     DC2 ------------------    

 REL DIST          P          V2          V3           T          M2          M3
 0.00000   -0.000980    1.089494   -0.001171    0.037741   -0.014255   15.636773
 1.00000   -0.000980    1.089494   -0.001171    0.037741   -0.008400   10.189304
 Program SAP2000 Nonlinear Version 7.42                            File:BOTT.OUT
                                                                            Page
  SYSTEM                                                                      25

 F R A M E   E L E M E N T   I N T E R N A L   F O R C E S

 ELEM    G232 ================== LENGTH =    4.685000

 LOAD     DC2 ------------------    

 REL DIST          P          V2          V3           T          M2          M3
 0.00000   -0.000456    1.087439   -0.001139    0.029381   -0.009559   10.189305
 1.00000   -0.000456    1.087439   -0.001139    0.029381   -0.004222    5.094652

 ELEM    G233 ================== LENGTH =    4.685000

 LOAD     DC2 ------------------    

 REL DIST          P          V2          V3           T          M2          M3
 0.00000   -0.000456    1.087439   -0.001139    0.029381   -0.004222    5.094652
 1.00000   -0.000456    1.087439   -0.001139    0.029381    0.001114   -4.46E-07

 ELEM    S301 ================== LENGTH =    2.650000

 LOAD     DC2 ------------------    

 REL DIST          P          V2          V3           T          M2          M3
 0.00000    0.000168   -0.013746    5.54E-05   -1.05E-06    0.000185    1.72E-06
 1.00000    0.000168   -0.013746    5.54E-05   -1.05E-06    3.85E-05    0.036429

 ELEM    S302 ================== LENGTH =    0.525000

 LOAD     DC2 ------------------    

 REL DIST          P          V2          V3           T          M2          M3
 0.00000    0.000168   -0.013746    5.54E-05   -1.05E-06    3.85E-05    0.036429
 1.00000    0.000168   -0.013746    5.54E-05   -1.05E-06    9.42E-06    0.043646

 ELEM    S303 ================== LENGTH =    3.175000

 LOAD     DC2 ------------------    

 REL DIST          P          V2          V3           T          M2          M3
 0.00000    0.000168   -0.013746    5.54E-05   -1.05E-06    9.42E-06    0.043646
 1.00000    0.000168   -0.013746    5.54E-05   -1.05E-06   -0.000166    0.087290

 ELEM    S304 ================== LENGTH =    5.000000

 LOAD     DC2 ------------------    

 REL DIST          P          V2          V3           T          M2          M3
 0.00000    0.000375   -0.007532    2.06E-05    2.45E-07    9.88E-05    0.087291
 1.00000    0.000375   -0.007532    2.06E-05    2.45E-07   -4.03E-06    0.124950
 Program SAP2000 Nonlinear Version 7.42                            File:BOTT.OUT
                                                                            Page
  SYSTEM                                                                      26

 F R A M E   E L E M E N T   I N T E R N A L   F O R C E S

 ELEM    S305 ================== LENGTH =    5.000000

 LOAD     DC2 ------------------    

 REL DIST          P          V2          V3           T          M2          M3
 0.00000    0.000375   -0.007532    2.06E-05    2.45E-07   -4.03E-06    0.124950
 1.00000    0.000375   -0.007532    2.06E-05    2.45E-07   -0.000107    0.162610

 ELEM    S306 ================== LENGTH =    5.000000

 LOAD     DC2 ------------------    

 REL DIST          P          V2          V3           T          M2          M3
 0.00000    0.000556   -0.005589    2.17E-05    2.78E-07    0.000108    0.162610
 1.00000    0.000556   -0.005589    2.17E-05    2.78E-07   -9.45E-07    0.190554

 ELEM    S307 ================== LENGTH =    5.000000

 LOAD     DC2 ------------------    

 REL DIST          P          V2          V3           T          M2          M3
 0.00000    0.000556   -0.005589    2.17E-05    2.78E-07   -9.45E-07    0.190554
 1.00000    0.000556   -0.005589    2.17E-05    2.78E-07   -0.000110    0.218499

 ELEM    S308 ================== LENGTH =    5.000000

 LOAD     DC2 ------------------    

 REL DIST          P          V2          V3           T          M2          M3
 0.00000    0.000726   -0.007942    1.81E-05   -1.14E-07    9.26E-05    0.218499
 1.00000    0.000726   -0.007942    1.81E-05   -1.14E-07    2.29E-06    0.258211

 ELEM    S309 ================== LENGTH =    5.000000

 LOAD     DC2 ------------------    

 REL DIST          P          V2          V3           T          M2          M3
 0.00000    0.000726   -0.007942    1.81E-05   -1.14E-07    2.29E-06    0.258211
 1.00000    0.000726   -0.007942    1.81E-05   -1.14E-07   -8.80E-05    0.297922

 ELEM    S310 ================== LENGTH =    2.500000

 LOAD     DC2 ------------------    

 REL DIST          P          V2          V3           T          M2          M3
 0.00000    0.000904   -0.008444    5.77E-05    5.96E-07    0.000142    0.297922
 1.00000    0.000904   -0.008444    5.77E-05    5.96E-07   -2.17E-06    0.319031
 Program SAP2000 Nonlinear Version 7.42                            File:BOTT.OUT
                                                                            Page
  SYSTEM                                                                      27

 F R A M E   E L E M E N T   I N T E R N A L   F O R C E S

 ELEM    S311 ================== LENGTH =    2.500000

 LOAD     DC2 ------------------    

 REL DIST          P          V2          V3           T          M2          M3
 0.00000    0.000904   -0.008444    5.77E-05    5.96E-07   -2.17E-06    0.319031
 1.00000    0.000904   -0.008444    5.77E-05    5.96E-07   -0.000146    0.340141

 ELEM    S312 ================== LENGTH =    5.000000

 LOAD     DC2 ------------------    

 REL DIST          P          V2          V3           T          M2          M3
 0.00000    0.001069   -0.016876    1.47E-05   -1.14E-07    6.81E-05    0.340140
 1.00000    0.001069   -0.016876    1.47E-05   -1.14E-07   -5.32E-06    0.424523

 ELEM    S313 ================== LENGTH =    5.000000

 LOAD     DC2 ------------------    

 REL DIST          P          V2          V3           T          M2          M3
 0.00000    0.001069   -0.016876    1.47E-05   -1.14E-07   -5.32E-06    0.424523
 1.00000    0.001069   -0.016876    1.47E-05   -1.14E-07   -7.88E-05    0.508905

 ELEM    S314 ================== LENGTH =    5.000000

 LOAD     DC2 ------------------    

 REL DIST          P          V2          V3           T          M2          M3
 0.00000    0.001188   -0.036383    1.27E-05   -5.19E-06    6.12E-05    0.508904
 1.00000    0.001188   -0.036383    1.27E-05   -5.19E-06   -2.21E-06    0.690821

 ELEM    S315 ================== LENGTH =    5.000000

 LOAD     DC2 ------------------    

 REL DIST          P          V2          V3           T          M2          M3
 0.00000    0.001188   -0.036383    1.27E-05   -5.19E-06   -2.21E-06    0.690821
 1.00000    0.001188   -0.036383    1.27E-05   -5.19E-06   -6.56E-05    0.872739

 ELEM    S316 ================== LENGTH =    3.500000

 LOAD     DC2 ------------------    

 REL DIST          P          V2          V3           T          M2          M3
 0.00000    0.001270    0.011602    7.03E-06   -1.68E-05    3.24E-05    0.872762
 1.00000    0.001270    0.011602    7.03E-06   -1.68E-05    7.74E-06    0.832155
 Program SAP2000 Nonlinear Version 7.42                            File:BOTT.OUT
                                                                            Page
  SYSTEM                                                                      28

 F R A M E   E L E M E N T   I N T E R N A L   F O R C E S

 ELEM    S317 ================== LENGTH =    1.500000

 LOAD     DC2 ------------------    

 REL DIST          P          V2          V3           T          M2          M3
 0.00000    0.001270    0.011602    7.03E-06   -1.68E-05    7.74E-06    0.832155
 1.00000    0.001270    0.011602    7.03E-06   -1.68E-05   -2.81E-06    0.814753

 ELEM    S318 ================== LENGTH =    5.000000

 LOAD     DC2 ------------------    

 REL DIST          P          V2          V3           T          M2          M3
 0.00000    0.001270    0.011602    7.03E-06   -1.68E-05   -2.81E-06    0.814753
 1.00000    0.001270    0.011602    7.03E-06   -1.68E-05   -3.80E-05    0.756743

 ELEM    S319 ================== LENGTH =    5.000000

 LOAD     DC2 ------------------    

 REL DIST          P          V2          V3           T          M2          M3
 0.00000    0.001303    0.374961    9.23E-07    2.81E-05    1.26E-06    0.756747
 1.00000    0.001303    0.374961    9.23E-07    2.81E-05   -3.36E-06   -1.118058

 ELEM    S320 ================== LENGTH =    3.500000

 LOAD     DC2 ------------------    

 REL DIST          P          V2          V3           T          M2          M3
 0.00000    0.001303    0.374961    9.23E-07    2.81E-05   -3.36E-06   -1.118058
 1.00000    0.001303    0.374961    9.23E-07    2.81E-05   -6.59E-06   -2.430421

 ELEM    S321 ================== LENGTH =    1.500000

 LOAD     DC2 ------------------    

 REL DIST          P          V2          V3           T          M2          M3
 0.00000    0.001303    0.374961    9.23E-07    2.81E-05   -6.59E-06   -2.430421
 1.00000    0.001303    0.374961    9.23E-07    2.81E-05   -7.97E-06   -2.992863

 ELEM    S322 ================== LENGTH =    1.500000

 LOAD     DC2 ------------------    

 REL DIST          P          V2          V3           T          M2          M3
 0.00000    0.001275   -0.344274   -7.82E-06   -2.63E-05   -4.29E-05   -2.992822
 1.00000    0.001275   -0.344274   -7.82E-06   -2.63E-05   -3.12E-05   -2.476412
 Program SAP2000 Nonlinear Version 7.42                            File:BOTT.OUT
                                                                            Page
  SYSTEM                                                                      29

 F R A M E   E L E M E N T   I N T E R N A L   F O R C E S

 ELEM    S323 ================== LENGTH =    3.500000

 LOAD     DC2 ------------------    

 REL DIST          P          V2          V3           T          M2          M3
 0.00000    0.001275   -0.344274   -7.82E-06   -2.63E-05   -3.12E-05   -2.476412
 1.00000    0.001275   -0.344274   -7.82E-06   -2.63E-05   -3.81E-06   -1.271454

 ELEM    S324 ================== LENGTH =    5.000000

 LOAD     DC2 ------------------    

 REL DIST          P          V2          V3           T          M2          M3
 0.00000    0.001275   -0.344274   -7.82E-06   -2.63E-05   -3.81E-06   -1.271454
 1.00000    0.001275   -0.344274   -7.82E-06   -2.63E-05    3.53E-05    0.449914

 ELEM    S325 ================== LENGTH =    5.000000

 LOAD     DC2 ------------------    

 REL DIST          P          V2          V3           T          M2          M3
 0.00000    0.001159   -0.007499   -2.01E-05    1.65E-05   -0.000104    0.449894
 1.00000    0.001159   -0.007499   -2.01E-05    1.65E-05   -3.94E-06    0.487390

 ELEM    S326 ================== LENGTH =    1.500000

 LOAD     DC2 ------------------    

 REL DIST          P          V2          V3           T          M2          M3
 0.00000    0.001159   -0.007499   -2.01E-05    1.65E-05   -3.94E-06    0.487390
 1.00000    0.001159   -0.007499   -2.01E-05    1.65E-05    2.62E-05    0.498638

 ELEM    S327 ================== LENGTH =    3.500000

 LOAD     DC2 ------------------    

 REL DIST          P          V2          V3           T          M2          M3
 0.00000    0.001159   -0.007499   -2.01E-05    1.65E-05    2.62E-05    0.498638
 1.00000    0.001159   -0.007499   -2.01E-05    1.65E-05    9.64E-05    0.524885

 ELEM    S328 ================== LENGTH =    5.000000

 LOAD     DC2 ------------------    

 REL DIST          P          V2          V3           T          M2          M3
 0.00000    0.000942    0.015923   -3.20E-05    2.48E-06   -0.000163    0.524879
 1.00000    0.000942    0.015923   -3.20E-05    2.48E-06   -3.19E-06    0.445266
 Program SAP2000 Nonlinear Version 7.42                            File:BOTT.OUT
                                                                            Page
  SYSTEM                                                                      30

 F R A M E   E L E M E N T   I N T E R N A L   F O R C E S

 ELEM    S329 ================== LENGTH =    5.000000

 LOAD     DC2 ------------------    

 REL DIST          P          V2          V3           T          M2          M3
 0.00000    0.000942    0.015923   -3.20E-05    2.48E-06   -3.19E-06    0.445266
 1.00000    0.000942    0.015923   -3.20E-05    2.48E-06    0.000157    0.365654

 ELEM    S330 ================== LENGTH =    5.000000

 LOAD     DC2 ------------------    

 REL DIST          P          V2          V3           T          M2          M3
 0.00000    0.000644    0.016793   -3.88E-05    4.34E-07   -0.000198    0.365656
 1.00000    0.000644    0.016793   -3.88E-05    4.34E-07   -4.14E-06    0.281693

 ELEM    S331 ================== LENGTH =    5.000000

 LOAD     DC2 ------------------    

 REL DIST          P          V2          V3           T          M2          M3
 0.00000    0.000644    0.016793   -3.88E-05    4.34E-07   -4.14E-06    0.281693
 1.00000    0.000644    0.016793   -3.88E-05    4.34E-07    0.000190    0.197729

 ELEM    S332 ================== LENGTH =    4.685000

 LOAD     DC2 ------------------    

 REL DIST          P          V2          V3           T          M2          M3
 0.00000    0.000285    0.021102   -5.60E-05    1.09E-06   -0.000249    0.197728
 1.00000    0.000285    0.021102   -5.60E-05    1.09E-06    1.37E-05    0.098864

 ELEM    S333 ================== LENGTH =    4.685000

 LOAD     DC2 ------------------    

 REL DIST          P          V2          V3           T          M2          M3
 0.00000    0.000285    0.021102   -5.60E-05    1.09E-06    1.37E-05    0.098864
 1.00000    0.000285    0.021102   -5.60E-05    1.09E-06    0.000276    9.86E-07

 ELEM   S11-1 ================== LENGTH =    1.414214

 LOAD     DC2 ------------------    

 REL DIST          P          V2          V3           T          M2          M3
 0.00000   -0.532625    0.075413     .000000     .000000     .000000    0.106650
 1.00000   -0.532625    0.075413     .000000     .000000     .000000    1.32E-16
 Program SAP2000 Nonlinear Version 7.42                            File:BOTT.OUT
                                                                            Page
  SYSTEM                                                                      31

 F R A M E   E L E M E N T   I N T E R N A L   F O R C E S

 ELEM   S11-2 ================== LENGTH =    1.431782

 LOAD     DC2 ------------------    

 REL DIST          P          V2          V3           T          M2          M3
 0.00000   -0.361828    0.077535    2.91E-11    1.82E-12     .000000    0.111013
 1.00000   -0.361828    0.077535    2.91E-11    1.82E-12   -4.17E-11    4.12E-16

 ELEM   S12-1 ================== LENGTH =    1.600000

 LOAD     DC2 ------------------    

 REL DIST          P          V2          V3           T          M2          M3
 0.00000 -368.856161   -0.193369    0.002953     .000000    0.004724   -0.309391
 1.00000 -368.856161   -0.193369    0.002953     .000000   -1.27E-12    3.64E-12

 ELEM   S12-2 ================== LENGTH =    1.627882

 LOAD     DC2 ------------------    

 REL DIST          P          V2          V3           T          M2          M3
 0.00000   -6.645373    1.246007    0.193323   -3.41E-13    0.314706    2.028353
 1.00000   -6.645373    1.246007    0.193323   -3.41E-13    9.15E-14   -1.77E-12

 ELEM   S13-1 ================== LENGTH =    1.414214

 LOAD     DC2 ------------------    

 REL DIST          P          V2          V3           T          M2          M3
 0.00000   -0.165312    0.021310     .000000     .000000     .000000    0.030136
 1.00000   -0.165312    0.021310     .000000     .000000     .000000    2.09E-16

 ELEM   S13-2 ================== LENGTH =    1.400000

 LOAD     DC2 ------------------    

 REL DIST          P          V2          V3           T          M2          M3
 0.00000   -0.930179     .000000   -3.55E-15   -3.55E-15     .000000    1.09E-11
 1.00000   -0.930179     .000000   -3.55E-15   -3.55E-15    4.97E-15    1.09E-11

 ELEM   S21-1 ================== LENGTH =    1.400000

 LOAD     DC2 ------------------    

 REL DIST          P          V2          V3           T          M2          M3
 0.00000   -0.451821    2.91E-11    2.84E-14     .000000    5.68E-14    2.91E-11
 1.00000   -0.451821    2.91E-11    2.84E-14     .000000    1.71E-14   -1.16E-11
 Program SAP2000 Nonlinear Version 7.42                            File:BOTT.OUT
                                                                            Page
  SYSTEM                                                                      32

 F R A M E   E L E M E N T   I N T E R N A L   F O R C E S

 ELEM   S21-2 ================== LENGTH =    1.400000

 LOAD     DC2 ------------------    

 REL DIST          P          V2          V3           T          M2          M3
 0.00000   -0.451821    2.91E-11    2.84E-14     .000000    5.68E-14    2.91E-11
 1.00000   -0.451821    2.91E-11    2.84E-14     .000000    1.71E-14   -1.16E-11
