                               S A P 2 0 0 0 (R)                                

                          Structural Analysis Programs                          

                             Nonlinear Version 7.42                             

                            Copyright (C) 1978-2001                             
                         COMPUTERS AND STRUCTURES, INC.                         
                              All rights reserved                               

                This copy of SAP2000 is for the exclusive use of                

                                  THE LICENSEE                                  

           Unauthorized use is in violation of Federal copyright laws           

               It is the responsibility of the user to verify all               
                        results produced by this program                        

                             16 Nov 2020  21:42:06                              
 Program SAP2000 Nonlinear Version 7.42                            File:DECK.OUT
                                                                            Page
  SYSTEM                                                                       1

 D I S P L A C E M E N T   D E G R E E S   O F   F R E E D O M

         (A) = Active DOF, equilibrium equation
         (-) = Restrained DOF, reaction computed
         (+) = Constrained DOF
         (>) = External substructure DOF
         ( ) = Null DOF

  JOINTS              UX  UY  UZ  RX  RY  RZ
     101 TO     334    A   A   A   A   A   A
     S22               -   A   -   A   A   A
     S23               A   A   -   A   A   A
   S11-1               A   -   -   A   A   A
   S11-2               A   A   -   A   A   A
   S12-1               -   -   -   A   A   A
   S12-2               -   A   -   A   A   A
   S13-1               A   -   -   A   A   A
   S13-2 TO   S21-2    A   A   -   A   A   A
 Program SAP2000 Nonlinear Version 7.42                            File:DECK.OUT
                                                                            Page
  SYSTEM                                                                       2


 T O T A L   A S S E M B L E D   J O I N T   M A S S E S

 IN GLOBAL COORDINATES

                  UX          UY          UZ          RX          RY          RZ
   TOTAL     .000000     .000000     .000000     .000000     .000000     .000000


 T O T A L   A C C E L E R A T E D   M A S S   A N D   L O C A T I O N

 TOTAL MASS ACTIVATED BY ACCELERATION LOADS, IN GLOBAL COORDINATES

                  UX          UY          UZ
    MASS     .000000     .000000     .000000
   X-LOC     .000000     .000000     .000000
   Y-LOC     .000000     .000000     .000000
   Z-LOC     .000000     .000000     .000000
 Program SAP2000 Nonlinear Version 7.42                            File:DECK.OUT
                                                                            Page
  SYSTEM                                                                       3

 J O I N T   D I S P L A C E M E N T S

 TRANSLATIONS AND ROTATIONS, IN GLOBAL COORDINATES

 LOAD     DC3 ------------------    

   JOINT          UX          UY          UZ          RX          RY          RZ
     101   -0.005186    1.40E-06   -3.82E-07   -1.00E-06    0.009235    2.29E-08
     102   -0.005186    1.45E-06   -0.024344   -0.000113    0.009090    2.23E-08
     103   -0.005186    1.47E-06   -0.029103   -0.000132    0.009041    2.22E-08
     104   -0.005186    1.54E-06   -0.057147   -0.000225    0.008577    2.19E-08
     105   -0.005186    1.64E-06   -0.097130   -0.000358    0.007317    2.09E-08
     106   -0.005186    1.75E-06   -0.130631   -0.000400    0.006028    2.07E-08
     107   -0.005186    1.85E-06   -0.156930   -0.000476    0.004452    2.02E-08
     108   -0.005186    1.95E-06   -0.175487   -0.000465    0.002951    2.03E-08
     109   -0.005186    2.05E-06   -0.186298   -0.000506    0.001366    2.00E-08
     110   -0.005186    2.15E-06   -0.189145   -0.000460   -0.000221    2.04E-08
     111   -0.005186    2.20E-06   -0.187624   -0.000472   -0.000991    2.04E-08
     112   -0.005186    2.25E-06   -0.184212   -0.000463   -0.001732    2.05E-08
     113   -0.005186    2.35E-06   -0.172084   -0.000514   -0.003086    2.02E-08
     114   -0.005186    2.46E-06   -0.153106   -0.000478   -0.004449    2.04E-08
     115   -0.005186    2.56E-06   -0.128031   -0.000495   -0.005503    2.04E-08
     116   -0.005186    2.66E-06   -0.098951   -0.000424   -0.006033    2.15E-08
     117   -0.005186    2.74E-06   -0.077697   -0.000398   -0.006037    2.24E-08
     118   -0.005186    2.77E-06   -0.068735   -0.000374   -0.005897    2.31E-08
     119   -0.005186    2.90E-06   -0.041160   -0.000236   -0.004990    2.63E-08
     120   -0.005186    3.02E-06   -0.018328   -4.79E-05   -0.004060    2.25E-08
     121   -0.005186    3.09E-06   -0.005058   -1.68E-05   -0.003497    1.47E-08
     122   -0.005186    3.11E-06   -1.11E-06   -1.94E-06   -0.003241    1.01E-08
     123   -0.005186    3.13E-06    0.004664   -1.64E-05   -0.002983    2.61E-08
     124   -0.005186    3.29E-06    0.014138   -4.55E-05   -0.002449    5.98E-08
     125   -0.005186    3.70E-06    0.023924   -0.000212   -0.001519    1.01E-07
     126   -0.005186    4.30E-06    0.028571   -0.000338   -0.000417    1.39E-07
     127   -0.005186    4.52E-06    0.028921   -0.000361   -5.82E-05    1.52E-07
     128   -0.005186    5.10E-06    0.027925   -0.000382    0.000584    1.81E-07
     129   -0.005186    6.10E-06    0.023414   -0.000434    0.001141    2.18E-07
     130   -0.005186    7.28E-06    0.017185   -0.000396    0.001294    2.49E-07
     131   -0.005186    8.59E-06    0.010958   -0.000388    0.001157    2.74E-07
     132   -0.005186    1.00E-05    0.005868   -0.000287    0.000867    2.91E-07
     133   -0.005186    1.14E-05    0.002458   -0.000189    0.000602    3.01E-07
     134   -0.005186    1.28E-05   -1.05E-06   -9.13E-06    0.000483    3.05E-07
     201   -0.005189    1.39E-06   -4.02E-07    0.000194    0.009198    2.31E-08
     202   -0.005189    1.45E-06   -0.024248    0.000268    0.009054    2.25E-08
     203   -0.005189    1.47E-06   -0.028989    0.000280    0.009007    2.24E-08
     204   -0.005189    1.54E-06   -0.056932    0.000328    0.008548    2.20E-08
     205   -0.005189    1.64E-06   -0.096803    0.000463    0.007300    2.09E-08
     206   -0.005189    1.75E-06   -0.130239    0.000507    0.006018    2.07E-08
     207   -0.005189    1.85E-06   -0.156506    0.000591    0.004448    2.01E-08
     208   -0.005189    1.95E-06   -0.175054    0.000588    0.002950    2.03E-08
     209   -0.005189    2.05E-06   -0.185869    0.000627    0.001368    2.00E-08
     210   -0.005189    2.15E-06   -0.188731    0.000580   -0.000218    2.05E-08
     211   -0.005189    2.20E-06   -0.187220    0.000589   -0.000987    2.04E-08
     212   -0.005189    2.25E-06   -0.183820    0.000577   -0.001727    2.05E-08
     213   -0.005189    2.36E-06   -0.171721    0.000610   -0.003079    2.02E-08
     214   -0.005189    2.46E-06   -0.152785    0.000555   -0.004439    2.07E-08
 Program SAP2000 Nonlinear Version 7.42                            File:DECK.OUT
                                                                            Page
  SYSTEM                                                                       4

 J O I N T   D I S P L A C E M E N T S

 TRANSLATIONS AND ROTATIONS, IN GLOBAL COORDINATES

   JOINT          UX          UY          UZ          RX          RY          RZ
     215   -0.005189    2.56E-06   -0.127770    0.000574   -0.005489    2.06E-08
     216   -0.005189    2.66E-06   -0.098766    0.000506   -0.006017    2.09E-08
     217   -0.005189    2.74E-06   -0.077569    0.000499   -0.006021    2.03E-08
     218   -0.005189    2.77E-06   -0.068631    0.000483   -0.005882    2.00E-08
     219   -0.005189    2.86E-06   -0.041121    0.000371   -0.004980    1.89E-08
     220   -0.005189    2.96E-06   -0.018325    0.000235   -0.004056    2.35E-08
     221   -0.005189    3.06E-06   -0.005061    0.000210   -0.003497    3.24E-08
     222   -0.005189    3.11E-06   -2.61E-06    0.000198   -0.003243    3.76E-08
     223   -0.005189    3.17E-06    0.004667    0.000210   -0.002987    4.34E-08
     224   -0.005189    3.35E-06    0.014161    0.000231   -0.002457    5.97E-08
     225   -0.005189    3.73E-06    0.023997    0.000339   -0.001530    9.35E-08
     226   -0.005189    4.31E-06    0.028707    0.000454   -0.000431    1.36E-07
     227   -0.005189    4.52E-06    0.029078    0.000473   -7.21E-05    1.50E-07
     228   -0.005189    5.10E-06    0.028129    0.000486    0.000570    1.80E-07
     229   -0.005189    6.10E-06    0.023680    0.000527    0.001131    2.19E-07
     230   -0.005189    7.28E-06    0.017488    0.000478    0.001290    2.49E-07
     231   -0.005189    8.59E-06    0.011256    0.000472    0.001164    2.74E-07
     232   -0.005189    1.00E-05    0.006106    0.000373    0.000885    2.91E-07
     233   -0.005189    1.14E-05    0.002590    0.000314    0.000628    3.00E-07
     234   -0.005189    1.28E-05   -2.31E-07    0.000174    0.000513    3.03E-07
     301   -0.005189    1.39E-06   -0.000717    0.000255    0.009189    6.31E-08
     302   -0.005189    1.47E-06   -0.024971    0.000246    0.009079    7.35E-09
     303   -0.005189    1.47E-06   -0.029726    0.000244    0.009032    4.98E-09
     304   -0.005189    1.54E-06   -0.057738    0.000232    0.008561    5.18E-08
     305   -0.005189    1.63E-06   -0.097852    0.000349    0.007440    3.91E-09
     306   -0.005189    1.75E-06   -0.131700    0.000465    0.006055    5.90E-08
     307   -0.005189    1.85E-06   -0.158151    0.000522    0.004519    4.89E-10
     308   -0.005189    1.95E-06   -0.176830    0.000579    0.002946    6.05E-08
     309   -0.005189    2.06E-06   -0.187593    0.000571    0.001361    1.78E-09
     310   -0.005189    2.15E-06   -0.190464    0.000563   -0.000210    5.31E-08
     311   -0.005189    2.20E-06   -0.188971    0.000571   -0.000980    3.97E-09
     312   -0.005189    2.25E-06   -0.185585    0.000580   -0.001724    5.40E-08
     313   -0.005189    2.34E-06   -0.173383    0.000526   -0.003142    3.43E-10
     314   -0.005189    2.46E-06   -0.154308    0.000472   -0.004473    6.66E-08
     315   -0.005189    2.56E-06   -0.129170    0.000481   -0.005492   -2.93E-09
     316   -0.005189    2.66E-06   -0.100278    0.000491   -0.005975    6.89E-08
     317   -0.005189    2.76E-06   -0.079280    0.000495   -0.005973    7.52E-11
     318   -0.005189    2.76E-06   -0.070384    0.000496   -0.005879   -6.03E-09
     319   -0.005189    2.86E-06   -0.042519    0.000502   -0.005163    7.50E-08
     320   -0.005189    2.98E-06   -0.019198    0.000347   -0.004179   -2.28E-09
     321   -0.005189    3.02E-06   -0.005704    0.000238   -0.003539    4.09E-08
     322   -0.005189    3.11E-06   -0.000593    0.000191   -0.003277    8.40E-08
     323   -0.005189    3.22E-06    0.004126    0.000220   -0.003014    6.35E-08
     324   -0.005189    3.40E-06    0.013553    0.000287   -0.002364    4.70E-08
     325   -0.005189    3.73E-06    0.022873    0.000383   -0.001347    9.98E-08
     326   -0.005189    4.39E-06    0.027043    0.000462   -0.000344    1.51E-07
     327   -0.005189    4.62E-06    0.027351    0.000486   -6.90E-05    1.50E-07
     328   -0.005189    5.10E-06    0.026534    0.000542    0.000525    1.18E-07
     329   -0.005189    6.17E-06    0.022262    0.000484    0.001112    2.63E-07
     330   -0.005189    7.28E-06    0.016135    0.000427    0.001267    1.35E-07
 Program SAP2000 Nonlinear Version 7.42                            File:DECK.OUT
                                                                            Page
  SYSTEM                                                                       5

 J O I N T   D I S P L A C E M E N T S

 TRANSLATIONS AND ROTATIONS, IN GLOBAL COORDINATES

   JOINT          UX          UY          UZ          RX          RY          RZ
     331   -0.005189    8.61E-06    0.010080    0.000367    0.001129    3.36E-07
     332   -0.005189    1.00E-05    0.005102    0.000307    0.000836    1.55E-07
     333   -0.005189    1.15E-05    0.001863    0.000248    0.000576    3.85E-07
     334   -0.005189    1.28E-05   -0.000563    0.000190    0.000489    1.02E-07
     S22     .000000    0.000320     .000000    0.000198   -0.003243    3.76E-08
     S23   -0.005907    0.000257     .000000    0.000174    0.000513    3.03E-07
   S11-1   -0.018115     .000000     .000000   -1.02E-06    0.009235    2.29E-08
   S11-2   -0.018115   -5.35E-08     .000000   -8.99E-07    0.009235    2.29E-08
   S12-1     .000000     .000000     .000000   -1.94E-06   -0.003241    1.01E-08
   S12-2     .000000   -3.59E-08     .000000   -1.69E-06   -0.003241    9.81E-09
   S13-1   -0.005863     .000000     .000000   -9.05E-06    0.000483    3.05E-07
   S13-2   -0.005863    3.64E-08     .000000   -9.13E-06    0.000483    3.05E-07
   S21-1   -0.018067    0.000273     .000000    0.000194    0.009198    2.31E-08
   S21-2   -0.018067    0.000273     .000000    0.000194    0.009198    2.31E-08
 Program SAP2000 Nonlinear Version 7.42                            File:DECK.OUT
                                                                            Page
  SYSTEM                                                                       6

 A P P L I E D   L O A D S

 FORCES AND MOMENTS ACTING ON JOINTS, IN GLOBAL COORDINATES

 LOAD     DC3 ------------------    

   JOINT          FX          FY          FZ          MX          MY          MZ
     101     .000000    3.20E-30  -52.354063  -17.015070   23.123044    9.95E-31
     102     .000000   -2.29E-30  -62.726094  -20.385980  -22.215492   -2.83E-31
     103     .000000    1.09E-29  -73.098125  -23.756891   32.285005    1.24E-29
     104     .000000   -3.59E-29 -161.507344  -52.489887   49.125150   -4.28E-29
     105     .000000    9.28E-30 -197.562500  -64.207813   -3.98E-13   -8.45E-29
     106     .000000   -1.19E-30 -197.562500  -64.207813   -2.70E-13   -6.74E-29
     107     .000000    1.92E-29 -197.562500  -64.207813    1.56E-13   -4.73E-30
     108     .000000   -1.19E-30 -197.562500  -64.207813    6.11E-13    7.08E-29
     109     .000000    5.12E-30 -197.562500  -64.207812    1.42E-13    4.25E-29
     110     .000000   -6.27E-30 -148.171875  -48.155859  -61.738281    2.45E-29
     111     .000000   -5.96E-31  -98.781250  -32.103906    1.53E-13    1.77E-29
     112     .000000    1.90E-30 -148.171875  -48.155859   61.738281    4.51E-29
     113     .000000   -4.47E-32 -197.562500  -64.207813    3.55E-13    4.14E-29
     114     .000000   -1.05E-29 -197.562500  -64.207813    1.28E-13    6.02E-30
     115     .000000   -1.19E-30 -197.562500  -64.207813    1.99E-13   -2.64E-29
     116     .000000    9.49E-30 -167.928125  -54.576641  -41.982031   -4.99E-30
     117     .000000   -7.05E-30  -98.781250  -32.103906  -32.927083    5.65E-30
     118     .000000    1.63E-30 -128.415625  -41.735078   74.909115    1.92E-29
     119     .000000    2.11E-30 -197.562500  -64.207813    9.95E-14    3.89E-29
     120     .000000    5.92E-31 -167.928125  -54.576641  -41.982031    1.85E-29
     121     .000000   -6.19E-30  -98.781250  -32.103906  -32.927083    1.32E-29
     122     .000000    1.59E-31  -59.268750  -19.262344   -1.60E-14   -1.54E-30
     123     .000000    1.40E-29  -98.781250  -32.103906   32.927083    1.66E-29
     124     .000000   -2.11E-29 -167.928125  -54.576641   41.982031   -1.16E-29
     125     .000000    3.83E-30 -197.562500  -64.207813    5.68E-14   -5.62E-29
     126     .000000    4.79E-30 -128.415625  -41.735078  -74.909115   -3.94E-30
     127     .000000    2.70E-30  -98.781250  -32.103906   32.927083    1.18E-29
     128     .000000   -1.42E-30 -167.928125  -54.576641   41.982031    8.07E-30
     129     .000000   -1.19E-30 -197.562500  -64.207813    8.53E-14    1.35E-29
     130     .000000   -1.04E-29 -197.562500  -64.207813    5.68E-14   -1.52E-29
     131     .000000   -1.19E-30 -197.562500  -64.207813    4.26E-14   -4.69E-29
     132     .000000    8.93E-30 -191.339281  -62.185266  -10.045312   -2.07E-29
     133     .000000    3.00E-30 -185.116063  -60.162720    1.14E-13    5.88E-30
     134     .000000    1.21E-30  -92.558031  -30.081360  -72.272396    7.91E-30
     201     .000000    3.20E-30  -52.354063   17.015070   23.123044    9.95E-31
     202     .000000   -2.29E-30  -62.726094   20.385980  -22.215492   -2.83E-31
     203     .000000    1.09E-29  -73.098125   23.756891   32.285005    1.24E-29
     204     .000000   -3.59E-29 -161.507344   52.489887   49.125150   -4.28E-29
     205     .000000    9.28E-30 -197.562500   64.207813   -3.98E-13   -8.45E-29
     206     .000000   -1.19E-30 -197.562500   64.207813   -2.70E-13   -6.74E-29
     207     .000000    1.92E-29 -197.562500   64.207813    1.56E-13   -4.73E-30
     208     .000000   -1.19E-30 -197.562500   64.207813    6.11E-13    7.08E-29
     209     .000000    5.12E-30 -197.562500   64.207812    1.42E-13    4.25E-29
     210     .000000   -6.27E-30 -148.171875   48.155859  -61.738281    2.45E-29
     211     .000000   -5.96E-31  -98.781250   32.103906    1.53E-13    1.77E-29
     212     .000000    1.90E-30 -148.171875   48.155859   61.738281    4.51E-29
     213     .000000   -4.47E-32 -197.562500   64.207813    3.55E-13    4.14E-29
     214     .000000   -1.05E-29 -197.562500   64.207813    1.28E-13    6.02E-30
 Program SAP2000 Nonlinear Version 7.42                            File:DECK.OUT
                                                                            Page
  SYSTEM                                                                       7

 A P P L I E D   L O A D S

 FORCES AND MOMENTS ACTING ON JOINTS, IN GLOBAL COORDINATES

   JOINT          FX          FY          FZ          MX          MY          MZ
     215     .000000   -1.19E-30 -197.562500   64.207813    1.99E-13   -2.64E-29
     216     .000000    9.49E-30 -167.928125   54.576641  -41.982031   -4.99E-30
     217     .000000   -7.05E-30  -98.781250   32.103906  -32.927083    5.65E-30
     218     .000000    1.63E-30 -128.415625   41.735078   74.909115    1.92E-29
     219     .000000    2.11E-30 -197.562500   64.207813    9.95E-14    3.89E-29
     220     .000000    5.92E-31 -167.928125   54.576641  -41.982031    1.85E-29
     221     .000000   -6.19E-30  -98.781250   32.103906  -32.927083    1.32E-29
     222     .000000    1.59E-31  -59.268750   19.262344   -1.60E-14   -1.54E-30
     223     .000000    1.40E-29  -98.781250   32.103906   32.927083    1.66E-29
     224     .000000   -2.11E-29 -167.928125   54.576641   41.982031   -1.16E-29
     225     .000000    3.83E-30 -197.562500   64.207813    5.68E-14   -5.62E-29
     226     .000000    4.79E-30 -128.415625   41.735078  -74.909115   -3.94E-30
     227     .000000    2.70E-30  -98.781250   32.103906   32.927083    1.18E-29
     228     .000000   -1.42E-30 -167.928125   54.576641   41.982031    8.07E-30
     229     .000000   -1.19E-30 -197.562500   64.207813    8.53E-14    1.35E-29
     230     .000000   -1.04E-29 -197.562500   64.207813    5.68E-14   -1.52E-29
     231     .000000   -1.19E-30 -197.562500   64.207813    4.26E-14   -4.69E-29
     232     .000000    8.93E-30 -191.339281   62.185266  -10.045312   -2.07E-29
     233     .000000    3.00E-30 -185.116063   60.162720    1.14E-13    5.88E-30
     234     .000000    1.21E-30  -92.558031   30.081360  -72.272396    7.91E-30
 Program SAP2000 Nonlinear Version 7.42                            File:DECK.OUT
                                                                            Page
  SYSTEM                                                                       8

 R E S T R A I N T   F O R C E S   ( R E A C T I O N S )

 FORCES AND MOMENTS ACTING ON JOINTS, IN GLOBAL COORDINATES

 LOAD     DC3 ------------------    

   JOINT          FX          FY          FZ          MX          MY          MZ
     S22   -0.026288     .000000    3425.133     .000000     .000000     .000000
     S23     .000000     .000000  345.823024     .000000     .000000     .000000
   S11-1     .000000    0.001750  271.668622     .000000     .000000     .000000
   S11-2     .000000     .000000    1015.997     .000000     .000000     .000000
   S12-1   -2.250064   -0.015219    1454.503     .000000     .000000     .000000
   S12-2    2.276352     .000000    2189.843     .000000     .000000     .000000
   S13-1     .000000    0.013469   -1157.051     .000000     .000000     .000000
   S13-2     .000000     .000000    1576.806     .000000     .000000     .000000
   S21-1     .000000     .000000  603.712639     .000000     .000000     .000000
   S21-2     .000000     .000000  603.712639     .000000     .000000     .000000
 Program SAP2000 Nonlinear Version 7.42                            File:DECK.OUT
                                                                            Page
  SYSTEM                                                                       9

 G L O B A L   F O R C E   B A L A N C E

 TOTAL FORCE AND MOMENT AT THE ORIGIN, IN GLOBAL COORDINATES

 LOAD     DC3 ------------------    

                  FX          FY          FZ          MX          MY          MZ
 APPLIED     .000000   -1.12E-29  -10330.148  -31506.951  675178.473    1.98E-28
 REACTNS   -1.36E-08   -3.69E-10   10330.148   31506.951 -675178.473    5.01E-08

   TOTAL   -1.36E-08   -3.69E-10   -1.65E-09    7.24E-08   -5.34E-07    5.01E-08
 Program SAP2000 Nonlinear Version 7.42                            File:DECK.OUT
                                                                            Page
  SYSTEM                                                                      10

 F R A M E   E L E M E N T   I N T E R N A L   F O R C E S

 ELEM     S22 ================== LENGTH =    1.600000

 LOAD     DC3 ------------------    

 REL DIST          P          V2          V3           T          M2          M3
 0.00000   -3425.133   -0.026288    1.16E-10     .000000    4.66E-10   -0.042060
 1.00000   -3425.133   -0.026288    1.16E-10     .000000    2.79E-10   -2.61E-09

 ELEM     S23 ================== LENGTH =    1.400000

 LOAD     DC3 ------------------    

 REL DIST          P          V2          V3           T          M2          M3
 0.00000 -345.823024     .000000   -2.33E-10   -2.84E-14   -4.66E-10    7.45E-09
 1.00000 -345.823024     .000000   -2.33E-10   -2.84E-14   -1.40E-10    7.45E-09

 ELEM    C401 ================== LENGTH =    6.100000

 LOAD     DC3 ------------------    

 REL DIST          P          V2          V3           T          M2          M3
 0.00000   -0.000963  -41.447152   -0.001981   -0.000557   -0.006044  -83.840116
 1.00000   -0.000963  -41.447152   -0.001981   -0.000557    0.006043  168.987512

 ELEM    C404 ================== LENGTH =    6.100000

 LOAD     DC3 ------------------    

 REL DIST          P          V2          V3           T          M2          M3
 0.00000   -1.74E-05   -2.887308   -0.001981   -0.000254   -0.006043   42.187901
 1.00000   -1.74E-05   -2.887308   -0.001981   -0.000254    0.006043   59.800482

 ELEM    C406 ================== LENGTH =    6.100000

 LOAD     DC3 ------------------    

 REL DIST          P          V2          V3           T          M2          M3
 0.00000    4.70E-05    1.916311   -0.001988   -8.39E-05   -0.006062   89.444393
 1.00000    4.70E-05    1.916311   -0.001988   -8.39E-05    0.006062   77.754893

 ELEM    C408 ================== LENGTH =    6.100000

 LOAD     DC3 ------------------    

 REL DIST          P          V2          V3           T          M2          M3
 0.00000   -2.27E-05    1.724306   -0.001991   -2.52E-06   -0.006074  102.374393
 1.00000   -2.27E-05    1.724306   -0.001991   -2.52E-06    0.006074   91.856127
 Program SAP2000 Nonlinear Version 7.42                            File:DECK.OUT
                                                                            Page
  SYSTEM                                                                      11

 F R A M E   E L E M E N T   I N T E R N A L   F O R C E S

 ELEM    C410 ================== LENGTH =    6.100000

 LOAD     DC3 ------------------    

 REL DIST          P          V2          V3           T          M2          M3
 0.00000   -7.41E-05    1.481330   -0.001993    3.32E-05   -0.006079  100.328977
 1.00000   -7.41E-05    1.481330   -0.001993    3.32E-05    0.006079   91.292862

 ELEM    C412 ================== LENGTH =    6.100000

 LOAD     DC3 ------------------    

 REL DIST          P          V2          V3           T          M2          M3
 0.00000    2.95E-08    1.339840   -0.001995    4.50E-05   -0.006084   99.891214
 1.00000    2.95E-08    1.339840   -0.001995    4.50E-05    0.006084   91.718188

 ELEM    C414 ================== LENGTH =    6.100000

 LOAD     DC3 ------------------    

 REL DIST          P          V2          V3           T          M2          M3
 0.00000    0.000461    2.544086   -0.001999    9.04E-05   -0.006097  102.966874
 1.00000    0.000461    2.544086   -0.001999    9.04E-05    0.006096   87.447948

 ELEM    C416 ================== LENGTH =    6.100000

 LOAD     DC3 ------------------    

 REL DIST          P          V2          V3           T          M2          M3
 0.00000    0.000694   -1.943092   -0.002002    0.000144   -0.006104   79.803687
 1.00000    0.000694   -1.943092   -0.002002    0.000144    0.006106   91.656550

 ELEM    C419 ================== LENGTH =    6.100000

 LOAD     DC3 ------------------    

 REL DIST          P          V2          V3           T          M2          M3
 0.00000   -0.019175  -11.153392   -0.002004    8.84E-05   -0.006098   21.932975
 1.00000   -0.019175  -11.153392   -0.002004    8.84E-05    0.006125   89.968668

 ELEM    C422 ================== LENGTH =    6.100000

 LOAD     DC3 ------------------    

 REL DIST          P          V2          V3           T          M2          M3
 0.00000    0.006492  -91.160383   -0.002022   -8.00E-05   -0.006220 -183.761371
 1.00000    0.006492  -91.160383   -0.002022   -8.00E-05    0.006116  372.316965
 Program SAP2000 Nonlinear Version 7.42                            File:DECK.OUT
                                                                            Page
  SYSTEM                                                                      12

 F R A M E   E L E M E N T   I N T E R N A L   F O R C E S

 ELEM    C425 ================== LENGTH =    6.100000

 LOAD     DC3 ------------------    

 REL DIST          P          V2          V3           T          M2          M3
 0.00000    0.020784   -9.315721   -0.001732   -0.000102   -0.005269   22.403930
 1.00000    0.020784   -9.315721   -0.001732   -0.000102    0.005298   79.229827

 ELEM    C428 ================== LENGTH =    6.100000

 LOAD     DC3 ------------------    

 REL DIST          P          V2          V3           T          M2          M3
 0.00000   -0.000935   -3.377345   -0.001427   -0.000121   -0.004350   69.701686
 1.00000   -0.000935   -3.377345   -0.001427   -0.000121    0.004353   90.303491

 ELEM    C430 ================== LENGTH =    6.100000

 LOAD     DC3 ------------------    

 REL DIST          P          V2          V3           T          M2          M3
 0.00000   -0.000260    1.576524   -0.001175   -3.52E-05   -0.003585   85.371829
 1.00000   -0.000260    1.576524   -0.001175   -3.52E-05    0.003584   75.755035

 ELEM    C432 ================== LENGTH =    6.100000

 LOAD     DC3 ------------------    

 REL DIST          P          V2          V3           T          M2          M3
 0.00000   -7.19E-05   -0.672333   -0.001022    0.000158   -0.003115   58.793362
 1.00000   -7.19E-05   -0.672333   -0.001022    0.000158    0.003117   62.894595

 ELEM    C434 ================== LENGTH =    6.100000

 LOAD     DC3 ------------------    

 REL DIST          P          V2          V3           T          M2          M3
 0.00000   -0.006958  -35.318364   -0.000976    0.000440   -0.002974  -67.776115
 1.00000   -0.006958  -35.318364   -0.000976    0.000440    0.002979  147.665906

 ELEM    C501 ================== LENGTH =    3.050000

 LOAD     DC3 ------------------    

 REL DIST          P          V2          V3           T          M2          M3
 0.00000    0.000118  -17.501455   -0.000357    0.000282   -0.000695  -53.379241
 1.00000    0.000118  -17.501455   -0.000357    0.000282    0.000396    0.000198
 Program SAP2000 Nonlinear Version 7.42                            File:DECK.OUT
                                                                            Page
  SYSTEM                                                                      13

 F R A M E   E L E M E N T   I N T E R N A L   F O R C E S

 ELEM    C504 ================== LENGTH =    3.050000

 LOAD     DC3 ------------------    

 REL DIST          P          V2          V3           T          M2          M3
 0.00000   -7.15E-05   11.553328   -0.000453   -0.000225   -0.000802   35.236189
 1.00000   -7.15E-05   11.553328   -0.000453   -0.000225    0.000581   -0.001463

 ELEM    C506 ================== LENGTH =    3.050000

 LOAD     DC3 ------------------    

 REL DIST          P          V2          V3           T          M2          M3
 0.00000    7.09E-06    5.117697   -0.000428   -0.000652   -0.000795   15.609620
 1.00000    7.09E-06    5.117697   -0.000428   -0.000652    0.000510    0.000644

 ELEM    C508 ================== LENGTH =    3.050000

 LOAD     DC3 ------------------    

 REL DIST          P          V2          V3           T          M2          M3
 0.00000   -3.87E-06    1.125035   -0.000446    7.61E-05   -0.000830    3.432067
 1.00000   -3.87E-06    1.125035   -0.000446    7.61E-05    0.000530    0.000709

 ELEM    C510 ================== LENGTH =    3.050000

 LOAD     DC3 ------------------    

 REL DIST          P          V2          V3           T          M2          M3
 0.00000    0.000130    2.028154   -0.000532   -0.000128   -0.000933    6.185596
 1.00000    0.000130    2.028154   -0.000532   -0.000128    0.000690   -0.000273

 ELEM    C512 ================== LENGTH =    3.050000

 LOAD     DC3 ------------------    

 REL DIST          P          V2          V3           T          M2          M3
 0.00000   -0.000126   -0.361064   -0.000547   -5.65E-05   -0.000959   -1.100473
 1.00000   -0.000126   -0.361064   -0.000547   -5.65E-05    0.000710    0.000771

 ELEM    C514 ================== LENGTH =    3.050000

 LOAD     DC3 ------------------    

 REL DIST          P          V2          V3           T          M2          M3
 0.00000    9.77E-06   10.103784   -0.000509    0.000618   -0.000947   30.815850
 1.00000    9.77E-06   10.103784   -0.000509    0.000618    0.000605   -0.000691
 Program SAP2000 Nonlinear Version 7.42                            File:DECK.OUT
                                                                            Page
  SYSTEM                                                                      14

 F R A M E   E L E M E N T   I N T E R N A L   F O R C E S

 ELEM    C516 ================== LENGTH =    3.050000

 LOAD     DC3 ------------------    

 REL DIST          P          V2          V3           T          M2          M3
 0.00000    6.63E-06    1.876560   -0.000557   -0.000752   -0.001029    5.723549
 1.00000    6.63E-06    1.876560   -0.000557   -0.000752    0.000671    4.17E-05

 ELEM    C519 ================== LENGTH =    3.050000

 LOAD     DC3 ------------------    

 REL DIST          P          V2          V3           T          M2          M3
 0.00000    3.43E-06  -15.798724   -0.000611    0.003271   -0.001140  -48.184357
 1.00000    3.43E-06  -15.798724   -0.000611    0.003271    0.000722    0.001752

 ELEM    C522 ================== LENGTH =    3.050000

 LOAD     DC3 ------------------    

 REL DIST          P          V2          V3           T          M2          M3
 0.00000   -3.35E-05    4.206933   -0.000486    0.002468   -0.000916   12.828411
 1.00000   -3.35E-05    4.206933   -0.000486    0.002468    0.000567   -0.002733

 ELEM    C525 ================== LENGTH =    3.050000

 LOAD     DC3 ------------------    

 REL DIST          P          V2          V3           T          M2          M3
 0.00000   -7.91E-05   -5.358308   -2.13E-05   -0.003273   -5.56E-05  -16.342655
 1.00000   -7.91E-05   -5.358308   -2.13E-05   -0.003273    9.26E-06    0.000183

 ELEM    C528 ================== LENGTH =    3.050000

 LOAD     DC3 ------------------    

 REL DIST          P          V2          V3           T          M2          M3
 0.00000   -8.52E-05   -6.689037    0.000682    0.000797    0.001272  -20.400077
 1.00000   -8.52E-05   -6.689037    0.000682    0.000797   -0.000808    0.001484

 ELEM    C530 ================== LENGTH =    3.050000

 LOAD     DC3 ------------------    

 REL DIST          P          V2          V3           T          M2          M3
 0.00000   -5.03E-05    6.209160    0.001255    0.000411    0.002339   18.937963
 1.00000   -5.03E-05    6.209160    0.001255    0.000411   -0.001489    2.49E-05
 Program SAP2000 Nonlinear Version 7.42                            File:DECK.OUT
                                                                            Page
  SYSTEM                                                                      15

 F R A M E   E L E M E N T   I N T E R N A L   F O R C E S

 ELEM    C532 ================== LENGTH =    3.050000

 LOAD     DC3 ------------------    

 REL DIST          P          V2          V3           T          M2          M3
 0.00000   -9.15E-05    7.934848    0.001660    0.000864    0.003039   24.201319
 1.00000   -9.15E-05    7.934848    0.001660    0.000864   -0.002026    3.26E-05

 ELEM    C534 ================== LENGTH =    3.050000

 LOAD     DC3 ------------------    

 REL DIST          P          V2          V3           T          M2          M3
 0.00000    0.000265   -4.446911    0.001350    0.000716    0.002812  -13.563761
 1.00000    0.000265   -4.446911    0.001350    0.000716   -0.001307   -0.000682

 ELEM    G101 ================== LENGTH =    2.650000

 LOAD     DC3 ------------------    

 REL DIST          P          V2          V3           T          M2          M3
 0.00000    0.001981   -1246.219    0.000787 -166.627730    0.006044   -0.000557
 1.00000    0.001981   -1141.510    0.000787 -132.597589    0.003958    3163.740

 ELEM    G102 ================== LENGTH =    0.525000

 LOAD     DC3 ------------------    

 REL DIST          P          V2          V3           T          M2          M3
 0.00000    0.001981   -1141.510    0.000787 -132.597589    0.003958    3163.740
 1.00000    0.001981   -1120.766    0.000787 -125.855769    0.003544    3757.588

 ELEM    G103 ================== LENGTH =    3.175000

 LOAD     DC3 ------------------    

 REL DIST          P          V2          V3           T          M2          M3
 0.00000    0.001981   -1120.766    0.000787 -125.855769    0.003544    3757.588
 1.00000    0.001981 -995.314160    0.000787  -85.083808    0.001045    7116.866

 ELEM    G104 ================== LENGTH =    5.000000

 LOAD     DC3 ------------------    

 REL DIST          P          V2          V3           T          M2          M3
 0.00000    0.003963 -992.426851    0.000770 -127.271708    0.007088    7116.865
 1.00000    0.003963 -794.864351    0.000770  -63.063896    0.003239   11585.093
 Program SAP2000 Nonlinear Version 7.42                            File:DECK.OUT
                                                                            Page
  SYSTEM                                                                      16

 F R A M E   E L E M E N T   I N T E R N A L   F O R C E S

 ELEM    G105 ================== LENGTH =    5.000000

 LOAD     DC3 ------------------    

 REL DIST          P          V2          V3           T          M2          M3
 0.00000    0.003963 -794.864351    0.000770  -63.063896    0.003239   11585.093
 1.00000    0.003963 -597.301851    0.000770    1.143917   -0.000611   15065.509

 ELEM    G106 ================== LENGTH =    5.000000

 LOAD     DC3 ------------------    

 REL DIST          P          V2          V3           T          M2          M3
 0.00000    0.005951 -599.218163    0.000817  -88.300476    0.005452   15065.509
 1.00000    0.005951 -401.655663    0.000817  -24.092664    0.001367   17567.693

 ELEM    G107 ================== LENGTH =    5.000000

 LOAD     DC3 ------------------    

 REL DIST          P          V2          V3           T          M2          M3
 0.00000    0.005951 -401.655663    0.000817  -24.092664    0.001367   17567.693
 1.00000    0.005951 -204.093163    0.000817   40.115149   -0.002717   19082.066

 ELEM    G108 ================== LENGTH =    5.000000

 LOAD     DC3 ------------------    

 REL DIST          P          V2          V3           T          M2          M3
 0.00000    0.007942 -205.817468    0.000794  -62.259244    0.003356   19082.066
 1.00000    0.007942   -8.254968    0.000794    1.948569   -0.000614   19617.247

 ELEM    G109 ================== LENGTH =    5.000000

 LOAD     DC3 ------------------    

 REL DIST          P          V2          V3           T          M2          M3
 0.00000    0.007942   -8.254968    0.000794    1.948569   -0.000614   19617.247
 1.00000    0.007942  189.307532    0.000794   66.156381   -0.004585   19164.615

 ELEM    G110 ================== LENGTH =    2.500000

 LOAD     DC3 ------------------    

 REL DIST          P          V2          V3           T          M2          M3
 0.00000    0.009935  187.826201    0.000720  -34.172596    0.001494   19164.615
 1.00000    0.009935  286.607451    0.000720   -2.068690   -0.000306   18571.573
 Program SAP2000 Nonlinear Version 7.42                            File:DECK.OUT
                                                                            Page
  SYSTEM                                                                      17

 F R A M E   E L E M E N T   I N T E R N A L   F O R C E S

 ELEM    G111 ================== LENGTH =    2.500000

 LOAD     DC3 ------------------    

 REL DIST          P          V2          V3           T          M2          M3
 0.00000    0.009935  286.607451    0.000720   -2.068690   -0.000306   18571.573
 1.00000    0.009935  385.388701    0.000720   30.035216   -0.002106   17731.578

 ELEM    G112 ================== LENGTH =    5.000000

 LOAD     DC3 ------------------    

 REL DIST          P          V2          V3           T          M2          M3
 0.00000    0.011930  384.048861    0.000720  -69.855998    0.003977   17731.578
 1.00000    0.011930  581.611361    0.000720   -5.648185    0.000377   15317.427

 ELEM    G113 ================== LENGTH =    5.000000

 LOAD     DC3 ------------------    

 REL DIST          P          V2          V3           T          M2          M3
 0.00000    0.011930  581.611361    0.000720   -5.648185    0.000377   15317.427
 1.00000    0.011930  779.173861    0.000720   58.559627   -0.003223   11915.464

 ELEM    G114 ================== LENGTH =    5.000000

 LOAD     DC3 ------------------    

 REL DIST          P          V2          V3           T          M2          M3
 0.00000    0.013928  776.629775    0.001181  -44.407247    0.002873   11915.465
 1.00000    0.013928  974.192275    0.001181   19.800566   -0.003033    7538.409

 ELEM    G115 ================== LENGTH =    5.000000

 LOAD     DC3 ------------------    

 REL DIST          P          V2          V3           T          M2          M3
 0.00000    0.013928  974.192275    0.001181   19.800566   -0.003033    7538.409
 1.00000    0.013928    1171.755    0.001181   84.008378   -0.008940    2173.542

 ELEM    G116 ================== LENGTH =    3.500000

 LOAD     DC3 ------------------    

 REL DIST          P          V2          V3           T          M2          M3
 0.00000    0.015930    1173.698    0.001875    4.204691   -0.002836    2173.542
 1.00000    0.015930    1311.992    0.001875   49.150160   -0.009398   -2176.415
 Program SAP2000 Nonlinear Version 7.42                            File:DECK.OUT
                                                                            Page
  SYSTEM                                                                      18

 F R A M E   E L E M E N T   I N T E R N A L   F O R C E S

 ELEM    G117 ================== LENGTH =    1.500000

 LOAD     DC3 ------------------    

 REL DIST          P          V2          V3           T          M2          M3
 0.00000    0.015930    1311.992    0.001875   49.150160   -0.009398   -2176.415
 1.00000    0.015930    1371.260    0.001875   68.412504   -0.012211   -4188.854

 ELEM    G118 ================== LENGTH =    5.000000

 LOAD     DC3 ------------------    

 REL DIST          P          V2          V3           T          M2          M3
 0.00000    0.015930    1371.260    0.001875   68.412504   -0.012211   -4188.854
 1.00000    0.015930    1568.823    0.001875  132.620316   -0.021585  -11539.062

 ELEM    G119 ================== LENGTH =    5.000000

 LOAD     DC3 ------------------    

 REL DIST          P          V2          V3           T          M2          M3
 0.00000    0.017934    1579.976   -0.017300  110.687342   -0.015487  -11539.062
 1.00000    0.017934    1777.539   -0.017300  174.895154    0.071012  -19932.849

 ELEM    G120 ================== LENGTH =    3.500000

 LOAD     DC3 ------------------    

 REL DIST          P          V2          V3           T          M2          M3
 0.00000    0.017934    1777.539   -0.017300  174.895154    0.071012  -19932.849
 1.00000    0.017934    1915.833   -0.017300  219.840623    0.131562  -26396.249

 ELEM    G121 ================== LENGTH =    1.500000

 LOAD     DC3 ------------------    

 REL DIST          P          V2          V3           T          M2          M3
 0.00000    0.017934    1915.833   -0.017300  219.840623    0.131562  -26396.249
 1.00000    0.017934    1975.101   -0.017300  239.102967    0.157511  -29314.449

 ELEM    G122 ================== LENGTH =    1.500000

 LOAD     DC3 ------------------    

 REL DIST          P          V2          V3           T          M2          M3
 0.00000   -0.006332   -1578.084   -0.026028 -234.064229   -0.519175  -29314.491
 1.00000   -0.006332   -1518.816   -0.026028 -214.801885   -0.480133  -26991.816
 Program SAP2000 Nonlinear Version 7.42                            File:DECK.OUT
                                                                            Page
  SYSTEM                                                                      19

 F R A M E   E L E M E N T   I N T E R N A L   F O R C E S

 ELEM    G123 ================== LENGTH =    3.500000

 LOAD     DC3 ------------------    

 REL DIST          P          V2          V3           T          M2          M3
 0.00000   -0.006332   -1518.816   -0.026028 -214.801885   -0.480133  -26991.816
 1.00000   -0.006332   -1380.522   -0.026028 -169.856416   -0.389037  -21917.975

 ELEM    G124 ================== LENGTH =    5.000000

 LOAD     DC3 ------------------    

 REL DIST          P          V2          V3           T          M2          M3
 0.00000   -0.006332   -1380.522   -0.026028 -169.856416   -0.389037  -21917.975
 1.00000   -0.006332   -1182.959   -0.026028 -105.648604   -0.258899  -15509.272

 ELEM    G125 ================== LENGTH =    5.000000

 LOAD     DC3 ------------------    

 REL DIST          P          V2          V3           T          M2          M3
 0.00000   -0.004599   -1173.644   -0.005244 -128.052534   -0.253631  -15509.272
 1.00000   -0.004599 -976.081215   -0.005244  -63.844721   -0.227413  -10134.960

 ELEM    G126 ================== LENGTH =    1.500000

 LOAD     DC3 ------------------    

 REL DIST          P          V2          V3           T          M2          M3
 0.00000   -0.004599 -976.081215   -0.005244  -63.844721   -0.227413  -10134.960
 1.00000   -0.004599 -916.812465   -0.005244  -44.582377   -0.219547   -8715.290

 ELEM    G127 ================== LENGTH =    3.500000

 LOAD     DC3 ------------------    

 REL DIST          P          V2          V3           T          M2          M3
 0.00000   -0.004599 -916.812465   -0.005244  -44.582377   -0.219547   -8715.290
 1.00000   -0.004599 -778.518715   -0.005244    0.363091   -0.201195   -5748.460

 ELEM    G128 ================== LENGTH =    5.000000

 LOAD     DC3 ------------------    

 REL DIST          P          V2          V3           T          M2          M3
 0.00000   -0.003173 -775.141370   -0.006178  -69.338595   -0.196845   -5748.460
 1.00000   -0.003173 -577.578870   -0.006178   -5.130782   -0.165953   -2366.659
 Program SAP2000 Nonlinear Version 7.42                            File:DECK.OUT
                                                                            Page
  SYSTEM                                                                      20

 F R A M E   E L E M E N T   I N T E R N A L   F O R C E S

 ELEM    G129 ================== LENGTH =    5.000000

 LOAD     DC3 ------------------    

 REL DIST          P          V2          V3           T          M2          M3
 0.00000   -0.003173 -577.578870   -0.006178   -5.130782   -0.165953   -2366.659
 1.00000   -0.003173 -380.016370   -0.006178   59.077030   -0.135062   27.328603

 ELEM    G130 ================== LENGTH =    5.000000

 LOAD     DC3 ------------------    

 REL DIST          P          V2          V3           T          M2          M3
 0.00000   -0.001997 -381.592894   -0.006439  -26.294799   -0.131476   27.328568
 1.00000   -0.001997 -184.030394   -0.006439   37.913014   -0.099284    1441.387

 ELEM    G131 ================== LENGTH =    5.000000

 LOAD     DC3 ------------------    

 REL DIST          P          V2          V3           T          M2          M3
 0.00000   -0.001997 -184.030394   -0.006439   37.913014   -0.099284    1441.387
 1.00000   -0.001997   13.532106   -0.006439  102.120826   -0.067091    1867.633

 ELEM    G132 ================== LENGTH =    4.685000

 LOAD     DC3 ------------------    

 REL DIST          P          V2          V3           T          M2          M3
 0.00000   -0.000976   14.204439   -0.006510   43.327464   -0.063976    1867.633
 1.00000   -0.000976  199.320502   -0.006510  103.490184   -0.033475    1367.450

 ELEM    G133 ================== LENGTH =    4.685000

 LOAD     DC3 ------------------    

 REL DIST          P          V2          V3           T          M2          M3
 0.00000   -0.000976  199.320502   -0.006510  103.490184   -0.033475    1367.450
 1.00000   -0.000976  384.436564   -0.006510  163.652904   -0.002974   -0.000440

 ELEM    G201 ================== LENGTH =    2.650000

 LOAD     DC3 ------------------    

 REL DIST          P          V2          V3           T          M2          M3
 0.00000   -0.002339   -1231.371    0.000845  115.608272    0.006737    0.000275
 1.00000   -0.002339   -1126.663    0.000845   81.578131    0.004498    3124.395
 Program SAP2000 Nonlinear Version 7.42                            File:DECK.OUT
                                                                            Page
  SYSTEM                                                                      21

 F R A M E   E L E M E N T   I N T E R N A L   F O R C E S

 ELEM    G202 ================== LENGTH =    0.525000

 LOAD     DC3 ------------------    

 REL DIST          P          V2          V3           T          M2          M3
 0.00000   -0.002339   -1126.663    0.000845   81.578131    0.004498    3124.395
 1.00000   -0.002339   -1105.919    0.000845   74.836311    0.004055    3710.448

 ELEM    G203 ================== LENGTH =    3.175000

 LOAD     DC3 ------------------    

 REL DIST          P          V2          V3           T          M2          M3
 0.00000   -0.002339   -1105.919    0.000845   74.836311    0.004055    3710.448
 1.00000   -0.002339 -980.466600    0.000845   34.064350    0.001372    7022.585

 ELEM    G204 ================== LENGTH =    5.000000

 LOAD     DC3 ------------------    

 REL DIST          P          V2          V3           T          M2          M3
 0.00000   -0.004774 -994.907237    0.000934  129.101020    0.008217    7022.585
 1.00000   -0.004774 -797.344737    0.000934   64.893208    0.003548   11503.215

 ELEM    G205 ================== LENGTH =    5.000000

 LOAD     DC3 ------------------    

 REL DIST          P          V2          V3           T          M2          M3
 0.00000   -0.004774 -797.344737    0.000934   64.893208    0.003548   11503.215
 1.00000   -0.004774 -599.782237    0.000934    0.685395   -0.001121   14996.032

 ELEM    G206 ================== LENGTH =    5.000000

 LOAD     DC3 ------------------    

 REL DIST          P          V2          V3           T          M2          M3
 0.00000   -0.007189 -602.983622    0.000880   94.049908    0.005736   14996.033
 1.00000   -0.007189 -405.421122    0.000880   29.842095    0.001338   17517.045

 ELEM    G207 ================== LENGTH =    5.000000

 LOAD     DC3 ------------------    

 REL DIST          P          V2          V3           T          M2          M3
 0.00000   -0.007189 -405.421122    0.000880   29.842095    0.001338   17517.045
 1.00000   -0.007189 -207.858622    0.000880  -34.365717   -0.003061   19050.244
 Program SAP2000 Nonlinear Version 7.42                            File:DECK.OUT
                                                                            Page
  SYSTEM                                                                      22

 F R A M E   E L E M E N T   I N T E R N A L   F O R C E S

 ELEM    G208 ================== LENGTH =    5.000000

 LOAD     DC3 ------------------    

 REL DIST          P          V2          V3           T          M2          M3
 0.00000   -0.009626 -207.259352    0.000906   60.922477    0.003842   19050.244
 1.00000   -0.009626   -9.696852    0.000906   -3.285336   -0.000689   19592.635

 ELEM    G209 ================== LENGTH =    5.000000

 LOAD     DC3 ------------------    

 REL DIST          P          V2          V3           T          M2          M3
 0.00000   -0.009626   -9.696852    0.000906   -3.285336   -0.000689   19592.635
 1.00000   -0.009626  187.865648    0.000906  -67.493148   -0.005221   19147.213

 ELEM    G210 ================== LENGTH =    2.500000

 LOAD     DC3 ------------------    

 REL DIST          P          V2          V3           T          M2          M3
 0.00000   -0.012152  187.318825    0.000850   29.985310    0.001791   19147.213
 1.00000   -0.012152  286.100075    0.000850   -2.118596   -0.000334   18555.439

 ELEM    G211 ================== LENGTH =    2.500000

 LOAD     DC3 ------------------    

 REL DIST          P          V2          V3           T          M2          M3
 0.00000   -0.012152  286.100075    0.000850   -2.118596   -0.000334   18555.439
 1.00000   -0.012152  384.881325    0.000850  -34.222502   -0.002460   17716.713

 ELEM    G212 ================== LENGTH =    5.000000

 LOAD     DC3 ------------------    

 REL DIST          P          V2          V3           T          M2          M3
 0.00000   -0.014694  386.582229    0.000976   56.395213    0.004583   17716.713
 1.00000   -0.014694  584.144729    0.000976   -7.812600   -0.000297   15289.895

 ELEM    G213 ================== LENGTH =    5.000000

 LOAD     DC3 ------------------    

 REL DIST          P          V2          V3           T          M2          M3
 0.00000   -0.014694  584.144729    0.000976   -7.812600   -0.000297   15289.895
 1.00000   -0.014694  781.707229    0.000976  -72.020412   -0.005177   11875.265
 Program SAP2000 Nonlinear Version 7.42                            File:DECK.OUT
                                                                            Page
  SYSTEM                                                                      23

 F R A M E   E L E M E N T   I N T E R N A L   F O R C E S

 ELEM    G214 ================== LENGTH =    5.000000

 LOAD     DC3 ------------------    

 REL DIST          P          V2          V3           T          M2          M3
 0.00000   -0.017201  774.147531    0.000505   46.243387    0.001866   11875.265
 1.00000   -0.017201  971.710031    0.000505  -17.964426   -0.000659    7510.621

 ELEM    G215 ================== LENGTH =    5.000000

 LOAD     DC3 ------------------    

 REL DIST          P          V2          V3           T          M2          M3
 0.00000   -0.017201  971.710031    0.000505  -17.964426   -0.000659    7510.621
 1.00000   -0.017201    1169.273    0.000505  -82.172238   -0.003184    2158.164

 ELEM    G216 ================== LENGTH =    3.500000

 LOAD     DC3 ------------------    

 REL DIST          P          V2          V3           T          M2          M3
 0.00000   -0.019760    1165.453   -0.000195   15.207860    0.003951    2158.165
 1.00000   -0.019760    1303.747   -0.000195  -29.737609    0.004635   -2162.934

 ELEM    G217 ================== LENGTH =    1.500000

 LOAD     DC3 ------------------    

 REL DIST          P          V2          V3           T          M2          M3
 0.00000   -0.019760    1303.747   -0.000195  -29.737609    0.004635   -2162.934
 1.00000   -0.019760    1363.015   -0.000195  -48.999953    0.004927   -4163.006

 ELEM    G218 ================== LENGTH =    5.000000

 LOAD     DC3 ------------------    

 REL DIST          P          V2          V3           T          M2          M3
 0.00000   -0.019760    1363.015   -0.000195  -48.999953    0.004927   -4163.006
 1.00000   -0.019760    1560.578   -0.000195 -113.207765    0.005904  -11471.989

 ELEM    G219 ================== LENGTH =    5.000000

 LOAD     DC3 ------------------    

 REL DIST          P          V2          V3           T          M2          M3
 0.00000   -0.022375    1565.223    0.018976  -71.423454    0.013168  -11471.992
 1.00000   -0.022375    1762.786    0.018976 -135.631266   -0.081712  -19792.015
 Program SAP2000 Nonlinear Version 7.42                            File:DECK.OUT
                                                                            Page
  SYSTEM                                                                      24

 F R A M E   E L E M E N T   I N T E R N A L   F O R C E S

 ELEM    G220 ================== LENGTH =    3.500000

 LOAD     DC3 ------------------    

 REL DIST          P          V2          V3           T          M2          M3
 0.00000   -0.022375    1762.786    0.018976 -135.631266   -0.081712  -19792.015
 1.00000   -0.022375    1901.079    0.018976 -180.576735   -0.148128  -26203.779

 ELEM    G221 ================== LENGTH =    1.500000

 LOAD     DC3 ------------------    

 REL DIST          P          V2          V3           T          M2          M3
 0.00000   -0.022375    1901.079    0.018976 -180.576735   -0.148128  -26203.779
 1.00000   -0.022375    1960.348    0.018976 -199.839079   -0.176592  -29099.849

 ELEM    G222 ================== LENGTH =    1.500000

 LOAD     DC3 ------------------    

 REL DIST          P          V2          V3           T          M2          M3
 0.00000    0.001405   -1560.152    0.012518  185.306298   -0.169560  -29099.810
 1.00000    0.001405   -1500.883    0.012518  166.043954   -0.188337  -26804.033

 ELEM    G223 ================== LENGTH =    3.500000

 LOAD     DC3 ------------------    

 REL DIST          P          V2          V3           T          M2          M3
 0.00000    0.001405   -1500.883    0.012518  166.043954   -0.188337  -26804.033
 1.00000    0.001405   -1362.590    0.012518  121.098485   -0.232150  -21792.955

 ELEM    G224 ================== LENGTH =    5.000000

 LOAD     DC3 ------------------    

 REL DIST          P          V2          V3           T          M2          M3
 0.00000    0.001405   -1362.590    0.012518  121.098485   -0.232150  -21792.955
 1.00000    0.001405   -1165.027    0.012518   56.890673   -0.294740  -15473.914

 ELEM    G225 ================== LENGTH =    5.000000

 LOAD     DC3 ------------------    

 REL DIST          P          V2          V3           T          M2          M3
 0.00000   -0.000349   -1168.985   -0.008187  119.777845   -0.289386  -15473.910
 1.00000   -0.000349 -971.422022   -0.008187   55.570032   -0.248452  -10122.894
 Program SAP2000 Nonlinear Version 7.42                            File:DECK.OUT
                                                                            Page
  SYSTEM                                                                      25

 F R A M E   E L E M E N T   I N T E R N A L   F O R C E S

 ELEM    G226 ================== LENGTH =    1.500000

 LOAD     DC3 ------------------    

 REL DIST          P          V2          V3           T          M2          M3
 0.00000   -0.000349 -971.422022   -0.008187   55.570032   -0.248452  -10122.894
 1.00000   -0.000349 -912.153272   -0.008187   36.307688   -0.236172   -8710.212

 ELEM    G227 ================== LENGTH =    3.500000

 LOAD     DC3 ------------------    

 REL DIST          P          V2          V3           T          M2          M3
 0.00000   -0.000349 -912.153272   -0.008187   36.307688   -0.236172   -8710.212
 1.00000   -0.000349 -773.859522   -0.008187   -8.637780   -0.207518   -5759.690

 ELEM    G228 ================== LENGTH =    5.000000

 LOAD     DC3 ------------------    

 REL DIST          P          V2          V3           T          M2          M3
 0.00000   -0.001094 -770.547831   -0.007167   61.265634   -0.204437   -5759.691
 1.00000   -0.001094 -572.985331   -0.007167   -2.942179   -0.168603   -2400.858

 ELEM    G229 ================== LENGTH =    5.000000

 LOAD     DC3 ------------------    

 REL DIST          P          V2          V3           T          M2          M3
 0.00000   -0.001094 -572.985331   -0.007167   -2.942179   -0.168603   -2400.858
 1.00000   -0.001094 -375.422831   -0.007167  -67.149991   -0.132768  -29.837381

 ELEM    G230 ================== LENGTH =    5.000000

 LOAD     DC3 ------------------    

 REL DIST          P          V2          V3           T          M2          M3
 0.00000   -0.001014 -380.055467   -0.006856   27.543007   -0.131523  -29.837757
 1.00000   -0.001014 -182.492967   -0.006856  -36.664806   -0.097241    1376.533

 ELEM    G231 ================== LENGTH =    5.000000

 LOAD     DC3 ------------------    

 REL DIST          P          V2          V3           T          M2          M3
 0.00000   -0.001014 -182.492967   -0.006856  -36.664806   -0.097241    1376.533
 1.00000   -0.001014   15.069533   -0.006856 -100.872618   -0.062959    1795.092
 Program SAP2000 Nonlinear Version 7.42                            File:DECK.OUT
                                                                            Page
  SYSTEM                                                                      26

 F R A M E   E L E M E N T   I N T E R N A L   F O R C E S

 ELEM    G232 ================== LENGTH =    4.685000

 LOAD     DC3 ------------------    

 REL DIST          P          V2          V3           T          M2          M3
 0.00000   -0.000375    6.462351   -0.006693  -13.776704   -0.062881    1795.091
 1.00000   -0.000375  191.578414   -0.006693  -73.939425   -0.031524    1331.180

 ELEM    G233 ================== LENGTH =    4.685000

 LOAD     DC3 ------------------    

 REL DIST          P          V2          V3           T          M2          M3
 0.00000   -0.000375  191.578414   -0.006693  -73.939425   -0.031524    1331.180
 1.00000   -0.000375  376.694476   -0.006693 -134.102145   -0.000167    0.001157

 ELEM    S301 ================== LENGTH =    2.650000

 LOAD     DC3 ------------------    

 REL DIST          P          V2          V3           T          M2          M3
 0.00000    0.000357  -17.501455    0.000118   -0.000198    0.000396    0.000282
 1.00000    0.000357  -17.501455    0.000118   -0.000198    8.24E-05   46.379139

 ELEM    S302 ================== LENGTH =    0.525000

 LOAD     DC3 ------------------    

 REL DIST          P          V2          V3           T          M2          M3
 0.00000    0.000357  -17.501455    0.000118   -0.000198    8.24E-05   46.379139
 1.00000    0.000357  -17.501455    0.000118   -0.000198    2.03E-05   55.567403

 ELEM    S303 ================== LENGTH =    3.175000

 LOAD     DC3 ------------------    

 REL DIST          P          V2          V3           T          M2          M3
 0.00000    0.000357  -17.501455    0.000118   -0.000198    2.03E-05   55.567403
 1.00000    0.000357  -17.501455    0.000118   -0.000198   -0.000355  111.134524

 ELEM    S304 ================== LENGTH =    5.000000

 LOAD     DC3 ------------------    

 REL DIST          P          V2          V3           T          M2          M3
 0.00000    0.000811   -5.948127    4.68E-05    0.001264    0.000226  111.134299
 1.00000    0.000811   -5.948127    4.68E-05    0.001264   -8.25E-06  140.874934
 Program SAP2000 Nonlinear Version 7.42                            File:DECK.OUT
                                                                            Page
  SYSTEM                                                                      27

 F R A M E   E L E M E N T   I N T E R N A L   F O R C E S

 ELEM    S305 ================== LENGTH =    5.000000

 LOAD     DC3 ------------------    

 REL DIST          P          V2          V3           T          M2          M3
 0.00000    0.000811   -5.948127    4.68E-05    0.001264   -8.25E-06  140.874934
 1.00000    0.000811   -5.948127    4.68E-05    0.001264   -0.000242  170.615569

 ELEM    S306 ================== LENGTH =    5.000000

 LOAD     DC3 ------------------    

 REL DIST          P          V2          V3           T          M2          M3
 0.00000    0.001239   -0.830430    5.39E-05    0.000620    0.000268  170.614917
 1.00000    0.001239   -0.830430    5.39E-05    0.000620   -1.70E-06  174.767067

 ELEM    S307 ================== LENGTH =    5.000000

 LOAD     DC3 ------------------    

 REL DIST          P          V2          V3           T          M2          M3
 0.00000    0.001239   -0.830430    5.39E-05    0.000620   -1.70E-06  174.767067
 1.00000    0.001239   -0.830430    5.39E-05    0.000620   -0.000271  178.919217

 ELEM    S308 ================== LENGTH =    5.000000

 LOAD     DC3 ------------------    

 REL DIST          P          V2          V3           T          M2          M3
 0.00000    0.001684    0.294605    5.00E-05   -8.89E-05    0.000258  178.919293
 1.00000    0.001684    0.294605    5.00E-05   -8.89E-05    8.44E-06  177.446267

 ELEM    S309 ================== LENGTH =    5.000000

 LOAD     DC3 ------------------    

 REL DIST          P          V2          V3           T          M2          M3
 0.00000    0.001684    0.294605    5.00E-05   -8.89E-05    8.44E-06  177.446267
 1.00000    0.001684    0.294605    5.00E-05   -8.89E-05   -0.000242  175.973241

 ELEM    S310 ================== LENGTH =    2.500000

 LOAD     DC3 ------------------    

 REL DIST          P          V2          V3           T          M2          M3
 0.00000    0.002217    2.322759    0.000180    0.000184    0.000448  175.973113
 1.00000    0.002217    2.322759    0.000180    0.000184   -1.94E-06  170.166216
 Program SAP2000 Nonlinear Version 7.42                            File:DECK.OUT
                                                                            Page
  SYSTEM                                                                      28

 F R A M E   E L E M E N T   I N T E R N A L   F O R C E S

 ELEM    S311 ================== LENGTH =    2.500000

 LOAD     DC3 ------------------    

 REL DIST          P          V2          V3           T          M2          M3
 0.00000    0.002217    2.322759    0.000180    0.000184   -1.94E-06  170.166216
 1.00000    0.002217    2.322759    0.000180    0.000184   -0.000452  164.359319

 ELEM    S312 ================== LENGTH =    5.000000

 LOAD     DC3 ------------------    

 REL DIST          P          V2          V3           T          M2          M3
 0.00000    0.002764    1.961695    5.45E-05   -0.000587    0.000258  164.359262
 1.00000    0.002764    1.961695    5.45E-05   -0.000587   -1.43E-05  154.550786

 ELEM    S313 ================== LENGTH =    5.000000

 LOAD     DC3 ------------------    

 REL DIST          P          V2          V3           T          M2          M3
 0.00000    0.002764    1.961695    5.45E-05   -0.000587   -1.43E-05  154.550786
 1.00000    0.002764    1.961695    5.45E-05   -0.000587   -0.000287  144.742310

 ELEM    S314 ================== LENGTH =    5.000000

 LOAD     DC3 ------------------    

 REL DIST          P          V2          V3           T          M2          M3
 0.00000    0.003273   12.065479    6.42E-05    0.000104    0.000318  144.742928
 1.00000    0.003273   12.065479    6.42E-05    0.000104   -2.65E-06   84.415531

 ELEM    S315 ================== LENGTH =    5.000000

 LOAD     DC3 ------------------    

 REL DIST          P          V2          V3           T          M2          M3
 0.00000    0.003273   12.065479    6.42E-05    0.000104   -2.65E-06   84.415531
 1.00000    0.003273   12.065479    6.42E-05    0.000104   -0.000324   24.088134

 ELEM    S316 ================== LENGTH =    3.500000

 LOAD     DC3 ------------------    

 REL DIST          P          V2          V3           T          M2          M3
 0.00000    0.003830   13.942039    7.09E-05    6.24E-05    0.000347   24.087381
 1.00000    0.003830   13.942039    7.09E-05    6.24E-05    9.94E-05  -24.709755
 Program SAP2000 Nonlinear Version 7.42                            File:DECK.OUT
                                                                            Page
  SYSTEM                                                                      29

 F R A M E   E L E M E N T   I N T E R N A L   F O R C E S

 ELEM    S317 ================== LENGTH =    1.500000

 LOAD     DC3 ------------------    

 REL DIST          P          V2          V3           T          M2          M3
 0.00000    0.003830   13.942039    7.09E-05    6.24E-05    9.94E-05  -24.709755
 1.00000    0.003830   13.942039    7.09E-05    6.24E-05   -6.88E-06  -45.622814

 ELEM    S318 ================== LENGTH =    5.000000

 LOAD     DC3 ------------------    

 REL DIST          P          V2          V3           T          M2          M3
 0.00000    0.003830   13.942039    7.09E-05    6.24E-05   -6.88E-06  -45.622814
 1.00000    0.003830   13.942039    7.09E-05    6.24E-05   -0.000361 -115.333009

 ELEM    S319 ================== LENGTH =    5.000000

 LOAD     DC3 ------------------    

 REL DIST          P          V2          V3           T          M2          M3
 0.00000    0.004441   -1.856685    7.43E-05   -0.001689    0.000361 -115.329739
 1.00000    0.004441   -1.856685    7.43E-05   -0.001689   -1.02E-05 -106.046314

 ELEM    S320 ================== LENGTH =    3.500000

 LOAD     DC3 ------------------    

 REL DIST          P          V2          V3           T          M2          M3
 0.00000    0.004441   -1.856685    7.43E-05   -0.001689   -1.02E-05 -106.046314
 1.00000    0.004441   -1.856685    7.43E-05   -0.001689   -0.000270  -99.547916

 ELEM    S321 ================== LENGTH =    1.500000

 LOAD     DC3 ------------------    

 REL DIST          P          V2          V3           T          M2          M3
 0.00000    0.004441   -1.856685    7.43E-05   -0.001689   -0.000270  -99.547916
 1.00000    0.004441   -1.856685    7.43E-05   -0.001689   -0.000382  -96.762888

 ELEM    S322 ================== LENGTH =    1.500000

 LOAD     DC3 ------------------    

 REL DIST          P          V2          V3           T          M2          M3
 0.00000    0.004927    2.350247    4.07E-05    0.001043    0.000186  -96.760420
 1.00000    0.004927    2.350247    4.07E-05    0.001043    0.000125 -100.285792
 Program SAP2000 Nonlinear Version 7.42                            File:DECK.OUT
                                                                            Page
  SYSTEM                                                                      30

 F R A M E   E L E M E N T   I N T E R N A L   F O R C E S

 ELEM    S323 ================== LENGTH =    3.500000

 LOAD     DC3 ------------------    

 REL DIST          P          V2          V3           T          M2          M3
 0.00000    0.004927    2.350247    4.07E-05    0.001043    0.000125 -100.285792
 1.00000    0.004927    2.350247    4.07E-05    0.001043   -1.79E-05 -108.511658

 ELEM    S324 ================== LENGTH =    5.000000

 LOAD     DC3 ------------------    

 REL DIST          P          V2          V3           T          M2          M3
 0.00000    0.004927    2.350247    4.07E-05    0.001043   -1.79E-05 -108.511658
 1.00000    0.004927    2.350247    4.07E-05    0.001043   -0.000222 -120.262895

 ELEM    S325 ================== LENGTH =    5.000000

 LOAD     DC3 ------------------    

 REL DIST          P          V2          V3           T          M2          M3
 0.00000    0.004948   -3.008060   -3.83E-05    0.000860   -0.000212 -120.266168
 1.00000    0.004948   -3.008060   -3.83E-05    0.000860   -2.07E-05 -105.225867

 ELEM    S326 ================== LENGTH =    1.500000

 LOAD     DC3 ------------------    

 REL DIST          P          V2          V3           T          M2          M3
 0.00000    0.004948   -3.008060   -3.83E-05    0.000860   -2.07E-05 -105.225867
 1.00000    0.004948   -3.008060   -3.83E-05    0.000860    3.67E-05 -100.713777

 ELEM    S327 ================== LENGTH =    3.500000

 LOAD     DC3 ------------------    

 REL DIST          P          V2          V3           T          M2          M3
 0.00000    0.004948   -3.008060   -3.83E-05    0.000860    3.67E-05 -100.713777
 1.00000    0.004948   -3.008060   -3.83E-05    0.000860    0.000171  -90.185566

 ELEM    S328 ================== LENGTH =    5.000000

 LOAD     DC3 ------------------    

 REL DIST          P          V2          V3           T          M2          M3
 0.00000    0.004266   -9.697097   -0.000124   -0.000624   -0.000637  -90.184769
 1.00000    0.004266   -9.697097   -0.000124   -0.000624   -1.96E-05  -41.699285
 Program SAP2000 Nonlinear Version 7.42                            File:DECK.OUT
                                                                            Page
  SYSTEM                                                                      31

 F R A M E   E L E M E N T   I N T E R N A L   F O R C E S

 ELEM    S329 ================== LENGTH =    5.000000

 LOAD     DC3 ------------------    

 REL DIST          P          V2          V3           T          M2          M3
 0.00000    0.004266   -9.697097   -0.000124   -0.000624   -1.96E-05  -41.699285
 1.00000    0.004266   -9.697097   -0.000124   -0.000624    0.000598    6.786199

 ELEM    S330 ================== LENGTH =    5.000000

 LOAD     DC3 ------------------    

 REL DIST          P          V2          V3           T          M2          M3
 0.00000    0.003011   -3.487937   -0.000174   -0.000649   -0.000891    6.786610
 1.00000    0.003011   -3.487937   -0.000174   -0.000649   -2.22E-05   24.226294

 ELEM    S331 ================== LENGTH =    5.000000

 LOAD     DC3 ------------------    

 REL DIST          P          V2          V3           T          M2          M3
 0.00000    0.003011   -3.487937   -0.000174   -0.000649   -2.22E-05   24.226294
 1.00000    0.003011   -3.487937   -0.000174   -0.000649    0.000847   41.665978

 ELEM    S332 ================== LENGTH =    4.685000

 LOAD     DC3 ------------------    

 REL DIST          P          V2          V3           T          M2          M3
 0.00000    0.001350    4.446911   -0.000265   -0.000682   -0.001179   41.666842
 1.00000    0.001350    4.446911   -0.000265   -0.000682    6.42E-05   20.833063

 ELEM    S333 ================== LENGTH =    4.685000

 LOAD     DC3 ------------------    

 REL DIST          P          V2          V3           T          M2          M3
 0.00000    0.001350    4.446911   -0.000265   -0.000682    6.42E-05   20.833063
 1.00000    0.001350    4.446911   -0.000265   -0.000682    0.001307   -0.000716

 ELEM   S11-1 ================== LENGTH =    1.414214

 LOAD     DC3 ------------------    

 REL DIST          P          V2          V3           T          M2          M3
 0.00000 -268.938463   38.418012     .000000     .000000     .000000   54.331274
 1.00000 -268.938463   38.418012     .000000     .000000     .000000   -9.52E-13
 Program SAP2000 Nonlinear Version 7.42                            File:DECK.OUT
                                                                            Page
  SYSTEM                                                                      32

 F R A M E   E L E M E N T   I N T E R N A L   F O R C E S

 ELEM   S11-2 ================== LENGTH =    1.431782

 LOAD     DC3 ------------------    

 REL DIST          P          V2          V3           T          M2          M3
 0.00000 -993.444382  212.880939     .000000    1.16E-09     .000000  304.799119
 1.00000 -993.444382  212.880939     .000000    1.16E-09     .000000   -1.38E-12

 ELEM   S12-1 ================== LENGTH =    1.600000

 LOAD     DC3 ------------------    

 REL DIST          P          V2          V3           T          M2          M3
 0.00000   -1454.503   -2.250064    0.015219     .000000    0.024351   -3.600103
 1.00000   -1454.503   -2.250064    0.015219     .000000   -3.64E-13   -1.86E-09

 ELEM   S12-2 ================== LENGTH =    1.627882

 LOAD     DC3 ------------------    

 REL DIST          P          V2          V3           T          M2          M3
 0.00000   -2152.336  403.562969    2.276352   -1.16E-10    3.705632  656.952917
 1.00000   -2152.336  403.562969    2.276352   -1.16E-10   -5.20E-09    4.36E-12

 ELEM   S13-1 ================== LENGTH =    1.414214

 LOAD     DC3 ------------------    

 REL DIST          P          V2          V3           T          M2          M3
 0.00000    1145.420 -163.645029   -7.45E-09     .000000     .000000 -231.429019
 1.00000    1145.420 -163.645029   -7.45E-09     .000000    1.05E-08   -2.49E-12

 ELEM   S13-2 ================== LENGTH =    1.400000

 LOAD     DC3 ------------------    

 REL DIST          P          V2          V3           T          M2          M3
 0.00000   -1576.806    7.45E-09   -7.28E-12    5.68E-14   -3.64E-12    1.49E-08
 1.00000   -1576.806    7.45E-09   -7.28E-12    5.68E-14    6.55E-12    4.47E-09

 ELEM   S21-1 ================== LENGTH =    1.400000

 LOAD     DC3 ------------------    

 REL DIST          P          V2          V3           T          M2          M3
 0.00000 -603.712639     .000000     .000000     .000000    2.33E-10     .000000
 1.00000 -603.712639     .000000     .000000     .000000    2.33E-10     .000000
 Program SAP2000 Nonlinear Version 7.42                            File:DECK.OUT
                                                                            Page
  SYSTEM                                                                      33

 F R A M E   E L E M E N T   I N T E R N A L   F O R C E S

 ELEM   S21-2 ================== LENGTH =    1.400000

 LOAD     DC3 ------------------    

 REL DIST          P          V2          V3           T          M2          M3
 0.00000 -603.712639     .000000     .000000     .000000    2.33E-10     .000000
 1.00000 -603.712639     .000000     .000000     .000000    2.33E-10     .000000
