 Computers and Structures, Inc. Property File Generation              PAGE    1
 PROPER  Version 6.00, Oct. 1994                 PROGRAM:PROPER/FILE:EXPROP.OUT

                              Units are in Inches      


 SECTION PROPERTIES

       SECTION            SHAPE             FLANGE    FLANGE       WEB    FILLET
   ID  LABEL              TYPE     DEPTH     WIDTH     THICK     THICK    RADIUS

    1  W44x285            W      44.0200   11.8100    1.7700    1.0250    2.6875
    2  M14x18             I      14.0000    4.0000     .2700     .2150     .6250
    3  C15x50             C      15.0000    3.7160     .6500     .7160    1.4375
    4  WT18x179.5         T      18.7000   16.7300    2.0100    1.1200    3.1250
    5  L9x4x5/8           L       9.0000    4.0000     .6250     .6250    1.1250
    6  2L8x8x9/8-3/4      2L      8.0000   16.7500    1.1250    1.1250    1.7500
    7  TS16x16x5/8        B      16.0000   16.0000     .6250     .6250    1.2500
    8  PXX8               P       8.6250    8.6250     .8750     .8750     .0000
 Computers and Structures, Inc. Property File Generation              PAGE    2
 PROPER  Version 6.00, Oct. 1994                 PROGRAM:PROPER/FILE:EXPROP.OUT


 ANALYSIS SECTION PROPERTIES

              AXIAL     TORSION    MOMENTS  OF  INERTIA            SHEAR  AREAS
   ID          AREA    CONSTANT       MAJOR       MINOR       MAJOR       MINOR

    1     .8380E+02   .6000E+02   .2460E+05   .4900E+03   .4512E+02   .3484E+02
    2     .5100E+01   .1100E+00   .1480E+03   .2640E+01   .3010E+01   .1800E+01
    3     .1470E+02   .2670E+01   .4040E+03   .1100E+02   .1074E+02   .4831E+01
    4     .5270E+02   .5430E+02   .1500E+04   .7860E+03   .2094E+02   .2802E+02
    5     .7730E+01   .1060E+01   .6490E+02   .8320E+01   .5625E+01   .2500E+01
    6     .3350E+02   .1426E+02   .1950E+03   .1236E+03   .1800E+02   .1800E+02
    7     .3740E+02   .2320E+04   .1450E+04   .1450E+04   .2000E+02   .2000E+02
    8     .2130E+02   .3240E+03   .1620E+03   .1620E+03   .1238E+02   .1238E+02
 Computers and Structures, Inc. Property File Generation              PAGE    3
 PROPER  Version 6.00, Oct. 1994                 PROGRAM:PROPER/FILE:EXPROP.OUT


 DESIGN SECTION PROPERTIES

          PLASTIC MODULI     CENTROID DIST                   ALTERNATE
   ID     MAJOR    MINOR       XB       YB  PARAM 1  PARAM 2 LABEL

    1  .131E+04 .135E+03   5.9050  22.0100  11.8100   1.7700 W1100x424         
    2  .249E+02 .220E+01   2.0000   7.0000   4.0000    .2700 M360x26           
    3  .682E+02 .817E+01    .7980   7.5000    .5830          C380x74           
    4  .187E+03 .146E+03   8.3650   4.3300                   WT460x267         
    5  .197E+02 .497E+01    .8604   3.3565    .8470          L229x102x15.9     
    6  .632E+02 .933E+02   8.3750   2.4444    .7500          2L203x203x28.6-20 
    7  .214E+03 .214E+03   8.0000   8.0000                   TS406x406x15.9    
    8  .528E+02 .528E+02   4.3125   4.3125                   PXX203            
