                               S A P 2 0 0 0 (R)                                

                          Structural Analysis Programs                          

                             Nonlinear Version 7.42                             

                            Copyright (C) 1978-2001                             
                         COMPUTERS AND STRUCTURES, INC.                         
                              All rights reserved                               

                This copy of SAP2000 is for the exclusive use of                

                                  THE LICENSEE                                  

           Unauthorized use is in violation of Federal copyright laws           

               It is the responsibility of the user to verify all               
                        results produced by this program                        

                             16 Nov 2020  21:42:05                              
 Program SAP2000 Nonlinear Version 7.42                            File:SELF.OUT
                                                                            Page
  SYSTEM                                                                       1

 D I S P L A C E M E N T   D E G R E E S   O F   F R E E D O M

         (A) = Active DOF, equilibrium equation
         (-) = Restrained DOF, reaction computed
         (+) = Constrained DOF
         (>) = External substructure DOF
         ( ) = Null DOF

  JOINTS              UX  UY  UZ  RX  RY  RZ
     101 TO     334    A   A   A   A   A   A
     S22               -   A   -   A   A   A
     S23               A   A   -   A   A   A
   S11-1               A   -   -   A   A   A
   S11-2               A   A   -   A   A   A
   S12-1               -   -   -   A   A   A
   S12-2               -   A   -   A   A   A
   S13-1               A   -   -   A   A   A
   S13-2 TO   S21-2    A   A   -   A   A   A
 Program SAP2000 Nonlinear Version 7.42                            File:SELF.OUT
                                                                            Page
  SYSTEM                                                                       2


 T O T A L   A S S E M B L E D   J O I N T   M A S S E S

 IN GLOBAL COORDINATES

                  UX          UY          UZ          RX          RY          RZ
   TOTAL     .000000     .000000     .000000     .000000     .000000     .000000


 T O T A L   A C C E L E R A T E D   M A S S   A N D   L O C A T I O N

 TOTAL MASS ACTIVATED BY ACCELERATION LOADS, IN GLOBAL COORDINATES

                  UX          UY          UZ
    MASS     .000000     .000000     .000000
   X-LOC     .000000     .000000     .000000
   Y-LOC     .000000     .000000     .000000
   Z-LOC     .000000     .000000     .000000
 Program SAP2000 Nonlinear Version 7.42                            File:SELF.OUT
                                                                            Page
  SYSTEM                                                                       3

 J O I N T   D I S P L A C E M E N T S

 TRANSLATIONS AND ROTATIONS, IN GLOBAL COORDINATES

 LOAD     DC1 ------------------    

   JOINT          UX          UY          UZ          RX          RY          RZ
     101   -0.003390    3.87E-07   -2.12E-07   -2.82E-07    0.005382   -5.68E-08
     102   -0.003390    2.35E-07   -0.014196   -2.95E-05    0.005306   -5.79E-08
     103   -0.003390    2.04E-07   -0.016975   -3.52E-05    0.005280   -5.80E-08
     104   -0.003390    1.98E-08   -0.033388   -6.95E-05    0.005032   -5.82E-08
     105   -0.003390   -2.74E-07   -0.056975   -0.000104    0.004346   -5.91E-08
     106   -0.003390   -5.68E-07   -0.076996   -0.000137    0.003628   -5.82E-08
     107   -0.003390   -8.59E-07   -0.092967   -0.000155    0.002735   -5.75E-08
     108   -0.003390   -1.14E-06   -0.104520   -0.000173    0.001872   -5.52E-08
     109   -0.003390   -1.41E-06   -0.111587   -0.000178    0.000949   -5.31E-08
     110   -0.003390   -1.67E-06   -0.113994   -0.000184    1.53E-05   -4.94E-08
     111   -0.003390   -1.79E-06   -0.113459   -0.000183   -0.000442   -4.78E-08
     112   -0.003390   -1.91E-06   -0.111799   -0.000182   -0.000883   -4.58E-08
     113   -0.003390   -2.13E-06   -0.105303   -0.000173   -0.001696   -4.25E-08
     114   -0.003390   -2.33E-06   -0.094666   -0.000164   -0.002527   -3.69E-08
     115   -0.003390   -2.50E-06   -0.080251   -0.000146   -0.003196   -3.12E-08
     116   -0.003390   -2.64E-06   -0.063182   -0.000129   -0.003581   -2.33E-08
     117   -0.003390   -2.71E-06   -0.050404   -0.000106   -0.003682   -1.70E-08
     118   -0.003390   -2.73E-06   -0.044899   -9.60E-05   -0.003651   -1.38E-08
     119   -0.003390   -2.77E-06   -0.027356   -6.38E-05   -0.003294   -2.59E-09
     120   -0.003390   -2.77E-06   -0.012173   -7.76E-06   -0.002721    3.60E-09
     121   -0.003390   -2.75E-06   -0.003327   -1.04E-06   -0.002312    4.76E-09
     122   -0.003390   -2.75E-06   -9.83E-07    1.72E-06   -0.002119    4.63E-09
     123   -0.003390   -2.73E-06    0.003028   -5.07E-07   -0.001922    1.61E-08
     124   -0.003390   -2.63E-06    0.009038   -5.70E-06   -0.001526    3.99E-08
     125   -0.003390   -2.35E-06    0.015033   -4.74E-05   -0.000906    7.01E-08
     126   -0.003390   -1.94E-06    0.018110   -7.00E-05   -0.000358    9.45E-08
     127   -0.003390   -1.79E-06    0.018505   -7.71E-05   -0.000173    1.03E-07
     128   -0.003390   -1.40E-06    0.018466   -9.37E-05    0.000175    1.22E-07
     129   -0.003390   -7.26E-07    0.016630   -9.78E-05    0.000525    1.46E-07
     130   -0.003390    5.72E-08    0.013517   -0.000102    0.000694    1.67E-07
     131   -0.003390    9.32E-07    0.009868   -8.71E-05    0.000747    1.83E-07
     132   -0.003390    1.88E-06    0.006194   -7.24E-05    0.000713    1.95E-07
     133   -0.003390    2.81E-06    0.002989   -3.75E-05    0.000657    2.02E-07
     134   -0.003390    3.76E-06   -3.09E-07   -2.68E-06    0.000628    2.05E-07
     201   -0.003396    3.84E-07   -2.20E-07    8.95E-05    0.005405   -5.63E-08
     202   -0.003396    2.33E-07   -0.014255    0.000100    0.005328   -5.75E-08
     203   -0.003396    2.03E-07   -0.017046    0.000103    0.005303   -5.76E-08
     204   -0.003396    1.96E-08   -0.033528    0.000115    0.005053   -5.79E-08
     205   -0.003396   -2.74E-07   -0.057214    0.000131    0.004364   -5.91E-08
     206   -0.003396   -5.68E-07   -0.077319    0.000146    0.003643   -5.82E-08
     207   -0.003396   -8.58E-07   -0.093354    0.000150    0.002746   -5.76E-08
     208   -0.003396   -1.14E-06   -0.104949    0.000154    0.001878   -5.52E-08
     209   -0.003396   -1.41E-06   -0.112038    0.000147    0.000952   -5.32E-08
     210   -0.003396   -1.67E-06   -0.114448    0.000141    1.41E-05   -4.93E-08
     211   -0.003396   -1.79E-06   -0.113908    0.000142   -0.000444   -4.78E-08
     212   -0.003396   -1.91E-06   -0.112239    0.000143   -0.000888   -4.58E-08
     213   -0.003396   -2.13E-06   -0.105714    0.000147   -0.001704   -4.24E-08
     214   -0.003396   -2.33E-06   -0.095034    0.000152   -0.002538   -3.68E-08
 Program SAP2000 Nonlinear Version 7.42                            File:SELF.OUT
                                                                            Page
  SYSTEM                                                                       4

 J O I N T   D I S P L A C E M E N T S

 TRANSLATIONS AND ROTATIONS, IN GLOBAL COORDINATES

   JOINT          UX          UY          UZ          RX          RY          RZ
     215   -0.003396   -2.50E-06   -0.080562    0.000157   -0.003208   -3.11E-08
     216   -0.003396   -2.64E-06   -0.063424    0.000163   -0.003595   -2.35E-08
     217   -0.003396   -2.71E-06   -0.050593    0.000160   -0.003697   -1.79E-08
     218   -0.003396   -2.73E-06   -0.045066    0.000158   -0.003666   -1.53E-08
     219   -0.003396   -2.79E-06   -0.027450    0.000153   -0.003307   -6.43E-09
     220   -0.003396   -2.80E-06   -0.012208    0.000103   -0.002731    3.91E-09
     221   -0.003396   -2.77E-06   -0.003335    9.71E-05   -0.002318    1.43E-08
     222   -0.003396   -2.74E-06   -1.42E-06    9.47E-05   -0.002123    1.97E-08
     223   -0.003396   -2.71E-06    0.003032    9.71E-05   -0.001924    2.52E-08
     224   -0.003396   -2.60E-06    0.009043    0.000103   -0.001524    3.94E-08
     225   -0.003396   -2.33E-06    0.015019    0.000149   -0.000901    6.58E-08
     226   -0.003396   -1.94E-06    0.018062    0.000170   -0.000351    9.28E-08
     227   -0.003396   -1.79E-06    0.018446    0.000176   -0.000165    1.02E-07
     228   -0.003396   -1.40E-06    0.018381    0.000192    0.000182    1.22E-07
     229   -0.003396   -7.27E-07    0.016516    0.000186    0.000529    1.46E-07
     230   -0.003396    5.71E-08    0.013391    0.000181    0.000695    1.67E-07
     231   -0.003396    9.32E-07    0.009747    0.000166    0.000744    1.83E-07
     232   -0.003396    1.88E-06    0.006100    0.000152    0.000705    1.95E-07
     233   -0.003396    2.81E-06    0.002937    0.000117    0.000646    2.01E-07
     234   -0.003396    3.76E-06   -7.21E-08    8.30E-05    0.000616    2.04E-07
     301   -0.003396    3.84E-07   -0.000394    0.000148    0.005438   -6.38E-09
     302   -0.003396    2.54E-07   -0.014735    0.000176    0.005361   -7.64E-08
     303   -0.003396    2.13E-07   -0.017542    0.000182    0.005330   -7.94E-08
     304   -0.003396    1.97E-08   -0.034088    0.000216    0.005078   -2.04E-08
     305   -0.003396   -2.86E-07   -0.057974    0.000259    0.004421   -8.04E-08
     306   -0.003396   -5.68E-07   -0.078086    0.000302    0.003638   -1.07E-08
     307   -0.003396   -8.58E-07   -0.094222    0.000313    0.002774   -8.13E-08
     308   -0.003396   -1.14E-06   -0.105765    0.000323    0.001872   -7.91E-09
     309   -0.003396   -1.40E-06   -0.112890    0.000291    0.000939   -7.38E-08
     310   -0.003396   -1.67E-06   -0.115123    0.000260   -1.46E-05   -1.42E-08
     311   -0.003396   -1.79E-06   -0.114561    0.000267   -0.000438   -6.50E-08
     312   -0.003396   -1.91E-06   -0.112946    0.000274   -0.000848   -1.15E-08
     313   -0.003396   -2.14E-06   -0.106569    0.000280   -0.001728   -6.13E-08
     314   -0.003396   -2.33E-06   -0.095772    0.000285   -0.002546    4.50E-09
     315   -0.003396   -2.49E-06   -0.081388    0.000302   -0.003198   -5.01E-08
     316   -0.003396   -2.64E-06   -0.064243    0.000319   -0.003580    1.13E-08
     317   -0.003396   -2.68E-06   -0.051583    0.000336   -0.003647   -2.83E-08
     318   -0.003396   -2.72E-06   -0.046109    0.000343   -0.003649   -3.11E-08
     319   -0.003396   -2.79E-06   -0.028355    0.000366   -0.003358    2.14E-08
     320   -0.003396   -2.78E-06   -0.012939    0.000253   -0.002820   -6.78E-09
     321   -0.003396   -2.78E-06   -0.003788    0.000174   -0.002386    1.43E-08
     322   -0.003396   -2.74E-06   -0.000384    0.000140   -0.002144    3.36E-08
     323   -0.003396   -2.69E-06    0.002643    0.000166   -0.001900    3.64E-08
     324   -0.003396   -2.55E-06    0.008463    0.000228   -0.001445    4.14E-08
     325   -0.003396   -2.33E-06    0.014222    0.000315   -0.000839    4.51E-08
     326   -0.003396   -1.88E-06    0.016976    0.000351   -0.000308    1.15E-07
     327   -0.003396   -1.71E-06    0.017341    0.000361   -0.000179    1.11E-07
     328   -0.003396   -1.40E-06    0.017397    0.000386    0.000164    5.82E-08
     329   -0.003396   -6.84E-07    0.015531    0.000361    0.000518    1.87E-07
     330   -0.003396    5.71E-08    0.012517    0.000337    0.000693    6.92E-08
 Program SAP2000 Nonlinear Version 7.42                            File:SELF.OUT
                                                                            Page
  SYSTEM                                                                       5

 J O I N T   D I S P L A C E M E N T S

 TRANSLATIONS AND ROTATIONS, IN GLOBAL COORDINATES

   JOINT          UX          UY          UZ          RX          RY          RZ
     331   -0.003396    9.50E-07    0.008823    0.000322    0.000735    2.35E-07
     332   -0.003396    1.88E-06    0.005317    0.000307    0.000688    8.34E-08
     333   -0.003396    2.87E-06    0.002208    0.000214    0.000607    2.70E-07
     334   -0.003396    3.76E-06   -0.000334    0.000121    0.000503    3.94E-08
     S22     .000000    0.000149     .000000    9.47E-05   -0.002123    1.97E-08
     S23   -0.004259    0.000120     .000000    8.30E-05    0.000616    2.04E-07
   S11-1   -0.010926     .000000     .000000   -2.97E-07    0.005382   -5.68E-08
   S11-2   -0.010926   -2.68E-08     .000000   -2.37E-07    0.005382   -5.68E-08
   S12-1     .000000     .000000     .000000    1.72E-06   -0.002119    4.63E-09
   S12-2     .000000   -9.93E-09     .000000    1.79E-06   -0.002119    4.51E-09
   S13-1   -0.004269     .000000     .000000   -2.66E-06    0.000628    2.05E-07
   S13-2   -0.004269    1.07E-08     .000000   -2.68E-06    0.000628    2.05E-07
   S21-1   -0.010963    0.000126     .000000    8.95E-05    0.005405   -5.63E-08
   S21-2   -0.010963    0.000126     .000000    8.95E-05    0.005405   -5.63E-08
 Program SAP2000 Nonlinear Version 7.42                            File:SELF.OUT
                                                                            Page
  SYSTEM                                                                       6

 A P P L I E D   L O A D S

 FORCES AND MOMENTS ACTING ON JOINTS, IN GLOBAL COORDINATES

 LOAD     DC1 ------------------    

   JOINT          FX          FY          FZ          MX          MY          MZ
     101   -4.17E-31    2.09E-30  -24.960252   -8.178758    7.471044    3.35E-30
     102     .000000   -1.60E-30  -20.832724     .000000   -7.128293    9.44E-31
     103     .000000    4.19E-30  -27.606599     .000000   12.192915    4.26E-30
     104   -1.82E-31   -1.33E-29  -66.761015   -5.861443   18.552847   -1.80E-29
     105     .000000    3.20E-30  -85.322542     .000000    8.925093   -3.17E-29
     106   -1.82E-31    2.74E-31 -101.798008   -5.861443   -1.21E-13   -2.90E-29
     107     .000000    8.45E-30 -101.972196     .000000    4.949618   -3.93E-30
     108   -1.82E-31   -2.94E-31 -113.677092   -5.861443    2.49E-13    2.83E-29
     109     .000000    3.51E-30 -107.911738     .000000    4.97E-14    2.02E-29
     110   -1.82E-31   -4.99E-30  -86.699158   -5.861443  -33.722418    1.46E-29
     111     .000000   -1.47E-31  -53.955869     .000000    6.22E-14    7.14E-30
     112   -1.82E-31    7.47E-31  -86.699158   -5.861443   33.722418    1.69E-29
     113     .000000   -2.61E-30 -101.062042     .000000   -5.708080    1.17E-29
     114   -1.82E-31   -9.22E-31  -98.329200   -5.861443   -1.373750   -9.90E-30
     115     .000000   -3.56E-31  -90.915346     .000000    9.24E-14   -1.25E-29
     116   -1.82E-31    1.81E-30  -76.291130   -5.861443  -23.258334   -2.74E-30
     117     .000000   -2.82E-30  -35.811575     .000000  -11.937192    3.50E-31
     118     .000000    6.30E-31  -52.294744     .000000   31.940192    1.87E-30
     119   -1.82E-31   -4.58E-30  -98.583334   -5.861443    8.096197   -2.02E-29
     120     .000000    1.01E-29 -100.726688     .000000  -13.870601   -7.53E-30
     121     .000000   -5.99E-30  -70.938188     .000000  -23.482103    1.02E-29
     122   -1.05E-30    5.62E-32  -55.023435  -12.268137   -1.15E-14    1.94E-30
     123     .000000   -2.86E-30  -71.594025     .000000   23.864675   -1.37E-29
     124     .000000    5.11E-30 -104.223116     .000000   15.855188   -9.49E-30
     125   -1.82E-31   -5.06E-30 -108.852041   -5.861443   -4.273257   -1.80E-30
     126     .000000    2.86E-30  -60.805153     .000000  -37.859717   -6.66E-30
     127     .000000    2.02E-30  -39.405243     .000000   13.131589    3.44E-30
     128   -1.82E-31   -1.42E-30  -69.661949   -5.861443   14.176233   -4.20E-30
     129     .000000    9.91E-31  -72.634230     .000000    2.49E-14   -5.67E-30
     130   -1.82E-31    4.71E-31  -74.451248   -5.861443   -3.290280   -9.77E-30
     131     .000000    1.10E-30  -64.737558     .000000    2.13E-14   -1.64E-29
     132   -1.82E-31    1.81E-30  -68.463679   -5.861443   -3.291662   -1.02E-29
     133     .000000    3.73E-31  -60.659092     .000000    3.55E-15   -4.30E-30
     134   -4.17E-31    5.45E-31  -38.374226   -8.178758  -23.682320    2.37E-30
     201    6.52E-31    2.09E-30  -28.982592   10.223447    7.471044    3.76E-30
     202     .000000   -1.60E-30  -20.832724     .000000   -7.128293    9.44E-31
     203     .000000    4.19E-30  -27.606599     .000000   12.192915    4.26E-30
     204    3.39E-31   -1.33E-29  -69.643692    7.326804   18.552847   -1.83E-29
     205     .000000    3.20E-30  -85.322542     .000000    8.925093   -3.17E-29
     206    3.39E-31    2.74E-31 -104.680685    7.326804   -1.21E-13   -2.93E-29
     207     .000000    8.45E-30 -101.972196     .000000    4.949618   -3.93E-30
     208    3.39E-31   -2.94E-31 -116.559769    7.326804    2.49E-13    2.81E-29
     209     .000000    3.51E-30 -107.911738     .000000    4.97E-14    2.02E-29
     210    3.39E-31   -4.99E-30  -89.581835    7.326804  -33.722418    1.44E-29
     211     .000000   -1.47E-31  -53.955869     .000000    6.22E-14    7.14E-30
     212    3.39E-31    7.47E-31  -89.581835    7.326804   33.722418    1.67E-29
     213     .000000   -2.61E-30 -101.062042     .000000   -5.708080    1.17E-29
     214    3.39E-31   -9.22E-31 -101.211877    7.326804   -1.373750   -1.01E-29
 Program SAP2000 Nonlinear Version 7.42                            File:SELF.OUT
                                                                            Page
  SYSTEM                                                                       7

 A P P L I E D   L O A D S

 FORCES AND MOMENTS ACTING ON JOINTS, IN GLOBAL COORDINATES

   JOINT          FX          FY          FZ          MX          MY          MZ
     215     .000000   -3.56E-31  -90.915346     .000000    9.24E-14   -1.25E-29
     216    3.39E-31    1.81E-30  -79.173807    7.326804  -23.258334   -2.97E-30
     217     .000000   -2.82E-30  -35.811575     .000000  -11.937192    3.50E-31
     218     .000000    6.30E-31  -52.294744     .000000   31.940192    1.87E-30
     219    3.39E-31   -4.58E-30 -101.466011    7.326804    8.096197   -2.04E-29
     220     .000000    1.01E-29 -100.726688     .000000  -13.870601   -7.53E-30
     221     .000000   -5.99E-30  -70.938188     .000000  -23.482103    1.02E-29
     222    1.63E-30    5.62E-32  -61.056945   15.335171   -1.15E-14    9.59E-31
     223     .000000   -2.86E-30  -71.594025     .000000   23.864675   -1.37E-29
     224     .000000    5.11E-30 -104.223116     .000000   15.855188   -9.49E-30
     225    3.39E-31   -5.06E-30 -111.734718    7.326804   -4.273257   -2.03E-30
     226     .000000    2.86E-30  -60.805153     .000000  -37.859717   -6.66E-30
     227     .000000    2.02E-30  -39.405243     .000000   13.131589    3.44E-30
     228    3.39E-31   -1.42E-30  -72.544626    7.326804   14.176233   -4.44E-30
     229     .000000    9.91E-31  -72.634230     .000000    2.49E-14   -5.67E-30
     230    3.39E-31    4.71E-31  -77.333925    7.326804   -3.290280   -1.00E-29
     231     .000000    1.10E-30  -64.737558     .000000    2.13E-14   -1.64E-29
     232    3.39E-31    1.81E-30  -71.346356    7.326804   -3.291662   -1.05E-29
     233     .000000    3.73E-31  -60.659092     .000000    3.55E-15   -4.30E-30
     234    6.52E-31    5.45E-31  -42.396566   10.223447  -23.682320    2.77E-30
     301   -2.22E-31    5.53E-31   -6.526961   -2.044689    1.106208    1.08E-30
     302     .000000   -5.01E-31   -3.000819     .000000   -1.062790    6.16E-31
     303     .000000    4.96E-32   -3.497018     .000000    1.544516    3.25E-31
     304   -1.24E-31   -1.27E-30  -10.609196   -1.465361    2.350150   -2.85E-30
     305     .000000    8.42E-31   -9.451400     .000000   -6.66E-15   -1.69E-30
     306   -1.24E-31   -2.52E-31  -12.334077   -1.465361    1.87E-14    9.78E-31
     307     .000000   -2.52E-31   -9.451400     .000000    1.87E-14    1.08E-30
     308   -1.24E-31   -2.52E-31  -12.334077   -1.465361    1.87E-14    9.78E-31
     309     .000000   -6.91E-31   -9.451400     .000000   -1.33E-14   -1.12E-30
     310   -1.24E-31    4.52E-31   -9.971227   -1.465361   -2.953562   -1.72E-30
     311     .000000   -1.26E-31   -4.725700     .000000    4.66E-15    2.69E-31
     312   -1.24E-31   -1.22E-31   -9.971227   -1.465361    2.953563    5.63E-31
     313     .000000   -2.52E-31   -9.451400     .000000    1.87E-14    1.08E-30
     314   -1.24E-31   -2.52E-31  -12.334077   -1.465361    1.87E-14    9.78E-31
     315     .000000   -2.52E-31   -9.451400     .000000    1.87E-14    1.08E-30
     316   -1.24E-31   -1.15E-31  -10.916367   -1.465361   -2.008422    8.57E-31
     317     .000000   -2.83E-31   -4.725700     .000000   -1.575233    1.25E-31
     318     .000000    9.63E-32   -6.143410     .000000    3.583656    4.50E-31
     319   -1.24E-31   -2.52E-31  -12.334077   -1.465361    1.87E-14    9.78E-31
     320     .000000   -1.15E-31   -8.033690     .000000   -2.008422    9.54E-31
     321     .000000   -2.83E-31   -4.725700     .000000   -1.575233    1.25E-31
     322   -5.52E-31   -3.52E-32   -8.868930   -3.067034   -7.77E-16    4.65E-32
     323     .000000    2.33E-31   -4.725700     .000000    1.575233    3.29E-31
     324     .000000   -1.51E-31   -8.033690     .000000    2.008423    7.62E-31
     325   -1.24E-31   -2.52E-31  -12.334077   -1.465361    1.87E-14    9.78E-31
     326     .000000   -3.83E-31   -6.143410     .000000   -3.583656    4.39E-31
     327     .000000    2.33E-31   -4.725700     .000000    1.575233    3.29E-31
     328   -1.24E-31   -1.51E-31  -10.916367   -1.465361    2.008423    6.65E-31
     329     .000000   -2.52E-31   -9.451400     .000000    1.87E-14    1.08E-30
     330   -1.24E-31   -2.52E-31  -12.334077   -1.465361    1.87E-14    9.78E-31
 Program SAP2000 Nonlinear Version 7.42                            File:SELF.OUT
                                                                            Page
  SYSTEM                                                                       8

 A P P L I E D   L O A D S

 FORCES AND MOMENTS ACTING ON JOINTS, IN GLOBAL COORDINATES

   JOINT          FX          FY          FZ          MX          MY          MZ
     331     .000000   -2.52E-31   -9.451400     .000000    1.87E-14    1.08E-30
     332   -1.24E-31   -1.86E-31  -12.036358   -1.465361   -0.480568    1.71E-31
     333     .000000   -8.46E-32   -8.855962     .000000    4.88E-15   -1.48E-31
     334   -2.22E-31   -1.59E-31   -8.450321   -2.044689   -3.457515    6.87E-31
 Program SAP2000 Nonlinear Version 7.42                            File:SELF.OUT
                                                                            Page
  SYSTEM                                                                       9

 R E S T R A I N T   F O R C E S   ( R E A C T I O N S )

 FORCES AND MOMENTS ACTING ON JOINTS, IN GLOBAL COORDINATES

 LOAD     DC1 ------------------    

   JOINT          FX          FY          FZ          MX          MY          MZ
     S22   -0.055061     .000000    1864.895     .000000     .000000     .000000
     S23     .000000     .000000  108.188465     .000000     .000000     .000000
   S11-1     .000000    0.004506  233.048093     .000000     .000000     .000000
   S11-2     .000000     .000000  441.358712     .000000     .000000     .000000
   S12-1   -1.012524   -0.011614    1290.452     .000000     .000000     .000000
   S12-2    1.067586     .000000  606.486617     .000000     .000000     .000000
   S13-1     .000000    0.007108 -339.481935     .000000     .000000     .000000
   S13-2     .000000     .000000  463.076470     .000000     .000000     .000000
   S21-1     .000000     .000000  330.240803     .000000     .000000     .000000
   S21-2     .000000     .000000  330.240803     .000000     .000000     .000000
 Program SAP2000 Nonlinear Version 7.42                            File:SELF.OUT
                                                                            Page
  SYSTEM                                                                      10

 G L O B A L   F O R C E   B A L A N C E

 TOTAL FORCE AND MOMENT AT THE ORIGIN, IN GLOBAL COORDINATES

 LOAD     DC1 ------------------    

                  FX          FY          FZ          MX          MY          MZ
 APPLIED    4.55E-31    1.74E-30   -5328.505  -16400.385  336323.854    5.46E-28
 REACTNS   -3.97E-09   -1.34E-10    5328.505   16400.385 -336323.854    3.82E-08

   TOTAL   -3.97E-09   -1.34E-10   -5.03E-09    2.81E-08    6.68E-08    3.82E-08
 Program SAP2000 Nonlinear Version 7.42                            File:SELF.OUT
                                                                            Page
  SYSTEM                                                                      11

 F R A M E   E L E M E N T   I N T E R N A L   F O R C E S

 ELEM     S22 ================== LENGTH =    1.600000

 LOAD     DC1 ------------------    

 REL DIST          P          V2          V3           T          M2          M3
 0.00000   -1864.895   -0.055061    5.82E-11     .000000    1.75E-10   -0.088098
 1.00000   -1864.895   -0.055061    5.82E-11     .000000    8.15E-11   -9.31E-10

 ELEM     S23 ================== LENGTH =    1.400000

 LOAD     DC1 ------------------    

 REL DIST          P          V2          V3           T          M2          M3
 0.00000 -108.188465    7.45E-09   -1.16E-10     .000000   -1.75E-10    7.45E-09
 1.00000 -108.188465    7.45E-09   -1.16E-10     .000000   -1.16E-11   -2.98E-09

 ELEM    C401 ================== LENGTH =    6.100000

 LOAD     DC1 ------------------    

 REL DIST          P          V2          V3           T          M2          M3
 0.00000   -0.002303  -27.168717   -0.003946    0.000339   -0.012037  -46.942047
 1.00000   -0.002303  -11.079357   -0.003946    0.000339    0.012035   69.714581

 ELEM    C404 ================== LENGTH =    6.100000

 LOAD     DC1 ------------------    

 REL DIST          P          V2          V3           T          M2          M3
 0.00000   -0.000124  -14.085649   -0.003944    0.000189   -0.012030  -14.195766
 1.00000   -0.000124   -2.554941   -0.003944    0.000189    0.012029   36.558032

 ELEM    C406 ================== LENGTH =    6.100000

 LOAD     DC1 ------------------    

 REL DIST          P          V2          V3           T          M2          M3
 0.00000    0.000104  -16.174874   -0.003948    0.000133   -0.012041  -11.482282
 1.00000    0.000104   -4.644166   -0.003948    0.000133    0.012041   52.015787

 ELEM    C408 ================== LENGTH =    6.100000

 LOAD     DC1 ------------------    

 REL DIST          P          V2          V3           T          M2          M3
 0.00000   -2.08E-05  -16.759393   -0.003941    5.71E-05   -0.012020   -9.293472
 1.00000   -2.08E-05   -5.228685   -0.003941    5.71E-05    0.012020   57.770164
 Program SAP2000 Nonlinear Version 7.42                            File:SELF.OUT
                                                                            Page
  SYSTEM                                                                      12

 F R A M E   E L E M E N T   I N T E R N A L   F O R C E S

 ELEM    C410 ================== LENGTH =    6.100000

 LOAD     DC1 ------------------    

 REL DIST          P          V2          V3           T          M2          M3
 0.00000   -6.24E-05  -15.358716   -0.003924   -1.01E-05   -0.011969   -5.249819
 1.00000   -6.24E-05   -3.828008   -0.003924   -1.01E-05    0.011969   53.269687

 ELEM    C412 ================== LENGTH =    6.100000

 LOAD     DC1 ------------------    

 REL DIST          P          V2          V3           T          M2          M3
 0.00000    3.01E-05  -15.313288   -0.003914   -3.83E-05   -0.011938   -5.084013
 1.00000    3.01E-05   -3.782580   -0.003914   -3.83E-05    0.011938   53.158386

 ELEM    C414 ================== LENGTH =    6.100000

 LOAD     DC1 ------------------    

 REL DIST          P          V2          V3           T          M2          M3
 0.00000    0.000225  -15.557868   -0.003889   -9.05E-05   -0.011863   -6.618021
 1.00000    0.000225   -4.027160   -0.003889   -9.05E-05    0.011862   53.116314

 ELEM    C416 ================== LENGTH =    6.100000

 LOAD     DC1 ------------------    

 REL DIST          P          V2          V3           T          M2          M3
 0.00000    0.000517  -16.080629   -0.003850   -0.000129   -0.011743  -10.434513
 1.00000    0.000517   -4.549921   -0.003850   -0.000129    0.011744   52.488662

 ELEM    C419 ================== LENGTH =    6.100000

 LOAD     DC1 ------------------    

 REL DIST          P          V2          V3           T          M2          M3
 0.00000   -0.009181  -16.657348   -0.003795   -0.000121   -0.011567  -19.108611
 1.00000   -0.009181   -5.126640   -0.003795   -0.000121    0.011581   47.332551

 ELEM    C422 ================== LENGTH =    6.100000

 LOAD     DC1 ------------------    

 REL DIST          P          V2          V3           T          M2          M3
 0.00000    0.005020  -56.804845   -0.003780   -0.000145   -0.011558 -104.920083
 1.00000    0.005020  -32.670805   -0.003780   -0.000145    0.011501  167.980651
 Program SAP2000 Nonlinear Version 7.42                            File:SELF.OUT
                                                                            Page
  SYSTEM                                                                      13

 F R A M E   E L E M E N T   I N T E R N A L   F O R C E S

 ELEM    C425 ================== LENGTH =    6.100000

 LOAD     DC1 ------------------    

 REL DIST          P          V2          V3           T          M2          M3
 0.00000    0.010338  -15.410451   -0.003536    4.95E-05   -0.010775  -17.156975
 1.00000    0.010338   -3.879743   -0.003536    4.95E-05    0.010792   41.678117

 ELEM    C428 ================== LENGTH =    6.100000

 LOAD     DC1 ------------------    

 REL DIST          P          V2          V3           T          M2          M3
 0.00000   -0.000673  -17.158635   -0.003334    6.20E-05   -0.010168  -14.323325
 1.00000   -0.000673   -5.627927   -0.003334    6.20E-05    0.010170   55.175688

 ELEM    C430 ================== LENGTH =    6.100000

 LOAD     DC1 ------------------    

 REL DIST          P          V2          V3           T          M2          M3
 0.00000   -9.20E-05  -16.723153   -0.003167    8.75E-06   -0.009659  -13.193113
 1.00000   -9.20E-05   -5.192445   -0.003167    8.75E-06    0.009658   53.649464

 ELEM    C432 ================== LENGTH =    6.100000

 LOAD     DC1 ------------------    

 REL DIST          P          V2          V3           T          M2          M3
 0.00000    9.73E-08  -15.740713   -0.003061   -6.63E-05   -0.009337  -15.652390
 1.00000    9.73E-08   -4.210005   -0.003061   -6.63E-05    0.009338   45.197300

 ELEM    C434 ================== LENGTH =    6.100000

 LOAD     DC1 ------------------    

 REL DIST          P          V2          V3           T          M2          M3
 0.00000   -0.003779  -25.252838   -0.003031   -0.000172   -0.009244  -41.983615
 1.00000   -0.003779   -9.163478   -0.003031   -0.000172    0.009247   62.986149

 ELEM    C501 ================== LENGTH =    3.050000

 LOAD     DC1 ------------------    

 REL DIST          P          V2          V3           T          M2          M3
 0.00000    0.000149  -22.093606   -0.000448   -0.001005   -0.000870  -55.117942
 1.00000    0.000149  -14.048926   -0.000448   -0.001005    0.000497   -0.000581
 Program SAP2000 Nonlinear Version 7.42                            File:SELF.OUT
                                                                            Page
  SYSTEM                                                                      14

 F R A M E   E L E M E N T   I N T E R N A L   F O R C E S

 ELEM    C504 ================== LENGTH =    3.050000

 LOAD     DC1 ------------------    

 REL DIST          P          V2          V3           T          M2          M3
 0.00000   -8.98E-05  -15.984756   -0.000571   -0.000435   -0.001010  -39.961230
 1.00000   -8.98E-05  -10.219402   -0.000571   -0.000435    0.000731    0.000111

 ELEM    C506 ================== LENGTH =    3.050000

 LOAD     DC1 ------------------    

 REL DIST          P          V2          V3           T          M2          M3
 0.00000    6.48E-06  -22.717857   -0.000529    8.89E-05   -0.000983  -60.496938
 1.00000    6.48E-06  -16.952503   -0.000529    8.89E-05    0.000630    0.000359

 ELEM    C508 ================== LENGTH =    3.050000

 LOAD     DC1 ------------------    

 REL DIST          P          V2          V3           T          M2          M3
 0.00000   -8.42E-06  -24.289296   -0.000524    0.000115   -0.000975  -65.289734
 1.00000   -8.42E-06  -18.523942   -0.000524    0.000115    0.000622    0.000453

 ELEM    C510 ================== LENGTH =    3.050000

 LOAD     DC1 ------------------    

 REL DIST          P          V2          V3           T          M2          M3
 0.00000    0.000133  -18.254516   -0.000575    0.000512   -0.001007  -46.884608
 1.00000    0.000133  -12.489162   -0.000575    0.000512    0.000746   -0.000500

 ELEM    C512 ================== LENGTH =    3.050000

 LOAD     DC1 ------------------    

 REL DIST          P          V2          V3           T          M2          M3
 0.00000   -0.000137  -19.749664   -0.000559   -0.000716   -0.000981  -51.444213
 1.00000   -0.000137  -13.984310   -0.000559   -0.000716    0.000725    9.79E-05

 ELEM    C514 ================== LENGTH =    3.050000

 LOAD     DC1 ------------------    

 REL DIST          P          V2          V3           T          M2          M3
 0.00000    1.88E-07  -19.997932   -0.000453    0.000147   -0.000844  -52.201651
 1.00000    1.88E-07  -14.232578   -0.000453    0.000147    0.000537   -0.000123
 Program SAP2000 Nonlinear Version 7.42                            File:SELF.OUT
                                                                            Page
  SYSTEM                                                                      15

 F R A M E   E L E M E N T   I N T E R N A L   F O R C E S

 ELEM    C516 ================== LENGTH =    3.050000

 LOAD     DC1 ------------------    

 REL DIST          P          V2          V3           T          M2          M3
 0.00000   -9.60E-06  -22.674380   -0.000397   -0.000268   -0.000735  -60.364769
 1.00000   -9.60E-06  -16.909026   -0.000397   -0.000268    0.000476   -7.51E-05

 ELEM    C519 ================== LENGTH =    3.050000

 LOAD     DC1 ------------------    

 REL DIST          P          V2          V3           T          M2          M3
 0.00000   -1.20E-05  -29.632200   -0.000310    0.000907   -0.000576  -81.584558
 1.00000   -1.20E-05  -23.866846   -0.000310    0.000907    0.000369    0.001487

 ELEM    C522 ================== LENGTH =    3.050000

 LOAD     DC1 ------------------    

 REL DIST          P          V2          V3           T          M2          M3
 0.00000   -3.30E-05  -36.138502   -0.000130    0.001561   -0.000251  -91.822408
 1.00000   -3.30E-05  -24.071482   -0.000130    0.001561    0.000147   -0.002182

 ELEM    C525 ================== LENGTH =    3.050000

 LOAD     DC1 ------------------    

 REL DIST          P          V2          V3           T          M2          M3
 0.00000   -5.53E-05  -23.922389    0.000245   -0.001108    0.000451  -64.170554
 1.00000   -5.53E-05  -18.157035    0.000245   -0.001108   -0.000297    0.000569

 ELEM    C528 ================== LENGTH =    3.050000

 LOAD     DC1 ------------------    

 REL DIST          P          V2          V3           T          M2          M3
 0.00000   -5.44E-05  -27.346982    0.000707    0.000319    0.001315  -74.615479
 1.00000   -5.44E-05  -21.581628    0.000707    0.000319   -0.000841    0.000650

 ELEM    C530 ================== LENGTH =    3.050000

 LOAD     DC1 ------------------    

 REL DIST          P          V2          V3           T          M2          M3
 0.00000   -3.26E-05  -22.658669    0.001079    3.62E-05    0.002010  -60.316879
 1.00000   -3.26E-05  -16.893315    0.001079    3.62E-05   -0.001283   -0.000105
 Program SAP2000 Nonlinear Version 7.42                            File:SELF.OUT
                                                                            Page
  SYSTEM                                                                      16

 F R A M E   E L E M E N T   I N T E R N A L   F O R C E S

 ELEM    C532 ================== LENGTH =    3.050000

 LOAD     DC1 ------------------    

 REL DIST          P          V2          V3           T          M2          M3
 0.00000   -7.18E-05  -22.661531    0.001362    0.000313    0.002492  -60.324589
 1.00000   -7.18E-05  -16.896177    0.001362    0.000313   -0.001663    0.000917

 ELEM    C534 ================== LENGTH =    3.050000

 LOAD     DC1 ------------------    

 REL DIST          P          V2          V3           T          M2          M3
 0.00000    0.000216  -16.315750    0.001102    0.003426    0.002295  -37.495980
 1.00000    0.000216   -8.271070    0.001102    0.003426   -0.001065   -0.001078

 ELEM    G101 ================== LENGTH =    2.650000

 LOAD     DC1 ------------------    

 REL DIST          P          V2          V3           T          M2          M3
 0.00000    0.003946 -647.238088    0.002203  -38.862256    0.012037    0.000339
 1.00000    0.003946 -613.406945    0.002203  -38.862256    0.006199    1670.355

 ELEM    G102 ================== LENGTH =    0.525000

 LOAD     DC1 ------------------    

 REL DIST          P          V2          V3           T          M2          M3
 0.00000    0.003946 -613.406945    0.002203  -38.862256    0.006199    1670.355
 1.00000    0.003946 -605.572640    0.002203  -38.862256    0.005043    1990.337

 ELEM    G103 ================== LENGTH =    3.175000

 LOAD     DC1 ------------------    

 REL DIST          P          V2          V3           T          M2          M3
 0.00000    0.003946 -605.572640    0.002203  -38.862256    0.005043    1990.337
 1.00000    0.003946 -558.193747    0.002203  -38.862256   -0.001951    3837.816

 ELEM    G104 ================== LENGTH =    5.000000

 LOAD     DC1 ------------------    

 REL DIST          P          V2          V3           T          M2          M3
 0.00000    0.007890 -544.108098    0.002079  -24.666490    0.010079    3837.816
 1.00000    0.007890 -469.495668    0.002079  -24.666490   -0.000317    6371.826
 Program SAP2000 Nonlinear Version 7.42                            File:SELF.OUT
                                                                            Page
  SYSTEM                                                                      17

 F R A M E   E L E M E N T   I N T E R N A L   F O R C E S

 ELEM    G105 ================== LENGTH =    5.000000

 LOAD     DC1 ------------------    

 REL DIST          P          V2          V3           T          M2          M3
 0.00000    0.007890 -469.495668    0.002079  -24.666490   -0.000317    6371.826
 1.00000    0.007890 -373.463014    0.002079  -24.666490   -0.010713    8479.223

 ELEM    G106 ================== LENGTH =    5.000000

 LOAD     DC1 ------------------    

 REL DIST          P          V2          V3           T          M2          M3
 0.00000    0.011838 -357.288140    0.002183  -13.184208    0.001328    8479.223
 1.00000    0.011838 -261.255486    0.002183  -13.184208   -0.009589   10025.582

 ELEM    G107 ================== LENGTH =    5.000000

 LOAD     DC1 ------------------    

 REL DIST          P          V2          V3           T          M2          M3
 0.00000    0.011838 -261.255486    0.002183  -13.184208   -0.009589   10025.582
 1.00000    0.011838 -153.343748    0.002183  -13.184208   -0.020505   11062.080

 ELEM    G108 ================== LENGTH =    5.000000

 LOAD     DC1 ------------------    

 REL DIST          P          V2          V3           T          M2          M3
 0.00000    0.015779 -136.584355    0.002162   -3.890736   -0.008485   11062.080
 1.00000    0.015779  -28.672617    0.002162   -3.890736   -0.019297   11475.222

 ELEM    G109 ================== LENGTH =    5.000000

 LOAD     DC1 ------------------    

 REL DIST          P          V2          V3           T          M2          M3
 0.00000    0.015779  -28.672617    0.002162   -3.890736   -0.019297   11475.222
 1.00000    0.015779   79.239121    0.002162   -3.890736   -0.030109   11348.806

 ELEM    G110 ================== LENGTH =    2.500000

 LOAD     DC1 ------------------    

 REL DIST          P          V2          V3           T          M2          M3
 0.00000    0.019703   94.597837    0.002100    1.359083   -0.018140   11348.806
 1.00000    0.019703  148.553706    0.002100    1.359083   -0.023391   11044.867
 Program SAP2000 Nonlinear Version 7.42                            File:SELF.OUT
                                                                            Page
  SYSTEM                                                                      18

 F R A M E   E L E M E N T   I N T E R N A L   F O R C E S

 ELEM    G111 ================== LENGTH =    2.500000

 LOAD     DC1 ------------------    

 REL DIST          P          V2          V3           T          M2          M3
 0.00000    0.019703  148.553706    0.002100    1.359083   -0.023391   11044.867
 1.00000    0.019703  202.509575    0.002100    1.359083   -0.028641   10606.038

 ELEM    G112 ================== LENGTH =    5.000000

 LOAD     DC1 ------------------    

 REL DIST          P          V2          V3           T          M2          M3
 0.00000    0.023618  217.822863    0.002130    6.443096   -0.016702   10606.038
 1.00000    0.023618  325.734601    0.002130    6.443096   -0.027353    9247.144

 ELEM    G113 ================== LENGTH =    5.000000

 LOAD     DC1 ------------------    

 REL DIST          P          V2          V3           T          M2          M3
 0.00000    0.023618  325.734601    0.002130    6.443096   -0.027353    9247.144
 1.00000    0.023618  419.946947    0.002130    6.443096   -0.038004    7382.940

 ELEM    G114 ================== LENGTH =    5.000000

 LOAD     DC1 ------------------    

 REL DIST          P          V2          V3           T          M2          M3
 0.00000    0.027507  435.504815    0.002355   13.061117   -0.026141    7382.940
 1.00000    0.027507  526.420161    0.002355   13.061117   -0.037916    4978.127

 ELEM    G115 ================== LENGTH =    5.000000

 LOAD     DC1 ------------------    

 REL DIST          P          V2          V3           T          M2          M3
 0.00000    0.027507  526.420161    0.002355   13.061117   -0.037916    4978.127
 1.00000    0.027507  617.335508    0.002355   13.061117   -0.049692    2118.738

 ELEM    G116 ================== LENGTH =    3.500000

 LOAD     DC1 ------------------    

 REL DIST          P          V2          V3           T          M2          M3
 0.00000    0.031357  633.416136    0.002872   23.495629   -0.037949    2118.738
 1.00000    0.031357  683.552341    0.002872   23.495629   -0.048000 -185.956666
 Program SAP2000 Nonlinear Version 7.42                            File:SELF.OUT
                                                                            Page
  SYSTEM                                                                      19

 F R A M E   E L E M E N T   I N T E R N A L   F O R C E S

 ELEM    G117 ================== LENGTH =    1.500000

 LOAD     DC1 ------------------    

 REL DIST          P          V2          V3           T          M2          M3
 0.00000    0.031357  683.552341    0.002872   23.495629   -0.048000 -185.956666
 1.00000    0.031357  705.039286    0.002872   23.495629   -0.052307   -1227.400

 ELEM    G118 ================== LENGTH =    5.000000

 LOAD     DC1 ------------------    

 REL DIST          P          V2          V3           T          M2          M3
 0.00000    0.031357  705.039286    0.002872   23.495629   -0.052307   -1227.400
 1.00000    0.031357  788.141830    0.002872   23.495629   -0.066666   -4960.353

 ELEM    G119 ================== LENGTH =    5.000000

 LOAD     DC1 ------------------    

 REL DIST          P          V2          V3           T          M2          M3
 0.00000    0.035152  804.799178   -0.006309   42.604241   -0.055099   -4960.353
 1.00000    0.035152  907.332593   -0.006309   42.604241   -0.023555   -9240.683

 ELEM    G120 ================== LENGTH =    3.500000

 LOAD     DC1 ------------------    

 REL DIST          P          V2          V3           T          M2          M3
 0.00000    0.035152  907.332593   -0.006309   42.604241   -0.023555   -9240.683
 1.00000    0.035152    1006.253   -0.006309   42.604241   -0.001474  -12589.457

 ELEM    G121 ================== LENGTH =    1.500000

 LOAD     DC1 ------------------    

 REL DIST          P          V2          V3           T          M2          M3
 0.00000    0.035152    1006.253   -0.006309   42.604241   -0.001474  -12589.457
 1.00000    0.035152    1049.209   -0.006309   42.604241    0.007990  -14131.053

 ELEM    G122 ================== LENGTH =    1.500000

 LOAD     DC1 ------------------    

 REL DIST          P          V2          V3           T          M2          M3
 0.00000   -0.016129 -790.924927   -0.012903  -34.403080   -0.300728  -14131.141
 1.00000   -0.016129 -747.968512   -0.012903  -34.403080   -0.281374  -12976.971
 Program SAP2000 Nonlinear Version 7.42                            File:SELF.OUT
                                                                            Page
  SYSTEM                                                                      20

 F R A M E   E L E M E N T   I N T E R N A L   F O R C E S

 ELEM    G123 ================== LENGTH =    3.500000

 LOAD     DC1 ------------------    

 REL DIST          P          V2          V3           T          M2          M3
 0.00000   -0.016129 -747.968512   -0.012903  -34.403080   -0.281374  -12976.971
 1.00000   -0.016129 -647.736876   -0.012903  -34.403080   -0.236213  -10534.487

 ELEM    G124 ================== LENGTH =    5.000000

 LOAD     DC1 ------------------    

 REL DIST          P          V2          V3           T          M2          M3
 0.00000   -0.016129 -647.736876   -0.012903  -34.403080   -0.236213  -10534.487
 1.00000   -0.016129 -539.522280   -0.012903  -34.403080   -0.171699   -7566.339

 ELEM    G125 ================== LENGTH =    5.000000

 LOAD     DC1 ------------------    

 REL DIST          P          V2          V3           T          M2          M3
 0.00000   -0.012594 -524.111829   -0.002565  -17.246104   -0.160923   -7566.339
 1.00000   -0.012594 -426.153051   -0.002565  -17.246104   -0.148100   -5190.676

 ELEM    G126 ================== LENGTH =    1.500000

 LOAD     DC1 ------------------    

 REL DIST          P          V2          V3           T          M2          M3
 0.00000   -0.012594 -426.153051   -0.002565  -17.246104   -0.148100   -5190.676
 1.00000   -0.012594 -402.501523   -0.002565  -17.246104   -0.144253   -4569.186

 ELEM    G127 ================== LENGTH =    3.500000

 LOAD     DC1 ------------------    

 REL DIST          P          V2          V3           T          M2          M3
 0.00000   -0.012594 -402.501523   -0.002565  -17.246104   -0.144253   -4569.186
 1.00000   -0.012594 -347.342564   -0.002565  -17.246104   -0.135277   -3256.958

 ELEM    G128 ================== LENGTH =    5.000000

 LOAD     DC1 ------------------    

 REL DIST          P          V2          V3           T          M2          M3
 0.00000   -0.009259 -330.183929   -0.003238   -2.922779   -0.125108   -3256.958
 1.00000   -0.009259 -257.549699   -0.003238   -2.922779   -0.108921   -1787.624
 Program SAP2000 Nonlinear Version 7.42                            File:SELF.OUT
                                                                            Page
  SYSTEM                                                                      21

 F R A M E   E L E M E N T   I N T E R N A L   F O R C E S

 ELEM    G129 ================== LENGTH =    5.000000

 LOAD     DC1 ------------------    

 REL DIST          P          V2          V3           T          M2          M3
 0.00000   -0.009259 -257.549699   -0.003238   -2.922779   -0.108921   -1787.624
 1.00000   -0.009259 -184.915469   -0.003238   -2.922779   -0.092733 -681.461336

 ELEM    G130 ================== LENGTH =    5.000000

 LOAD     DC1 ------------------    

 REL DIST          P          V2          V3           T          M2          M3
 0.00000   -0.006093 -168.192315   -0.003330   10.270334   -0.083074 -681.461327
 1.00000   -0.006093 -103.454758   -0.003330   10.270334   -0.066426   -2.343645

 ELEM    G131 ================== LENGTH =    5.000000

 LOAD     DC1 ------------------    

 REL DIST          P          V2          V3           T          M2          M3
 0.00000   -0.006093 -103.454758   -0.003330   10.270334   -0.066426   -2.343645
 1.00000   -0.006093  -38.717200   -0.003330   10.270334   -0.049778  353.086248

 ELEM    G132 ================== LENGTH =    4.685000

 LOAD     DC1 ------------------    

 REL DIST          P          V2          V3           T          M2          M3
 0.00000   -0.003031  -22.976487   -0.003329   25.922724   -0.040441  353.086182
 1.00000   -0.003031   37.682605   -0.003329   25.922724   -0.024843  318.637099

 ELEM    G133 ================== LENGTH =    4.685000

 LOAD     DC1 ------------------    

 REL DIST          P          V2          V3           T          M2          M3
 0.00000   -0.003031   37.682605   -0.003329   25.922724   -0.024843  318.637099
 1.00000   -0.003031   98.341697   -0.003329   25.922724   -0.009244    0.000172

 ELEM    G201 ================== LENGTH =    2.650000

 LOAD     DC1 ------------------    

 REL DIST          P          V2          V3           T          M2          M3
 0.00000   -0.004394 -649.467358    0.002154   14.596639    0.012905    0.000666
 1.00000   -0.004394 -615.636215    0.002154   14.596639    0.007196    1676.263
 Program SAP2000 Nonlinear Version 7.42                            File:SELF.OUT
                                                                            Page
  SYSTEM                                                                      22

 F R A M E   E L E M E N T   I N T E R N A L   F O R C E S

 ELEM    G202 ================== LENGTH =    0.525000

 LOAD     DC1 ------------------    

 REL DIST          P          V2          V3           T          M2          M3
 0.00000   -0.004394 -615.636215    0.002154   14.596639    0.007196    1676.263
 1.00000   -0.004394 -607.801910    0.002154   14.596639    0.006066    1997.415

 ELEM    G203 ================== LENGTH =    3.175000

 LOAD     DC1 ------------------    

 REL DIST          P          V2          V3           T          M2          M3
 0.00000   -0.004394 -607.801910    0.002154   14.596639    0.006066    1997.415
 1.00000   -0.004394 -560.423017    0.002154   14.596639   -0.000774    3851.972

 ELEM    G204 ================== LENGTH =    5.000000

 LOAD     DC1 ------------------    

 REL DIST          P          V2          V3           T          M2          M3
 0.00000   -0.008909 -546.993201    0.002368   11.193440    0.012266    3851.973
 1.00000   -0.008909 -472.380771    0.002368   11.193440    0.000428    6400.408

 ELEM    G205 ================== LENGTH =    5.000000

 LOAD     DC1 ------------------    

 REL DIST          P          V2          V3           T          M2          M3
 0.00000   -0.008909 -472.380771    0.002368   11.193440    0.000428    6400.408
 1.00000   -0.008909 -376.348117    0.002368   11.193440   -0.011410    8522.230

 ELEM    G206 ================== LENGTH =    5.000000

 LOAD     DC1 ------------------    

 REL DIST          P          V2          V3           T          M2          M3
 0.00000   -0.013386 -358.274426    0.002257    2.712289    0.001615    8522.230
 1.00000   -0.013386 -262.241772    0.002257    2.712289   -0.009670   10073.520

 ELEM    G207 ================== LENGTH =    5.000000

 LOAD     DC1 ------------------    

 REL DIST          P          V2          V3           T          M2          M3
 0.00000   -0.013386 -262.241772    0.002257    2.712289   -0.009670   10073.520
 1.00000   -0.013386 -154.330034    0.002257    2.712289   -0.020955   11114.950
 Program SAP2000 Nonlinear Version 7.42                            File:SELF.OUT
                                                                            Page
  SYSTEM                                                                      23

 F R A M E   E L E M E N T   I N T E R N A L   F O R C E S

 ELEM    G208 ================== LENGTH =    5.000000

 LOAD     DC1 ------------------    

 REL DIST          P          V2          V3           T          M2          M3
 0.00000   -0.017851 -135.269423    0.002286   -4.807282   -0.007961   11114.949
 1.00000   -0.017851  -27.357685    0.002286   -4.807282   -0.019392   11521.517

 ELEM    G209 ================== LENGTH =    5.000000

 LOAD     DC1 ------------------    

 REL DIST          P          V2          V3           T          M2          M3
 0.00000   -0.017851  -27.357685    0.002286   -4.807282   -0.019392   11521.517
 1.00000   -0.017851   80.554054    0.002286   -4.807282   -0.030823   11388.526

 ELEM    G210 ================== LENGTH =    2.500000

 LOAD     DC1 ------------------    

 REL DIST          P          V2          V3           T          M2          M3
 0.00000   -0.022350   94.980562    0.002216    1.577797   -0.017847   11388.526
 1.00000   -0.022350  148.936431    0.002216    1.577797   -0.023387   11083.630

 ELEM    G211 ================== LENGTH =    2.500000

 LOAD     DC1 ------------------    

 REL DIST          P          V2          V3           T          M2          M3
 0.00000   -0.022350  148.936431    0.002216    1.577797   -0.023387   11083.630
 1.00000   -0.022350  202.892300    0.002216    1.577797   -0.028926   10643.844

 ELEM    G212 ================== LENGTH =    5.000000

 LOAD     DC1 ------------------    

 REL DIST          P          V2          V3           T          M2          M3
 0.00000   -0.026823  218.859384    0.002323    3.291971   -0.016007   10643.844
 1.00000   -0.026823  326.771122    0.002323    3.291971   -0.027622    9279.768

 ELEM    G213 ================== LENGTH =    5.000000

 LOAD     DC1 ------------------    

 REL DIST          P          V2          V3           T          M2          M3
 0.00000   -0.026823  326.771122    0.002323    3.291971   -0.027622    9279.768
 1.00000   -0.026823  420.983468    0.002323    3.291971   -0.039237    7410.382
 Program SAP2000 Nonlinear Version 7.42                            File:SELF.OUT
                                                                            Page
  SYSTEM                                                                      24

 F R A M E   E L E M E N T   I N T E R N A L   F O R C E S

 ELEM    G214 ================== LENGTH =    5.000000

 LOAD     DC1 ------------------    

 REL DIST          P          V2          V3           T          M2          M3
 0.00000   -0.031165  436.954240    0.002098    4.206634   -0.026531    7410.382
 1.00000   -0.031165  527.869587    0.002098    4.206634   -0.037020    4998.322

 ELEM    G215 ================== LENGTH =    5.000000

 LOAD     DC1 ------------------    

 REL DIST          P          V2          V3           T          M2          M3
 0.00000   -0.031165  527.869587    0.002098    4.206634   -0.037020    4998.322
 1.00000   -0.031165  618.784933    0.002098    4.206634   -0.047509    2131.686

 ELEM    G216 ================== LENGTH =    3.500000

 LOAD     DC1 ------------------    

 REL DIST          P          V2          V3           T          M2          M3
 0.00000   -0.035413  636.909392    0.001591   -3.669473   -0.035031    2131.686
 1.00000   -0.035413  687.045597    0.001591   -3.669473   -0.040599 -185.235053

 ELEM    G217 ================== LENGTH =    1.500000

 LOAD     DC1 ------------------    

 REL DIST          P          V2          V3           T          M2          M3
 0.00000   -0.035413  687.045597    0.001591   -3.669473   -0.040599 -185.235053
 1.00000   -0.035413  708.532542    0.001591   -3.669473   -0.042985   -1231.919

 ELEM    G218 ================== LENGTH =    5.000000

 LOAD     DC1 ------------------    

 REL DIST          P          V2          V3           T          M2          M3
 0.00000   -0.035413  708.532542    0.001591   -3.669473   -0.042985   -1231.919
 1.00000   -0.035413  791.635086    0.001591   -3.669473   -0.050939   -4982.338

 ELEM    G219 ================== LENGTH =    5.000000

 LOAD     DC1 ------------------    

 REL DIST          P          V2          V3           T          M2          M3
 0.00000   -0.039517  816.140646    0.010783  -37.921480   -0.038782   -4982.339
 1.00000   -0.039517  918.674062    0.010783  -37.921480   -0.092699   -9319.375
 Program SAP2000 Nonlinear Version 7.42                            File:SELF.OUT
                                                                            Page
  SYSTEM                                                                      25

 F R A M E   E L E M E N T   I N T E R N A L   F O R C E S

 ELEM    G220 ================== LENGTH =    3.500000

 LOAD     DC1 ------------------    

 REL DIST          P          V2          V3           T          M2          M3
 0.00000   -0.039517  918.674062    0.010783  -37.921480   -0.092699   -9319.375
 1.00000   -0.039517    1017.594    0.010783  -37.921480   -0.130441  -12707.844

 ELEM    G221 ================== LENGTH =    1.500000

 LOAD     DC1 ------------------    

 REL DIST          P          V2          V3           T          M2          M3
 0.00000   -0.039517    1017.594    0.010783  -37.921480   -0.130441  -12707.844
 1.00000   -0.039517    1060.550    0.010783  -37.921480   -0.146616  -14266.453

 ELEM    G222 ================== LENGTH =    1.500000

 LOAD     DC1 ------------------    

 REL DIST          P          V2          V3           T          M2          M3
 0.00000    0.011634 -800.876929    0.005796   38.236762   -0.134865  -14266.366
 1.00000    0.011634 -757.920514    0.005796   38.236762   -0.143559  -13097.268

 ELEM    G223 ================== LENGTH =    3.500000

 LOAD     DC1 ------------------    

 REL DIST          P          V2          V3           T          M2          M3
 0.00000    0.011634 -757.920514    0.005796   38.236762   -0.143559  -13097.268
 1.00000    0.011634 -657.688879    0.005796   38.236762   -0.163847  -10619.952

 ELEM    G224 ================== LENGTH =    5.000000

 LOAD     DC1 ------------------    

 REL DIST          P          V2          V3           T          M2          M3
 0.00000    0.011634 -657.688879    0.005796   38.236762   -0.163847  -10619.952
 1.00000    0.011634 -549.474283    0.005796   38.236762   -0.192829   -7602.044

 ELEM    G225 ================== LENGTH =    5.000000

 LOAD     DC1 ------------------    

 REL DIST          P          V2          V3           T          M2          M3
 0.00000    0.008343 -529.431637   -0.004487   15.744326   -0.182489   -7602.043
 1.00000    0.008343 -431.472858   -0.004487   15.744326   -0.160056   -5199.781
 Program SAP2000 Nonlinear Version 7.42                            File:SELF.OUT
                                                                            Page
  SYSTEM                                                                      26

 F R A M E   E L E M E N T   I N T E R N A L   F O R C E S

 ELEM    G226 ================== LENGTH =    1.500000

 LOAD     DC1 ------------------    

 REL DIST          P          V2          V3           T          M2          M3
 0.00000    0.008343 -431.472858   -0.004487   15.744326   -0.160056   -5199.781
 1.00000    0.008343 -407.821331   -0.004487   15.744326   -0.153326   -4570.311

 ELEM    G227 ================== LENGTH =    3.500000

 LOAD     DC1 ------------------    

 REL DIST          P          V2          V3           T          M2          M3
 0.00000    0.008343 -407.821331   -0.004487   15.744326   -0.153326   -4570.311
 1.00000    0.008343 -352.662371   -0.004487   15.744326   -0.137623   -3239.464

 ELEM    G228 ================== LENGTH =    5.000000

 LOAD     DC1 ------------------    

 REL DIST          P          V2          V3           T          M2          M3
 0.00000    0.005716 -330.943316   -0.003759   -3.695465   -0.128768   -3239.465
 1.00000    0.005716 -258.309086   -0.003759   -3.695465   -0.109973   -1766.334

 ELEM    G229 ================== LENGTH =    5.000000

 LOAD     DC1 ------------------    

 REL DIST          P          V2          V3           T          M2          M3
 0.00000    0.005716 -258.309086   -0.003759   -3.695465   -0.109973   -1766.334
 1.00000    0.005716 -185.674856   -0.003759   -3.695465   -0.091177 -656.373774

 ELEM    G230 ================== LENGTH =    5.000000

 LOAD     DC1 ------------------    

 REL DIST          P          V2          V3           T          M2          M3
 0.00000    0.003629 -168.208633   -0.003635  -10.362881   -0.083528 -656.373819
 1.00000    0.003629 -103.471075   -0.003635  -10.362881   -0.065355   22.825452

 ELEM    G231 ================== LENGTH =    5.000000

 LOAD     DC1 ------------------    

 REL DIST          P          V2          V3           T          M2          M3
 0.00000    0.003629 -103.471075   -0.003635  -10.362881   -0.065355   22.825452
 1.00000    0.003629  -38.733517   -0.003635  -10.362881   -0.047182  378.336934
 Program SAP2000 Nonlinear Version 7.42                            File:SELF.OUT
                                                                            Page
  SYSTEM                                                                      27

 F R A M E   E L E M E N T   I N T E R N A L   F O R C E S

 ELEM    G232 ================== LENGTH =    4.685000

 LOAD     DC1 ------------------    

 REL DIST          P          V2          V3           T          M2          M3
 0.00000    0.001930  -20.281991   -0.003563  -25.490170   -0.040337  378.336687
 1.00000    0.001930   40.377101   -0.003563  -25.490170   -0.023644  331.263893

 ELEM    G233 ================== LENGTH =    4.685000

 LOAD     DC1 ------------------    

 REL DIST          P          V2          V3           T          M2          M3
 0.00000    0.001930   40.377101   -0.003563  -25.490170   -0.023644  331.263893
 1.00000    0.001930  101.036192   -0.003563  -25.490170   -0.006952    0.003254

 ELEM    S301 ================== LENGTH =    2.650000

 LOAD     DC1 ------------------    

 REL DIST          P          V2          V3           T          M2          M3
 0.00000    0.000448  -14.048926    0.000149    0.000581    0.000497   -0.001005
 1.00000    0.000448   -9.039684    0.000149    0.000581    0.000103   30.591402

 ELEM    S302 ================== LENGTH =    0.525000

 LOAD     DC1 ------------------    

 REL DIST          P          V2          V3           T          M2          M3
 0.00000    0.000448   -9.039684    0.000149    0.000581    0.000103   30.591402
 1.00000    0.000448   -8.047287    0.000149    0.000581    2.51E-05   35.076732

 ELEM    S303 ================== LENGTH =    3.175000

 LOAD     DC1 ------------------    

 REL DIST          P          V2          V3           T          M2          M3
 0.00000    0.000448   -8.047287    0.000149    0.000581    2.51E-05   35.076732
 1.00000    0.000448   -2.045648    0.000149    0.000581   -0.000447   51.099266

 ELEM    S304 ================== LENGTH =    5.000000

 LOAD     DC1 ------------------    

 REL DIST          P          V2          V3           T          M2          M3
 0.00000    0.001019  -12.265050    5.89E-05    0.000470    0.000284   51.098830
 1.00000    0.001019   -2.813650    5.89E-05    0.000470   -1.10E-05   88.795580
 Program SAP2000 Nonlinear Version 7.42                            File:SELF.OUT
                                                                            Page
  SYSTEM                                                                      28

 F R A M E   E L E M E N T   I N T E R N A L   F O R C E S

 ELEM    S305 ================== LENGTH =    5.000000

 LOAD     DC1 ------------------    

 REL DIST          P          V2          V3           T          M2          M3
 0.00000    0.001019   -2.813650    5.89E-05    0.000470   -1.10E-05   88.795580
 1.00000    0.001019    6.637750    5.89E-05    0.000470   -0.000306   79.235331

 ELEM    S306 ================== LENGTH =    5.000000

 LOAD     DC1 ------------------    

 REL DIST          P          V2          V3           T          M2          M3
 0.00000    0.001548  -10.314753    6.54E-05    0.000111    0.000324   79.235419
 1.00000    0.001548   -0.863353    6.54E-05    0.000111   -3.17E-06  107.180682

 ELEM    S307 ================== LENGTH =    5.000000

 LOAD     DC1 ------------------    

 REL DIST          P          V2          V3           T          M2          M3
 0.00000    0.001548   -0.863353    6.54E-05    0.000111   -3.17E-06  107.180682
 1.00000    0.001548    8.588047    6.54E-05    0.000111   -0.000330   87.868945

 ELEM    S308 ================== LENGTH =    5.000000

 LOAD     DC1 ------------------    

 REL DIST          P          V2          V3           T          M2          M3
 0.00000    0.002072   -9.935894    5.70E-05   -0.000342    0.000292   87.869060
 1.00000    0.002072   -0.484494    5.70E-05   -0.000342    7.16E-06  113.920031

 ELEM    S309 ================== LENGTH =    5.000000

 LOAD     DC1 ------------------    

 REL DIST          P          V2          V3           T          M2          M3
 0.00000    0.002072   -0.484494    5.70E-05   -0.000342    7.16E-06  113.920031
 1.00000    0.002072    8.966906    5.70E-05   -0.000342   -0.000278   92.714002

 ELEM    S310 ================== LENGTH =    2.500000

 LOAD     DC1 ------------------    

 REL DIST          P          V2          V3           T          M2          M3
 0.00000    0.002646   -3.522256    0.000190    0.000158    0.000468   92.714514
 1.00000    0.002646    1.203444    0.000190    0.000158   -6.24E-06   95.613029
 Program SAP2000 Nonlinear Version 7.42                            File:SELF.OUT
                                                                            Page
  SYSTEM                                                                      29

 F R A M E   E L E M E N T   I N T E R N A L   F O R C E S

 ELEM    S311 ================== LENGTH =    2.500000

 LOAD     DC1 ------------------    

 REL DIST          P          V2          V3           T          M2          M3
 0.00000    0.002646    1.203444    0.000190    0.000158   -6.24E-06   95.613029
 1.00000    0.002646    5.929144    0.000190    0.000158   -0.000481   86.697293

 ELEM    S312 ================== LENGTH =    5.000000

 LOAD     DC1 ------------------    

 REL DIST          P          V2          V3           T          M2          M3
 0.00000    0.003206   -8.055166    5.25E-05    5.97E-05    0.000245   86.696577
 1.00000    0.003206    1.396234    5.25E-05    5.97E-05   -1.81E-05  103.343907

 ELEM    S313 ================== LENGTH =    5.000000

 LOAD     DC1 ------------------    

 REL DIST          P          V2          V3           T          M2          M3
 0.00000    0.003206    1.396234    5.25E-05    5.97E-05   -1.81E-05  103.343907
 1.00000    0.003206   10.847634    5.25E-05    5.97E-05   -0.000281   72.734238

 ELEM    S314 ================== LENGTH =    5.000000

 LOAD     DC1 ------------------    

 REL DIST          P          V2          V3           T          M2          M3
 0.00000    0.003658   -3.384944    5.27E-05    0.000183    0.000256   72.734385
 1.00000    0.003658    6.066456    5.27E-05    0.000183   -7.77E-06   66.030606

 ELEM    S315 ================== LENGTH =    5.000000

 LOAD     DC1 ------------------    

 REL DIST          P          V2          V3           T          M2          M3
 0.00000    0.003658    6.066456    5.27E-05    0.000183   -7.77E-06   66.030606
 1.00000    0.003658   15.517856    5.27E-05    0.000183   -0.000271   12.069827

 ELEM    S316 ================== LENGTH =    3.500000

 LOAD     DC1 ------------------    

 REL DIST          P          V2          V3           T          M2          M3
 0.00000    0.004055   -1.391170    4.31E-05    0.000258    0.000204   12.069558
 1.00000    0.004055    5.224810    4.31E-05    0.000258    5.32E-05    5.360689
 Program SAP2000 Nonlinear Version 7.42                            File:SELF.OUT
                                                                            Page
  SYSTEM                                                                      30

 F R A M E   E L E M E N T   I N T E R N A L   F O R C E S

 ELEM    S317 ================== LENGTH =    1.500000

 LOAD     DC1 ------------------    

 REL DIST          P          V2          V3           T          M2          M3
 0.00000    0.004055    5.224810    4.31E-05    0.000258    5.32E-05    5.360689
 1.00000    0.004055    8.060230    4.31E-05    0.000258   -1.14E-05   -4.603091

 ELEM    S318 ================== LENGTH =    5.000000

 LOAD     DC1 ------------------    

 REL DIST          P          V2          V3           T          M2          M3
 0.00000    0.004055    8.060230    4.31E-05    0.000258   -1.14E-05   -4.603091
 1.00000    0.004055   17.511630    4.31E-05    0.000258   -0.000227  -68.532740

 ELEM    S319 ================== LENGTH =    5.000000

 LOAD     DC1 ------------------    

 REL DIST          P          V2          V3           T          M2          M3
 0.00000    0.004365   -6.355216    3.11E-05   -0.001229    0.000142  -68.531834
 1.00000    0.004365    3.096184    3.11E-05   -0.001229   -1.38E-05  -60.384254

 ELEM    S320 ================== LENGTH =    3.500000

 LOAD     DC1 ------------------    

 REL DIST          P          V2          V3           T          M2          M3
 0.00000    0.004365    3.096184    3.11E-05   -0.001229   -1.38E-05  -60.384254
 1.00000    0.004365    9.712164    3.11E-05   -0.001229   -0.000123  -82.798863

 ELEM    S321 ================== LENGTH =    1.500000

 LOAD     DC1 ------------------    

 REL DIST          P          V2          V3           T          M2          M3
 0.00000    0.004365    9.712164    3.11E-05   -0.001229   -0.000123  -82.798863
 1.00000    0.004365   12.547584    3.11E-05   -0.001229   -0.000169  -99.493674

 ELEM    S322 ================== LENGTH =    1.500000

 LOAD     DC1 ------------------    

 REL DIST          P          V2          V3           T          M2          M3
 0.00000    0.004496  -11.523898   -1.90E-06    0.000952   -2.26E-05  -99.492112
 1.00000    0.004496   -8.688478   -1.90E-06    0.000952   -1.98E-05  -84.332830
 Program SAP2000 Nonlinear Version 7.42                            File:SELF.OUT
                                                                            Page
  SYSTEM                                                                      31

 F R A M E   E L E M E N T   I N T E R N A L   F O R C E S

 ELEM    S323 ================== LENGTH =    3.500000

 LOAD     DC1 ------------------    

 REL DIST          P          V2          V3           T          M2          M3
 0.00000    0.004496   -8.688478   -1.90E-06    0.000952   -1.98E-05  -84.332830
 1.00000    0.004496   -2.072498   -1.90E-06    0.000952   -1.31E-05  -65.501120

 ELEM    S324 ================== LENGTH =    5.000000

 LOAD     DC1 ------------------    

 REL DIST          P          V2          V3           T          M2          M3
 0.00000    0.004496   -2.072498   -1.90E-06    0.000952   -1.31E-05  -65.501120
 1.00000    0.004496    7.378902   -1.90E-06    0.000952   -3.67E-06  -78.767128

 ELEM    S325 ================== LENGTH =    5.000000

 LOAD     DC1 ------------------    

 REL DIST          P          V2          V3           T          M2          M3
 0.00000    0.004250  -10.778134   -5.72E-05    0.000384   -0.000301  -78.768237
 1.00000    0.004250   -1.326734   -5.72E-05    0.000384   -1.49E-05  -48.506068

 ELEM    S326 ================== LENGTH =    1.500000

 LOAD     DC1 ------------------    

 REL DIST          P          V2          V3           T          M2          M3
 0.00000    0.004250   -1.326734   -5.72E-05    0.000384   -1.49E-05  -48.506068
 1.00000    0.004250    1.508686   -5.72E-05    0.000384    7.08E-05  -48.642533

 ELEM    S327 ================== LENGTH =    3.500000

 LOAD     DC1 ------------------    

 REL DIST          P          V2          V3           T          M2          M3
 0.00000    0.004250    1.508686   -5.72E-05    0.000384    7.08E-05  -48.642533
 1.00000    0.004250    8.124666   -5.72E-05    0.000384    0.000271  -65.500900

 ELEM    S328 ================== LENGTH =    5.000000

 LOAD     DC1 ------------------    

 REL DIST          P          V2          V3           T          M2          M3
 0.00000    0.003543  -13.456961   -0.000112   -0.000267   -0.000570  -65.500581
 1.00000    0.003543   -4.005561   -0.000112   -0.000267   -1.24E-05  -21.844274
 Program SAP2000 Nonlinear Version 7.42                            File:SELF.OUT
                                                                            Page
  SYSTEM                                                                      32

 F R A M E   E L E M E N T   I N T E R N A L   F O R C E S

 ELEM    S329 ================== LENGTH =    5.000000

 LOAD     DC1 ------------------    

 REL DIST          P          V2          V3           T          M2          M3
 0.00000    0.003543   -4.005561   -0.000112   -0.000267   -1.24E-05  -21.844274
 1.00000    0.003543    5.445839   -0.000112   -0.000267    0.000546  -25.444968

 ELEM    S330 ================== LENGTH =    5.000000

 LOAD     DC1 ------------------    

 REL DIST          P          V2          V3           T          M2          M3
 0.00000    0.002464  -11.447476   -0.000144   -0.000161   -0.000737  -25.444932
 1.00000    0.002464   -1.996076   -0.000144   -0.000161   -1.62E-05    8.163948

 ELEM    S331 ================== LENGTH =    5.000000

 LOAD     DC1 ------------------    

 REL DIST          P          V2          V3           T          M2          M3
 0.00000    0.002464   -1.996076   -0.000144   -0.000161   -1.62E-05    8.163948
 1.00000    0.002464    7.455324   -0.000144   -0.000161    0.000705   -5.484173

 ELEM    S332 ================== LENGTH =    4.685000

 LOAD     DC1 ------------------    

 REL DIST          P          V2          V3           T          M2          M3
 0.00000    0.001102   -9.440853   -0.000216   -0.001078   -0.000958   -5.483860
 1.00000    0.001102   -0.584892   -0.000216   -0.001078    5.33E-05   18.001448

 ELEM    S333 ================== LENGTH =    4.685000

 LOAD     DC1 ------------------    

 REL DIST          P          V2          V3           T          M2          M3
 0.00000    0.001102   -0.584892   -0.000216   -0.001078    5.33E-05   18.001448
 1.00000    0.001102    8.271070   -0.000216   -0.001078    0.001065   -0.003426

 ELEM   S11-1 ================== LENGTH =    1.414214

 LOAD     DC1 ------------------    

 REL DIST          P          V2          V3           T          M2          M3
 0.00000 -230.706479   32.953517     .000000     .000000    7.45E-09   46.603311
 1.00000 -230.706479   32.953517     .000000     .000000    7.45E-09    4.81E-14
 Program SAP2000 Nonlinear Version 7.42                            File:SELF.OUT
                                                                            Page
  SYSTEM                                                                      33

 F R A M E   E L E M E N T   I N T E R N A L   F O R C E S

 ELEM   S11-2 ================== LENGTH =    1.431782

 LOAD     DC1 ------------------    

 REL DIST          P          V2          V3           T          M2          M3
 0.00000 -431.561614   92.477489     .000000    5.82E-10     .000000  132.407614
 1.00000 -431.561614   92.477489     .000000    5.82E-10     .000000   -2.40E-13

 ELEM   S12-1 ================== LENGTH =    1.600000

 LOAD     DC1 ------------------    

 REL DIST          P          V2          V3           T          M2          M3
 0.00000   -1290.452   -1.012524    0.011614     .000000    0.018582   -1.620039
 1.00000   -1290.452   -1.012524    0.011614     .000000    7.28E-13   -2.79E-09

 ELEM   S12-2 ================== LENGTH =    1.627882

 LOAD     DC1 ------------------    

 REL DIST          P          V2          V3           T          M2          M3
 0.00000 -596.098828  111.768530    1.067586   -5.82E-11    1.737903  181.945985
 1.00000 -596.098828  111.768530    1.067586   -5.82E-11   -3.66E-09   -3.18E-12

 ELEM   S13-1 ================== LENGTH =    1.414214

 LOAD     DC1 ------------------    

 REL DIST          P          V2          V3           T          M2          M3
 0.00000  336.068965  -48.017033   -7.45E-09     .000000   -3.73E-09  -67.906339
 1.00000  336.068965  -48.017033   -7.45E-09     .000000    6.81E-09    2.64E-12

 ELEM   S13-2 ================== LENGTH =    1.400000

 LOAD     DC1 ------------------    

 REL DIST          P          V2          V3           T          M2          M3
 0.00000 -463.076470     .000000     .000000   -1.42E-14    9.09E-13   -3.73E-09
 1.00000 -463.076470     .000000     .000000   -1.42E-14    9.09E-13   -3.73E-09

 ELEM   S21-1 ================== LENGTH =    1.400000

 LOAD     DC1 ------------------    

 REL DIST          P          V2          V3           T          M2          M3
 0.00000 -330.240803     .000000    1.16E-10     .000000    1.16E-10    7.45E-09
 1.00000 -330.240803     .000000    1.16E-10     .000000   -4.66E-11    7.45E-09
 Program SAP2000 Nonlinear Version 7.42                            File:SELF.OUT
                                                                            Page
  SYSTEM                                                                      34

 F R A M E   E L E M E N T   I N T E R N A L   F O R C E S

 ELEM   S21-2 ================== LENGTH =    1.400000

 LOAD     DC1 ------------------    

 REL DIST          P          V2          V3           T          M2          M3
 0.00000 -330.240803     .000000    1.16E-10     .000000    1.16E-10    7.45E-09
 1.00000 -330.240803     .000000    1.16E-10     .000000   -4.66E-11    7.45E-09
